<html>
<head>
<title>TestNG:  Test</title>
<link href="../testng.css" rel="stylesheet" type="text/css" />
<link href="../my-testng.css" rel="stylesheet" type="text/css" />

<style type="text/css">
.log { display: none;} 
.stack-trace { display: none;} 
</style>
<script type="text/javascript">
<!--
function flip(e) {
  current = e.style.display;
  if (current == 'block') {
    e.style.display = 'none';
    return 0;
  }
  else {
    e.style.display = 'block';
    return 1;
  }
}

function toggleBox(szDivId, elem, msg1, msg2)
{
  var res = -1;  if (document.getElementById) {
    res = flip(document.getElementById(szDivId));
  }
  else if (document.all) {
    // this is the way old msie versions work
    res = flip(document.all[szDivId]);
  }
  if(elem) {
    if(res == 0) elem.innerHTML = msg1; else elem.innerHTML = msg2;
  }

}

function toggleAllBoxes() {
  if (document.getElementsByTagName) {
    d = document.getElementsByTagName('div');
    for (i = 0; i < d.length; i++) {
      if (d[i].className == 'log') {
        flip(d[i]);
      }
    }
  }
}

// -->
</script>

</head>
<body>
<h2 align='center'>Test</h2><table border='1' align="center">
<tr>
<td>Tests passed/Failed/Skipped:</td><td>28/2/0</td>
</tr><tr>
<td>Started on:</td><td>Mon Oct 18 20:42:52 IST 2021</td>
</tr>
<tr><td>Total time:</td><td>1702 seconds (1702080 ms)</td>
</tr><tr>
<td>Included groups:</td><td></td>
</tr><tr>
<td>Excluded groups:</td><td></td>
</tr>
</table><p/>
<small><i>(Hover the method name to see the test class name)</i></small><p/>
<table width='100%' border='1' class='invocation-failed'>
<tr><td colspan='4' align='center'><b>FAILED TESTS</b></td></tr>
<tr><td><b>Test method</b></td>
<td width="30%"><b>Exception</b></td>
<td width="10%"><b>Time (seconds)</b></td>
<td><b>Instance</b></td>
</tr>
<tr>
<td title='com.buffalocart.Test.DeleteRolesTest.verifyUserCanDeleteRole()'><b>verifyUserCanDeleteRole</b><br>Test class: com.buffalocart.Test.DeleteRolesTest<br>Test method: TC_025_Verify user can delete a role</td>
<td><div><pre>org.openqa.selenium.NoSuchElementException: no such element: Unable to locate element: {&quot;method&quot;:&quot;xpath&quot;,&quot;selector&quot;:&quot;//button[@class=&apos;swal-button swal-button--confirm swal-button--danger&apos;]&quot;}
  (Session info: chrome=94.0.4606.81)
For documentation on this error, please visit: https://www.seleniumhq.org/exceptions/no_such_element.html
Build info: version: &apos;3.141.59&apos;, revision: &apos;e82be7d358&apos;, time: &apos;2018-11-14T08:17:03&apos;
System info: host: &apos;ACHUS_MACHINE&apos;, ip: &apos;192.168.1.101&apos;, os.name: &apos;Windows 10&apos;, os.arch: &apos;amd64&apos;, os.version: &apos;10.0&apos;, java.version: &apos;1.8.0_301&apos;
Driver info: org.openqa.selenium.chrome.ChromeDriver
Capabilities {acceptInsecureCerts: false, browserName: chrome, browserVersion: 94.0.4606.81, chrome: {chromedriverVersion: 94.0.4606.61 (418b78f5838ed..., userDataDir: C:\Users\archa\AppData\Loca...}, goog:chromeOptions: {debuggerAddress: localhost:50188}, javascriptEnabled: true, networkConnectionEnabled: false, pageLoadStrategy: normal, platform: WINDOWS, platformName: WINDOWS, proxy: Proxy(), setWindowRect: true, strictFileInteractability: false, timeouts: {implicit: 0, pageLoad: 300000, script: 30000}, unhandledPromptBehavior: dismiss and notify, webauthn:extension:credBlob: true, webauthn:extension:largeBlob: true, webauthn:virtualAuthenticators: true}
Session ID: e82919a610865664ddf27fce915b1835
*** Element info: {Using=xpath, value=//button[@class=&apos;swal-button swal-button--confirm swal-button--danger&apos;]}
	at org.openqa.selenium.remote.http.W3CHttpResponseCodec.createException(W3CHttpResponseCodec.java:187)
	at org.openqa.selenium.remote.http.W3CHttpResponseCodec.decode(W3CHttpResponseCodec.java:122)
	at org.openqa.selenium.remote.http.W3CHttpResponseCodec.decode(W3CHttpResponseCodec.java:49)
	at org.openqa.selenium.remote.HttpCommandExecutor.execute(HttpCommandExecutor.java:158)
	at org.openqa.selenium.remote.service.DriverCommandExecutor.execute(DriverCommandExecutor.java:83)
	at org.openqa.selenium.remote.RemoteWebDriver.execute(RemoteWebDriver.java:552)
	at org.openqa.selenium.remote.RemoteWebDriver.findElement(RemoteWebDriver.java:323)
	at org.openqa.selenium.remote.RemoteWebDriver.findElementByXPath(RemoteWebDriver.java:428)
	at org.openqa.selenium.By$ByXPath.findElement(By.java:353)
	at org.openqa.selenium.remote.RemoteWebDriver.findElement(RemoteWebDriver.java:315)
	at org.openqa.selenium.support.pagefactory.DefaultElementLocator.findElement(DefaultElementLocator.java:69)
	at org.openqa.selenium.support.pagefactory.internal.LocatingElementHandler.invoke(LocatingElementHandler.java:38)
	at com.sun.proxy.$Proxy10.click(Unknown Source)
	at com.buffalocart.utilities.PageUtility.clickOnElement(PageUtility.java:16)
	at com.buffalocart.pages.DeleteRolesPage.clickOnDeleteButton(DeleteRolesPage.java:31)
	at com.buffalocart.Test.DeleteRolesTest.verifyUserCanDeleteRole(DeleteRolesTest.java:48)
	at java.util.ArrayList.forEach(ArrayList.java:1259)
... Removed 31 stack frames</pre></div><a href='#' onClick='toggleBox("stack-trace1680079783", this, "Click to show all stack frames", "Click to hide stack frames")'>Click to show all stack frames</a>
<div class='stack-trace' id='stack-trace1680079783'><pre>org.openqa.selenium.NoSuchElementException: no such element: Unable to locate element: {&quot;method&quot;:&quot;xpath&quot;,&quot;selector&quot;:&quot;//button[@class=&apos;swal-button swal-button--confirm swal-button--danger&apos;]&quot;}
  (Session info: chrome=94.0.4606.81)
For documentation on this error, please visit: https://www.seleniumhq.org/exceptions/no_such_element.html
Build info: version: &apos;3.141.59&apos;, revision: &apos;e82be7d358&apos;, time: &apos;2018-11-14T08:17:03&apos;
System info: host: &apos;ACHUS_MACHINE&apos;, ip: &apos;192.168.1.101&apos;, os.name: &apos;Windows 10&apos;, os.arch: &apos;amd64&apos;, os.version: &apos;10.0&apos;, java.version: &apos;1.8.0_301&apos;
Driver info: org.openqa.selenium.chrome.ChromeDriver
Capabilities {acceptInsecureCerts: false, browserName: chrome, browserVersion: 94.0.4606.81, chrome: {chromedriverVersion: 94.0.4606.61 (418b78f5838ed..., userDataDir: C:\Users\archa\AppData\Loca...}, goog:chromeOptions: {debuggerAddress: localhost:50188}, javascriptEnabled: true, networkConnectionEnabled: false, pageLoadStrategy: normal, platform: WINDOWS, platformName: WINDOWS, proxy: Proxy(), setWindowRect: true, strictFileInteractability: false, timeouts: {implicit: 0, pageLoad: 300000, script: 30000}, unhandledPromptBehavior: dismiss and notify, webauthn:extension:credBlob: true, webauthn:extension:largeBlob: true, webauthn:virtualAuthenticators: true}
Session ID: e82919a610865664ddf27fce915b1835
*** Element info: {Using=xpath, value=//button[@class=&apos;swal-button swal-button--confirm swal-button--danger&apos;]}
	at sun.reflect.NativeConstructorAccessorImpl.newInstance0(Native Method)
	at sun.reflect.NativeConstructorAccessorImpl.newInstance(NativeConstructorAccessorImpl.java:62)
	at sun.reflect.DelegatingConstructorAccessorImpl.newInstance(DelegatingConstructorAccessorImpl.java:45)
	at java.lang.reflect.Constructor.newInstance(Constructor.java:423)
	at org.openqa.selenium.remote.http.W3CHttpResponseCodec.createException(W3CHttpResponseCodec.java:187)
	at org.openqa.selenium.remote.http.W3CHttpResponseCodec.decode(W3CHttpResponseCodec.java:122)
	at org.openqa.selenium.remote.http.W3CHttpResponseCodec.decode(W3CHttpResponseCodec.java:49)
	at org.openqa.selenium.remote.HttpCommandExecutor.execute(HttpCommandExecutor.java:158)
	at org.openqa.selenium.remote.service.DriverCommandExecutor.execute(DriverCommandExecutor.java:83)
	at org.openqa.selenium.remote.RemoteWebDriver.execute(RemoteWebDriver.java:552)
	at org.openqa.selenium.remote.RemoteWebDriver.findElement(RemoteWebDriver.java:323)
	at org.openqa.selenium.remote.RemoteWebDriver.findElementByXPath(RemoteWebDriver.java:428)
	at org.openqa.selenium.By$ByXPath.findElement(By.java:353)
	at org.openqa.selenium.remote.RemoteWebDriver.findElement(RemoteWebDriver.java:315)
	at org.openqa.selenium.support.pagefactory.DefaultElementLocator.findElement(DefaultElementLocator.java:69)
	at org.openqa.selenium.support.pagefactory.internal.LocatingElementHandler.invoke(LocatingElementHandler.java:38)
	at com.sun.proxy.$Proxy10.click(Unknown Source)
	at com.buffalocart.utilities.PageUtility.clickOnElement(PageUtility.java:16)
	at com.buffalocart.pages.DeleteRolesPage.clickOnDeleteButton(DeleteRolesPage.java:31)
	at com.buffalocart.Test.DeleteRolesTest.verifyUserCanDeleteRole(DeleteRolesTest.java:48)
	at sun.reflect.NativeMethodAccessorImpl.invoke0(Native Method)
	at sun.reflect.NativeMethodAccessorImpl.invoke(NativeMethodAccessorImpl.java:62)
	at sun.reflect.DelegatingMethodAccessorImpl.invoke(DelegatingMethodAccessorImpl.java:43)
	at java.lang.reflect.Method.invoke(Method.java:498)
	at org.testng.internal.MethodInvocationHelper.invokeMethod(MethodInvocationHelper.java:133)
	at org.testng.internal.TestInvoker.invokeMethod(TestInvoker.java:598)
	at org.testng.internal.TestInvoker.invokeTestMethod(TestInvoker.java:173)
	at org.testng.internal.MethodRunner.runInSequence(MethodRunner.java:46)
	at org.testng.internal.TestInvoker$MethodInvocationAgent.invoke(TestInvoker.java:824)
	at org.testng.internal.TestInvoker.invokeTestMethods(TestInvoker.java:146)
	at org.testng.internal.TestMethodWorker.invokeTestMethods(TestMethodWorker.java:146)
	at org.testng.internal.TestMethodWorker.run(TestMethodWorker.java:128)
	at java.util.ArrayList.forEach(ArrayList.java:1259)
	at org.testng.TestRunner.privateRun(TestRunner.java:794)
	at org.testng.TestRunner.run(TestRunner.java:596)
	at org.testng.SuiteRunner.runTest(SuiteRunner.java:377)
	at org.testng.SuiteRunner.runSequentially(SuiteRunner.java:371)
	at org.testng.SuiteRunner.privateRun(SuiteRunner.java:332)
	at org.testng.SuiteRunner.run(SuiteRunner.java:276)
	at org.testng.SuiteRunnerWorker.runSuite(SuiteRunnerWorker.java:53)
	at org.testng.SuiteRunnerWorker.run(SuiteRunnerWorker.java:96)
	at org.testng.TestNG.runSuitesSequentially(TestNG.java:1212)
	at org.testng.TestNG.runSuitesLocally(TestNG.java:1134)
	at org.testng.TestNG.runSuites(TestNG.java:1063)
	at org.testng.TestNG.run(TestNG.java:1031)
	at org.testng.remote.AbstractRemoteTestNG.run(AbstractRemoteTestNG.java:115)
	at org.testng.remote.RemoteTestNG.initAndRun(RemoteTestNG.java:251)
	at org.testng.remote.RemoteTestNG.main(RemoteTestNG.java:77)
</pre></div></td>
<td>10</td>
<td>com.buffalocart.Test.DeleteRolesTest@7f77e91b</td></tr>
<tr>
<td title='com.buffalocart.Test.UpdateUsersTest.verifyEditUserpageTitle()'><b>verifyEditUserpageTitle</b><br>Test class: com.buffalocart.Test.UpdateUsersTest<br>Test method: TC_016_Verify Edit User page title</td>
<td><div><pre>java.lang.ArithmeticException: / by zero
	at com.buffalocart.utilities.TableUtility.actionData(TableUtility.java:45)
	at com.buffalocart.pages.UsersPage.ClickonEditButton(UsersPage.java:77)
	at com.buffalocart.Test.UpdateUsersTest.verifyEditUserpageTitle(UpdateUsersTest.java:49)
	at java.util.ArrayList.forEach(ArrayList.java:1259)
... Removed 27 stack frames</pre></div><a href='#' onClick='toggleBox("stack-trace384156063", this, "Click to show all stack frames", "Click to hide stack frames")'>Click to show all stack frames</a>
<div class='stack-trace' id='stack-trace384156063'><pre>java.lang.ArithmeticException: / by zero
	at com.buffalocart.utilities.TableUtility.actionData(TableUtility.java:45)
	at com.buffalocart.pages.UsersPage.ClickonEditButton(UsersPage.java:77)
	at com.buffalocart.Test.UpdateUsersTest.verifyEditUserpageTitle(UpdateUsersTest.java:49)
	at sun.reflect.NativeMethodAccessorImpl.invoke0(Native Method)
	at sun.reflect.NativeMethodAccessorImpl.invoke(NativeMethodAccessorImpl.java:62)
	at sun.reflect.DelegatingMethodAccessorImpl.invoke(DelegatingMethodAccessorImpl.java:43)
	at java.lang.reflect.Method.invoke(Method.java:498)
	at org.testng.internal.MethodInvocationHelper.invokeMethod(MethodInvocationHelper.java:133)
	at org.testng.internal.TestInvoker.invokeMethod(TestInvoker.java:598)
	at org.testng.internal.TestInvoker.invokeTestMethod(TestInvoker.java:173)
	at org.testng.internal.MethodRunner.runInSequence(MethodRunner.java:46)
	at org.testng.internal.TestInvoker$MethodInvocationAgent.invoke(TestInvoker.java:824)
	at org.testng.internal.TestInvoker.invokeTestMethods(TestInvoker.java:146)
	at org.testng.internal.TestMethodWorker.invokeTestMethods(TestMethodWorker.java:146)
	at org.testng.internal.TestMethodWorker.run(TestMethodWorker.java:128)
	at java.util.ArrayList.forEach(ArrayList.java:1259)
	at org.testng.TestRunner.privateRun(TestRunner.java:794)
	at org.testng.TestRunner.run(TestRunner.java:596)
	at org.testng.SuiteRunner.runTest(SuiteRunner.java:377)
	at org.testng.SuiteRunner.runSequentially(SuiteRunner.java:371)
	at org.testng.SuiteRunner.privateRun(SuiteRunner.java:332)
	at org.testng.SuiteRunner.run(SuiteRunner.java:276)
	at org.testng.SuiteRunnerWorker.runSuite(SuiteRunnerWorker.java:53)
	at org.testng.SuiteRunnerWorker.run(SuiteRunnerWorker.java:96)
	at org.testng.TestNG.runSuitesSequentially(TestNG.java:1212)
	at org.testng.TestNG.runSuitesLocally(TestNG.java:1134)
	at org.testng.TestNG.runSuites(TestNG.java:1063)
	at org.testng.TestNG.run(TestNG.java:1031)
	at org.testng.remote.AbstractRemoteTestNG.run(AbstractRemoteTestNG.java:115)
	at org.testng.remote.RemoteTestNG.initAndRun(RemoteTestNG.java:251)
	at org.testng.remote.RemoteTestNG.main(RemoteTestNG.java:77)
</pre></div></td>
<td>8</td>
<td>com.buffalocart.Test.UpdateUsersTest@4d826d77</td></tr>
</table><p>
<table width='100%' border='1' class='invocation-passed'>
<tr><td colspan='4' align='center'><b>PASSED TESTS</b></td></tr>
<tr><td><b>Test method</b></td>
<td width="30%"><b>Exception</b></td>
<td width="10%"><b>Time (seconds)</b></td>
<td><b>Instance</b></td>
</tr>
<tr>
<td title='com.buffalocart.Test.HomeTest.verifyHomepageTitle()'><b>verifyHomepageTitle</b><br>Test class: com.buffalocart.Test.HomeTest<br>Test method: TC_006_Verify home page title</td>
<td></td>
<td>10</td>
<td>com.buffalocart.Test.HomeTest@29ba4338</td></tr>
<tr>
<td title='com.buffalocart.Test.ViewUserTest.verifyDetailsDisplayedOnViewuserPage()'><b>verifyDetailsDisplayedOnViewuserPage</b><br>Test class: com.buffalocart.Test.ViewUserTest<br>Test method: TC_019_Verify  the details displayed on view user page</td>
<td></td>
<td>11</td>
<td>com.buffalocart.Test.ViewUserTest@145eaa29</td></tr>
<tr>
<td title='com.buffalocart.Test.LoginTest.verifyUserLoginWithValidUserCredentials()'><b>verifyUserLoginWithValidUserCredentials</b><br>Test class: com.buffalocart.Test.LoginTest<br>Test method: TC_002_Verify user login with valid user credentials</td>
<td></td>
<td>9</td>
<td>com.buffalocart.Test.LoginTest@221af3c0</td></tr>
<tr>
<td title='com.buffalocart.Test.SalesCommisionAgentTest.verifySalesCommisionAgentpageTitle()'><b>verifySalesCommisionAgentpageTitle</b><br>Test class: com.buffalocart.Test.SalesCommisionAgentTest<br>Test method: TC_027_Verify Sales Commission Agents page title</td>
<td></td>
<td>12</td>
<td>com.buffalocart.Test.SalesCommisionAgentTest@44a664f2</td></tr>
<tr>
<td title='com.buffalocart.Test.UpdateRolesTest.verifyUserCanUpdateRole()'><b>verifyUserCanUpdateRole</b><br>Test class: com.buffalocart.Test.UpdateRolesTest<br>Test method: TC_024_Verify user can update a role </td>
<td></td>
<td>154</td>
<td>com.buffalocart.Test.UpdateRolesTest@1a38c59b</td></tr>
<tr>
<td title='com.buffalocart.Test.AddRolesTest.VerifyUserCanAddRoles()'><b>VerifyUserCanAddRoles</b><br>Test class: com.buffalocart.Test.AddRolesTest<br>Test method: TC_022_Verify  user can add roles </td>
<td></td>
<td>55</td>
<td>com.buffalocart.Test.AddRolesTest@448ff1a8</td></tr>
<tr>
<td title='com.buffalocart.Test.UpdateUsersTest.verifyUserCanEditUserDetails()'><b>verifyUserCanEditUserDetails</b><br>Test class: com.buffalocart.Test.UpdateUsersTest<br>Test method: TC_017_Verify user can edit the user details </td>
<td></td>
<td>76</td>
<td>com.buffalocart.Test.UpdateUsersTest@4d826d77</td></tr>
<tr>
<td title='com.buffalocart.Test.UsersTest.verifyUserspageTitle()'><b>verifyUserspageTitle</b><br>Test class: com.buffalocart.Test.UsersTest<br>Test method: TC_010_Verify Users page title</td>
<td></td>
<td>13</td>
<td>com.buffalocart.Test.UsersTest@770c2e6b</td></tr>
<tr>
<td title='com.buffalocart.Test.AddUsersTest.verifyErrorMessageDisplayedWithoutFillingMandatoryFields()'><b>verifyErrorMessageDisplayedWithoutFillingMandatoryFields</b><br>Test class: com.buffalocart.Test.AddUsersTest<br>Test method: TC_012_Verify the error message displayed without filling mandatory fields in add user form</td>
<td></td>
<td>15</td>
<td>com.buffalocart.Test.AddUsersTest@1a052a00</td></tr>
<tr>
<td title='com.buffalocart.Test.UsersTest.verifyUserSearch()'><b>verifyUserSearch</b><br>Test class: com.buffalocart.Test.UsersTest<br>Test method: TC_011_Verify user search</td>
<td></td>
<td>54</td>
<td>com.buffalocart.Test.UsersTest@770c2e6b</td></tr>
<tr>
<td title='com.buffalocart.Test.AddRolesTest.verifyRolespageTitle()'><b>verifyRolespageTitle</b><br>Test class: com.buffalocart.Test.AddRolesTest<br>Test method: TC_021_Verify Add Roles page title</td>
<td></td>
<td>12</td>
<td>com.buffalocart.Test.AddRolesTest@448ff1a8</td></tr>
<tr>
<td title='com.buffalocart.Test.LoginTest.verifyLoginpageTitle()'><b>verifyLoginpageTitle</b><br>Test class: com.buffalocart.Test.LoginTest<br>Test method: TC_001_Verify login page title</td>
<td></td>
<td>0</td>
<td>com.buffalocart.Test.LoginTest@221af3c0</td></tr>
<tr>
<td title='com.buffalocart.Test.LoginTest.verifyUserAbleToClickOnRememeberMeCheckbox()'><b>verifyUserAbleToClickOnRememeberMeCheckbox</b><br>Test class: com.buffalocart.Test.LoginTest<br>Test method: TC_004_Verify User is able to click on rememeberme Checkbox</td>
<td></td>
<td>0</td>
<td>com.buffalocart.Test.LoginTest@221af3c0</td></tr>
<tr>
<td title='com.buffalocart.Test.AddUsersTest.verifyUserCanAddUserDetails()'><b>verifyUserCanAddUserDetails</b><br>Test class: com.buffalocart.Test.AddUsersTest<br>Test method: TC_014_Verify User can AddUser Details</td>
<td></td>
<td>95</td>
<td>com.buffalocart.Test.AddUsersTest@1a052a00</td></tr>
<tr>
<td title='com.buffalocart.Test.HomeTest.VerifyDateDisplayedInHomepage()'><b>VerifyDateDisplayedInHomepage</b><br>Test class: com.buffalocart.Test.HomeTest<br>Test method: TC_007_Verify date displayed in home page </td>
<td></td>
<td>13</td>
<td>com.buffalocart.Test.HomeTest@29ba4338</td></tr>
<tr>
<td title='com.buffalocart.Test.RolesTest.verifyAddedRoleInUserAddpage()'><b>verifyAddedRoleInUserAddpage</b><br>Test class: com.buffalocart.Test.RolesTest<br>Test method: TC_026_Verify whether the added role in Role page is listed in roles field in user add page</td>
<td></td>
<td>47</td>
<td>com.buffalocart.Test.RolesTest@77e9807f</td></tr>
<tr>
<td title='com.buffalocart.Test.LoginTest.verifyUserLoginWithInvalidUserCredentials()'><b>verifyUserLoginWithInvalidUserCredentials</b><br>Test class: com.buffalocart.Test.LoginTest<br>Test method: TC_003_Verify the error message displayed for user login with invalid credentials</td>
<td></td>
<td>2</td>
<td>com.buffalocart.Test.LoginTest@221af3c0</td></tr>
<tr>
<td title='com.buffalocart.Test.DeleteSalesCommisionAgentTest.verifyUserCanDeleteSalesCommissionAgents()'><b>verifyUserCanDeleteSalesCommissionAgents</b><br>Test class: com.buffalocart.Test.DeleteSalesCommisionAgentTest<br>Test method: TC_30_Verify user can delete a Sales Commission Agents </td>
<td></td>
<td>146</td>
<td>com.buffalocart.Test.DeleteSalesCommisionAgentTest@6328d34a</td></tr>
<tr>
<td title='com.buffalocart.Test.DeleteUserTest.verifyDeleteUserpageTitle()'><b>verifyDeleteUserpageTitle</b><br>Test class: com.buffalocart.Test.DeleteUserTest<br>Test method: TC_018_Verify user can delete a user</td>
<td></td>
<td>34</td>
<td>com.buffalocart.Test.DeleteUserTest@61009542</td></tr>
<tr>
<td title='com.buffalocart.Test.RolesTest.verifyRolespageTitle()'><b>verifyRolespageTitle</b><br>Test class: com.buffalocart.Test.RolesTest<br>Test method: TC_020_Verify Roles page title</td>
<td></td>
<td>12</td>
<td>com.buffalocart.Test.RolesTest@77e9807f</td></tr>
<tr>
<td title='com.buffalocart.Test.AddUsersTest.verifyAddUserspageTitle()'><b>verifyAddUserspageTitle</b><br>Test class: com.buffalocart.Test.AddUsersTest<br>Test method: TC_014_Verify Add Users page title</td>
<td></td>
<td>13</td>
<td>com.buffalocart.Test.AddUsersTest@1a052a00</td></tr>
<tr>
<td title='com.buffalocart.Test.SignoutTest.verifyUserNavigatingToLoginPageByClickingOnSignout()'><b>verifyUserNavigatingToLoginPageByClickingOnSignout</b><br>Test class: com.buffalocart.Test.SignoutTest<br>Test method: TC_008_Verify whether user is navigating to login page by clicking on Sign out button</td>
<td></td>
<td>5</td>
<td>com.buffalocart.Test.SignoutTest@7bb58ca3</td></tr>
<tr>
<td title='com.buffalocart.Test.ResetTest.VerifyErrorMessageDisplyedOnResetpasswordWithInvalidEmailId()'><b>VerifyErrorMessageDisplyedOnResetpasswordWithInvalidEmailId</b><br>Test class: com.buffalocart.Test.ResetTest<br>Test method: TC_005_Verify error message displyed on  Reset Password page with invalid email id</td>
<td></td>
<td>3</td>
<td>com.buffalocart.Test.ResetTest@4206a205</td></tr>
<tr>
<td title='com.buffalocart.Test.AddSalesCommisionAgentTest.verifyUserCanAddSalesagent()'><b>verifyUserCanAddSalesagent</b><br>Test class: com.buffalocart.Test.AddSalesCommisionAgentTest<br>Test method: TC_028_Verify user can sales agent </td>
<td></td>
<td>113</td>
<td>com.buffalocart.Test.AddSalesCommisionAgentTest@7f9fcf7f</td></tr>
<tr>
<td title='com.buffalocart.Test.UsersTest.verifyUserLoginWithNewlyAddedUser()'><b>verifyUserLoginWithNewlyAddedUser</b><br>Test class: com.buffalocart.Test.UsersTest<br>Test method: TC_013_Verify user login with newly added user</td>
<td></td>
<td>40</td>
<td>com.buffalocart.Test.UsersTest@770c2e6b</td></tr>
<tr>
<td title='com.buffalocart.Test.UserManagementTest.verifyUserManagementSubTabs()'><b>verifyUserManagementSubTabs</b><br>Test class: com.buffalocart.Test.UserManagementTest<br>Test method: TC_009_Verify the Usermanagement sub tabs</td>
<td></td>
<td>10</td>
<td>com.buffalocart.Test.UserManagementTest@c540f5a</td></tr>
<tr>
<td title='com.buffalocart.Test.UpdateSalesCommisionAgentTest.verifyEditSalesagentDetails()'><b>verifyEditSalesagentDetails</b><br>Test class: com.buffalocart.Test.UpdateSalesCommisionAgentTest<br>Test method: TC_029_Verify Edit sales agent details </td>
<td></td>
<td>127</td>
<td>com.buffalocart.Test.UpdateSalesCommisionAgentTest@2357d90a</td></tr>
<tr>
<td title='com.buffalocart.Test.UpdateRolesTest.verifyEditRolespageTitle()'><b>verifyEditRolespageTitle</b><br>Test class: com.buffalocart.Test.UpdateRolesTest<br>Test method: TC_023_Verify Edit Role page title</td>
<td></td>
<td>34</td>
<td>com.buffalocart.Test.UpdateRolesTest@1a38c59b</td></tr>
</table><p>
</body>
</html>