<!DOCTYPE html PUBLIC "-//W3C//DTD XHTML 1.1//EN" "https://www.w3.org/TR/xhtml11/DTD/xhtml11.dtd">
<html xmlns="https://www.w3.org/1999/xhtml">
<head>
<meta http-equiv="content-type" content="text/html; charset=UTF-8"/>
<title>TestNG Report</title>
<style type="text/css">table {margin-bottom:10px;border-collapse:collapse;empty-cells:show}th,td {border:1px solid #009;padding:.25em .5em}th {vertical-align:bottom}td {vertical-align:top}table a {font-weight:bold}.stripe td {background-color: #E6EBF9}.num {text-align:right}.passedodd td {background-color: #3F3}.passedeven td {background-color: #0A0}.skippedodd td {background-color: #DDD}.skippedeven td {background-color: #CCC}.failedodd td,.attn {background-color: #F33}.failedeven td,.stripe .attn {background-color: #D00}.stacktrace {white-space:pre;font-family:monospace}.totop {font-size:85%;text-align:center;border-bottom:2px solid #000}.invisible {display:none}</style>
</head>
<body>
<table>
<tr><th>Test</th><th># Passed</th><th># Skipped</th><th># Retried</th><th># Failed</th><th>Time (ms)</th><th>Included Groups</th><th>Excluded Groups</th></tr>
<tr><th colspan="8">Suite</th></tr>
<tr><td><a href="#t0">Test</a></td><td class="num">10</td><td class="num">0</td><td class="num">0</td><td class="num attn">12</td><td class="num">560,404</td><td></td><td></td></tr>
</table>
<table id='summary'><thead><tr><th>Class</th><th>Method</th><th>Start</th><th>Time (ms)</th></tr></thead><tbody><tr><th colspan="4">Suite</th></tr></tbody><tbody id="t0"><tr><th colspan="4">Test &#8212; failed</th></tr><tr class="failedeven"><td rowspan="1">com.buffalocart.Test.AddSalesCommisionAgentTest</td><td><a href="#m0">verifyErrorMessageDisplayedWithoutFillingMandatoryFields</a></td><td rowspan="1">1634177407479</td><td rowspan="1">11655</td></tr><tr class="failedodd"><td rowspan="1">com.buffalocart.Test.DeleteRolesTest</td><td><a href="#m1">verifyUserCanDeleteRole</a></td><td rowspan="1">1634177252520</td><td rowspan="1">11743</td></tr><tr class="failedeven"><td rowspan="1">com.buffalocart.Test.DeleteUserTest</td><td><a href="#m2">verifyEditUserpageTitle</a></td><td rowspan="1">1634177226393</td><td rowspan="1">11122</td></tr><tr class="failedodd"><td rowspan="4">com.buffalocart.Test.LoginTest</td><td><a href="#m3">verifyLoginpageTitle</a></td><td rowspan="1">1634177616277</td><td rowspan="1">1</td></tr><tr class="failedodd"><td><a href="#m4">verifyUserAbleToClickOnRememeberMeCheckbox</a></td><td rowspan="1">1634177658859</td><td rowspan="1">1</td></tr><tr class="failedodd"><td><a href="#m5">verifyUserLoginWithInvalidUserCredentials</a></td><td rowspan="1">1634177644019</td><td rowspan="1">2</td></tr><tr class="failedodd"><td><a href="#m6">verifyUserLoginWithValidUserCredentials</a></td><td rowspan="1">1634177629334</td><td rowspan="1">0</td></tr><tr class="failedeven"><td rowspan="1">com.buffalocart.Test.RolesTest</td><td><a href="#m7">verifyAddedRoleInUserAddpage</a></td><td rowspan="1">1634177560877</td><td rowspan="1">13079</td></tr><tr class="failedodd"><td rowspan="2">com.buffalocart.Test.UpdateUsersTest</td><td><a href="#m8">verifyEditUserpageTitle</a></td><td rowspan="1">1634177354415</td><td rowspan="1">10718</td></tr><tr class="failedodd"><td><a href="#m9">verifyUserCanEditUserDetails</a></td><td rowspan="1">1634177382234</td><td rowspan="1">9772</td></tr><tr class="failedeven"><td rowspan="2">com.buffalocart.Test.UsersTest</td><td><a href="#m10">verifyUserLoginWithNewlyAddedUser</a></td><td rowspan="1">1634177522939</td><td rowspan="1">3078</td></tr><tr class="failedeven"><td><a href="#m11">verifyUserSearch</a></td><td rowspan="1">1634177495888</td><td rowspan="1">11094</td></tr><tr><th colspan="4">Test &#8212; passed</th></tr><tr class="passedeven"><td rowspan="2">com.buffalocart.Test.AddRolesTest</td><td><a href="#m12">VerifyUserCanAddRoles</a></td><td rowspan="1">1634177309689</td><td rowspan="1">25216</td></tr><tr class="passedeven"><td><a href="#m13">verifyRolespageTitle</a></td><td rowspan="1">1634177284213</td><td rowspan="1">12844</td></tr><tr class="passedodd"><td rowspan="2">com.buffalocart.Test.HomeTest</td><td><a href="#m14">VerifyDateDisplayedInHomepage</a></td><td rowspan="1">1634177142350</td><td rowspan="1">11199</td></tr><tr class="passedodd"><td><a href="#m15">verifyHomepageTitle</a></td><td rowspan="1">1634177117120</td><td rowspan="1">9203</td></tr><tr class="passedeven"><td rowspan="1">com.buffalocart.Test.ResetTest</td><td><a href="#m16">VerifyErrorMessageDisplyedOnResetpasswordWithInvalidEmailId</a></td><td rowspan="1">1634177592118</td><td rowspan="1">3973</td></tr><tr class="passedodd"><td rowspan="1">com.buffalocart.Test.RolesTest</td><td><a href="#m17">verifyRolespageTitle</a></td><td rowspan="1">1634177538579</td><td rowspan="1">9511</td></tr><tr class="passedeven"><td rowspan="1">com.buffalocart.Test.SignoutTest</td><td><a href="#m18">verifyUserNavigatingToLoginPageByClickingOnSignout</a></td><td rowspan="1">1634177176947</td><td rowspan="1">8054</td></tr><tr class="passedodd"><td rowspan="1">com.buffalocart.Test.UserManagementTest</td><td><a href="#m19">verifyUserManagementSubTabs</a></td><td rowspan="1">1634177199226</td><td rowspan="1">11182</td></tr><tr class="passedeven"><td rowspan="1">com.buffalocart.Test.UsersTest</td><td><a href="#m20">verifyUserspageTitle</a></td><td rowspan="1">1634177463953</td><td rowspan="1">13228</td></tr><tr class="passedodd"><td rowspan="1">com.buffalocart.Test.ViewUserTest</td><td><a href="#m21">verifyDetailsDisplayedOnViewuserPage</a></td><td rowspan="1">1634177438413</td><td rowspan="1">11831</td></tr></tbody>
</table>
<h2>Test</h2><h3 id="m0">com.buffalocart.Test.AddSalesCommisionAgentTest#verifyErrorMessageDisplayedWithoutFillingMandatoryFields</h3><table class="result"><tr><th>Exception</th></tr><tr><td><div class="stacktrace">org.openqa.selenium.NoSuchElementException: no such element: Unable to locate element: {&quot;method&quot;:&quot;css selector&quot;,&quot;selector&quot;:&quot;#surname&quot;}
  (Session info: chrome=94.0.4606.81)
For documentation on this error, please visit: https://www.seleniumhq.org/exceptions/no_such_element.html
Build info: version: &apos;3.141.59&apos;, revision: &apos;e82be7d358&apos;, time: &apos;2018-11-14T08:17:03&apos;
System info: host: &apos;ACHUS_MACHINE&apos;, ip: &apos;192.168.1.101&apos;, os.name: &apos;Windows 10&apos;, os.arch: &apos;amd64&apos;, os.version: &apos;10.0&apos;, java.version: &apos;1.8.0_301&apos;
Driver info: org.openqa.selenium.chrome.ChromeDriver
Capabilities {acceptInsecureCerts: false, browserName: chrome, browserVersion: 94.0.4606.81, chrome: {chromedriverVersion: 94.0.4606.61 (418b78f5838ed..., userDataDir: C:\Users\archa\AppData\Loca...}, goog:chromeOptions: {debuggerAddress: localhost:53970}, javascriptEnabled: true, networkConnectionEnabled: false, pageLoadStrategy: normal, platform: WINDOWS, platformName: WINDOWS, proxy: Proxy(), setWindowRect: true, strictFileInteractability: false, timeouts: {implicit: 0, pageLoad: 300000, script: 30000}, unhandledPromptBehavior: dismiss and notify, webauthn:extension:credBlob: true, webauthn:extension:largeBlob: true, webauthn:virtualAuthenticators: true}
Session ID: fd4934e5fe5e3465971c958b35a32c2d
*** Element info: {Using=id, value=surname}
	at org.openqa.selenium.remote.http.W3CHttpResponseCodec.createException(W3CHttpResponseCodec.java:187)
	at org.openqa.selenium.remote.http.W3CHttpResponseCodec.decode(W3CHttpResponseCodec.java:122)
	at org.openqa.selenium.remote.http.W3CHttpResponseCodec.decode(W3CHttpResponseCodec.java:49)
	at org.openqa.selenium.remote.HttpCommandExecutor.execute(HttpCommandExecutor.java:158)
	at org.openqa.selenium.remote.service.DriverCommandExecutor.execute(DriverCommandExecutor.java:83)
	at org.openqa.selenium.remote.RemoteWebDriver.execute(RemoteWebDriver.java:552)
	at org.openqa.selenium.remote.RemoteWebDriver.findElement(RemoteWebDriver.java:323)
	at org.openqa.selenium.remote.RemoteWebDriver.findElementById(RemoteWebDriver.java:372)
	at org.openqa.selenium.By$ById.findElement(By.java:188)
	at org.openqa.selenium.remote.RemoteWebDriver.findElement(RemoteWebDriver.java:315)
	at org.openqa.selenium.support.pagefactory.DefaultElementLocator.findElement(DefaultElementLocator.java:69)
	at org.openqa.selenium.support.pagefactory.internal.LocatingElementHandler.invoke(LocatingElementHandler.java:38)
	at com.sun.proxy.$Proxy12.sendKeys(Unknown Source)
	at com.buffalocart.utilities.PageUtility.enterText(PageUtility.java:22)
	at com.buffalocart.pages.AddSalesCommisionAgentPage.enterPrefix(AddSalesCommisionAgentPage.java:59)
	at com.buffalocart.Test.AddSalesCommisionAgentTest.verifyErrorMessageDisplayedWithoutFillingMandatoryFields(AddSalesCommisionAgentTest.java:50)
	at java.util.ArrayList.forEach(ArrayList.java:1259)
... Removed 31 stack frames</div></td></tr></table><p class="totop"><a href="#summary">back to summary</a></p>
<h3 id="m1">com.buffalocart.Test.DeleteRolesTest#verifyUserCanDeleteRole</h3><table class="result"><tr><th>Exception</th></tr><tr><td><div class="stacktrace">org.openqa.selenium.NoSuchElementException: no such element: Unable to locate element: {&quot;method&quot;:&quot;xpath&quot;,&quot;selector&quot;:&quot;//button[@class=&apos;swal-button swal-button--confirm swal-button--danger&apos;]&quot;}
  (Session info: chrome=94.0.4606.81)
For documentation on this error, please visit: https://www.seleniumhq.org/exceptions/no_such_element.html
Build info: version: &apos;3.141.59&apos;, revision: &apos;e82be7d358&apos;, time: &apos;2018-11-14T08:17:03&apos;
System info: host: &apos;ACHUS_MACHINE&apos;, ip: &apos;192.168.1.101&apos;, os.name: &apos;Windows 10&apos;, os.arch: &apos;amd64&apos;, os.version: &apos;10.0&apos;, java.version: &apos;1.8.0_301&apos;
Driver info: org.openqa.selenium.chrome.ChromeDriver
Capabilities {acceptInsecureCerts: false, browserName: chrome, browserVersion: 94.0.4606.81, chrome: {chromedriverVersion: 94.0.4606.61 (418b78f5838ed..., userDataDir: C:\Users\archa\AppData\Loca...}, goog:chromeOptions: {debuggerAddress: localhost:59296}, javascriptEnabled: true, networkConnectionEnabled: false, pageLoadStrategy: normal, platform: WINDOWS, platformName: WINDOWS, proxy: Proxy(), setWindowRect: true, strictFileInteractability: false, timeouts: {implicit: 0, pageLoad: 300000, script: 30000}, unhandledPromptBehavior: dismiss and notify, webauthn:extension:credBlob: true, webauthn:extension:largeBlob: true, webauthn:virtualAuthenticators: true}
Session ID: 1a25259370f07674ac1d108ff03f2f44
*** Element info: {Using=xpath, value=//button[@class=&apos;swal-button swal-button--confirm swal-button--danger&apos;]}
	at org.openqa.selenium.remote.http.W3CHttpResponseCodec.createException(W3CHttpResponseCodec.java:187)
	at org.openqa.selenium.remote.http.W3CHttpResponseCodec.decode(W3CHttpResponseCodec.java:122)
	at org.openqa.selenium.remote.http.W3CHttpResponseCodec.decode(W3CHttpResponseCodec.java:49)
	at org.openqa.selenium.remote.HttpCommandExecutor.execute(HttpCommandExecutor.java:158)
	at org.openqa.selenium.remote.service.DriverCommandExecutor.execute(DriverCommandExecutor.java:83)
	at org.openqa.selenium.remote.RemoteWebDriver.execute(RemoteWebDriver.java:552)
	at org.openqa.selenium.remote.RemoteWebDriver.findElement(RemoteWebDriver.java:323)
	at org.openqa.selenium.remote.RemoteWebDriver.findElementByXPath(RemoteWebDriver.java:428)
	at org.openqa.selenium.By$ByXPath.findElement(By.java:353)
	at org.openqa.selenium.remote.RemoteWebDriver.findElement(RemoteWebDriver.java:315)
	at org.openqa.selenium.support.pagefactory.DefaultElementLocator.findElement(DefaultElementLocator.java:69)
	at org.openqa.selenium.support.pagefactory.internal.LocatingElementHandler.invoke(LocatingElementHandler.java:38)
	at com.sun.proxy.$Proxy12.click(Unknown Source)
	at com.buffalocart.utilities.PageUtility.clickOnElement(PageUtility.java:14)
	at com.buffalocart.pages.DeleteRolesPage.clickOnDeleteButton(DeleteRolesPage.java:31)
	at com.buffalocart.Test.DeleteRolesTest.verifyUserCanDeleteRole(DeleteRolesTest.java:47)
	at java.util.ArrayList.forEach(ArrayList.java:1259)
... Removed 31 stack frames</div></td></tr></table><p class="totop"><a href="#summary">back to summary</a></p>
<h3 id="m2">com.buffalocart.Test.DeleteUserTest#verifyEditUserpageTitle</h3><table class="result"><tr><th>Exception</th></tr><tr><td><div class="stacktrace">java.lang.NullPointerException
	at com.buffalocart.Test.DeleteUserTest.verifyEditUserpageTitle(DeleteUserTest.java:44)
	at java.util.ArrayList.forEach(ArrayList.java:1259)
... Removed 27 stack frames</div></td></tr></table><p class="totop"><a href="#summary">back to summary</a></p>
<h3 id="m3">com.buffalocart.Test.LoginTest#verifyLoginpageTitle</h3><table class="result"><tr><th>Exception</th></tr><tr><td><div class="stacktrace">java.lang.NullPointerException
	at com.buffalocart.Test.LoginTest.verifyLoginpageTitle(LoginTest.java:25)
	at java.util.ArrayList.forEach(ArrayList.java:1259)
... Removed 27 stack frames</div></td></tr></table><p class="totop"><a href="#summary">back to summary</a></p>
<h3 id="m4">com.buffalocart.Test.LoginTest#verifyUserAbleToClickOnRememeberMeCheckbox</h3><table class="result"><tr><th>Exception</th></tr><tr><td><div class="stacktrace">java.lang.NullPointerException
	at com.buffalocart.Test.LoginTest.verifyUserAbleToClickOnRememeberMeCheckbox(LoginTest.java:65)
	at java.util.ArrayList.forEach(ArrayList.java:1259)
... Removed 27 stack frames</div></td></tr></table><p class="totop"><a href="#summary">back to summary</a></p>
<h3 id="m5">com.buffalocart.Test.LoginTest#verifyUserLoginWithInvalidUserCredentials</h3><table class="result"><tr><th>Exception</th></tr><tr><td><div class="stacktrace">java.lang.NullPointerException
	at com.buffalocart.Test.LoginTest.verifyUserLoginWithInvalidUserCredentials(LoginTest.java:52)
	at java.util.ArrayList.forEach(ArrayList.java:1259)
... Removed 27 stack frames</div></td></tr></table><p class="totop"><a href="#summary">back to summary</a></p>
<h3 id="m6">com.buffalocart.Test.LoginTest#verifyUserLoginWithValidUserCredentials</h3><table class="result"><tr><th>Exception</th></tr><tr><td><div class="stacktrace">java.lang.NullPointerException
	at com.buffalocart.Test.LoginTest.verifyUserLoginWithValidUserCredentials(LoginTest.java:34)
	at java.util.ArrayList.forEach(ArrayList.java:1259)
... Removed 27 stack frames</div></td></tr></table><p class="totop"><a href="#summary">back to summary</a></p>
<h3 id="m7">com.buffalocart.Test.RolesTest#verifyAddedRoleInUserAddpage</h3><table class="result"><tr><th>Exception</th></tr><tr><td><div class="stacktrace">java.lang.AssertionError: The following asserts failed:
	Rolename not found in user add page expected [true] but found [false]
	at com.buffalocart.Test.RolesTest.verifyAddedRoleInUserAddpage(RolesTest.java:78)
	at java.util.ArrayList.forEach(ArrayList.java:1259)
... Removed 29 stack frames</div></td></tr></table><p class="totop"><a href="#summary">back to summary</a></p>
<h3 id="m8">com.buffalocart.Test.UpdateUsersTest#verifyEditUserpageTitle</h3><table class="result"><tr><th>Exception</th></tr><tr><td><div class="stacktrace">java.lang.ArithmeticException: / by zero
	at com.buffalocart.utilities.TableUtility.actionData(TableUtility.java:45)
	at com.buffalocart.pages.UsersPage.ClickonEditButton(UsersPage.java:76)
	at com.buffalocart.Test.UpdateUsersTest.verifyEditUserpageTitle(UpdateUsersTest.java:48)
	at java.util.ArrayList.forEach(ArrayList.java:1259)
... Removed 27 stack frames</div></td></tr></table><p class="totop"><a href="#summary">back to summary</a></p>
<h3 id="m9">com.buffalocart.Test.UpdateUsersTest#verifyUserCanEditUserDetails</h3><table class="result"><tr><th>Exception</th></tr><tr><td><div class="stacktrace">org.openqa.selenium.NoSuchElementException: no such element: Unable to locate element: {&quot;method&quot;:&quot;css selector&quot;,&quot;selector&quot;:&quot;#last_name&quot;}
  (Session info: chrome=94.0.4606.81)
For documentation on this error, please visit: https://www.seleniumhq.org/exceptions/no_such_element.html
Build info: version: &apos;3.141.59&apos;, revision: &apos;e82be7d358&apos;, time: &apos;2018-11-14T08:17:03&apos;
System info: host: &apos;ACHUS_MACHINE&apos;, ip: &apos;192.168.1.101&apos;, os.name: &apos;Windows 10&apos;, os.arch: &apos;amd64&apos;, os.version: &apos;10.0&apos;, java.version: &apos;1.8.0_301&apos;
Driver info: org.openqa.selenium.chrome.ChromeDriver
Capabilities {acceptInsecureCerts: false, browserName: chrome, browserVersion: 94.0.4606.81, chrome: {chromedriverVersion: 94.0.4606.61 (418b78f5838ed..., userDataDir: C:\Users\archa\AppData\Loca...}, goog:chromeOptions: {debuggerAddress: localhost:61312}, javascriptEnabled: true, networkConnectionEnabled: false, pageLoadStrategy: normal, platform: WINDOWS, platformName: WINDOWS, proxy: Proxy(), setWindowRect: true, strictFileInteractability: false, timeouts: {implicit: 0, pageLoad: 300000, script: 30000}, unhandledPromptBehavior: dismiss and notify, webauthn:extension:credBlob: true, webauthn:extension:largeBlob: true, webauthn:virtualAuthenticators: true}
Session ID: 150eb4f0c0cf29d9b65e0cb2ce3d514c
*** Element info: {Using=id, value=last_name}
	at org.openqa.selenium.remote.http.W3CHttpResponseCodec.createException(W3CHttpResponseCodec.java:187)
	at org.openqa.selenium.remote.http.W3CHttpResponseCodec.decode(W3CHttpResponseCodec.java:122)
	at org.openqa.selenium.remote.http.W3CHttpResponseCodec.decode(W3CHttpResponseCodec.java:49)
	at org.openqa.selenium.remote.HttpCommandExecutor.execute(HttpCommandExecutor.java:158)
	at org.openqa.selenium.remote.service.DriverCommandExecutor.execute(DriverCommandExecutor.java:83)
	at org.openqa.selenium.remote.RemoteWebDriver.execute(RemoteWebDriver.java:552)
	at org.openqa.selenium.remote.RemoteWebDriver.findElement(RemoteWebDriver.java:323)
	at org.openqa.selenium.remote.RemoteWebDriver.findElementById(RemoteWebDriver.java:372)
	at org.openqa.selenium.By$ById.findElement(By.java:188)
	at org.openqa.selenium.remote.RemoteWebDriver.findElement(RemoteWebDriver.java:315)
	at org.openqa.selenium.support.pagefactory.DefaultElementLocator.findElement(DefaultElementLocator.java:69)
	at org.openqa.selenium.support.pagefactory.internal.LocatingElementHandler.invoke(LocatingElementHandler.java:38)
	at com.sun.proxy.$Proxy12.sendKeys(Unknown Source)
	at com.buffalocart.utilities.PageUtility.enterText(PageUtility.java:22)
	at com.buffalocart.pages.UpdateUsersPage.enterEditUsersLastname(UpdateUsersPage.java:45)
	at com.buffalocart.Test.UpdateUsersTest.verifyUserCanEditUserDetails(UpdateUsersTest.java:74)
	at java.util.ArrayList.forEach(ArrayList.java:1259)
... Removed 31 stack frames</div></td></tr></table><p class="totop"><a href="#summary">back to summary</a></p>
<h3 id="m10">com.buffalocart.Test.UsersTest#verifyUserLoginWithNewlyAddedUser</h3><table class="result"><tr><th>Exception</th></tr><tr><td><div class="stacktrace">org.openqa.selenium.NoSuchElementException: no such element: Unable to locate element: {&quot;method&quot;:&quot;xpath&quot;,&quot;selector&quot;:&quot;//button[@class=&apos;btn btn-default btn-sm&apos;]&quot;}
  (Session info: chrome=94.0.4606.81)
For documentation on this error, please visit: https://www.seleniumhq.org/exceptions/no_such_element.html
Build info: version: &apos;3.141.59&apos;, revision: &apos;e82be7d358&apos;, time: &apos;2018-11-14T08:17:03&apos;
System info: host: &apos;ACHUS_MACHINE&apos;, ip: &apos;192.168.1.101&apos;, os.name: &apos;Windows 10&apos;, os.arch: &apos;amd64&apos;, os.version: &apos;10.0&apos;, java.version: &apos;1.8.0_301&apos;
Driver info: org.openqa.selenium.chrome.ChromeDriver
Capabilities {acceptInsecureCerts: false, browserName: chrome, browserVersion: 94.0.4606.81, chrome: {chromedriverVersion: 94.0.4606.61 (418b78f5838ed..., userDataDir: C:\Users\archa\AppData\Loca...}, goog:chromeOptions: {debuggerAddress: localhost:54873}, javascriptEnabled: true, networkConnectionEnabled: false, pageLoadStrategy: normal, platform: WINDOWS, platformName: WINDOWS, proxy: Proxy(), setWindowRect: true, strictFileInteractability: false, timeouts: {implicit: 0, pageLoad: 300000, script: 30000}, unhandledPromptBehavior: dismiss and notify, webauthn:extension:credBlob: true, webauthn:extension:largeBlob: true, webauthn:virtualAuthenticators: true}
Session ID: 053502075ae784dc8046c90b163023a9
*** Element info: {Using=xpath, value=//button[@class=&apos;btn btn-default btn-sm&apos;]}
	at org.openqa.selenium.remote.http.W3CHttpResponseCodec.createException(W3CHttpResponseCodec.java:187)
	at org.openqa.selenium.remote.http.W3CHttpResponseCodec.decode(W3CHttpResponseCodec.java:122)
	at org.openqa.selenium.remote.http.W3CHttpResponseCodec.decode(W3CHttpResponseCodec.java:49)
	at org.openqa.selenium.remote.HttpCommandExecutor.execute(HttpCommandExecutor.java:158)
	at org.openqa.selenium.remote.service.DriverCommandExecutor.execute(DriverCommandExecutor.java:83)
	at org.openqa.selenium.remote.RemoteWebDriver.execute(RemoteWebDriver.java:552)
	at org.openqa.selenium.remote.RemoteWebDriver.findElement(RemoteWebDriver.java:323)
	at org.openqa.selenium.remote.RemoteWebDriver.findElementByXPath(RemoteWebDriver.java:428)
	at org.openqa.selenium.By$ByXPath.findElement(By.java:353)
	at org.openqa.selenium.remote.RemoteWebDriver.findElement(RemoteWebDriver.java:315)
	at org.openqa.selenium.support.pagefactory.DefaultElementLocator.findElement(DefaultElementLocator.java:69)
	at org.openqa.selenium.support.pagefactory.internal.LocatingElementHandler.invoke(LocatingElementHandler.java:38)
	at com.sun.proxy.$Proxy12.click(Unknown Source)
	at com.buffalocart.utilities.PageUtility.clickOnElement(PageUtility.java:14)
	at com.buffalocart.pages.HomePage.clickOnEndTour(HomePage.java:46)
	at com.buffalocart.Test.UsersTest.verifyUserLoginWithNewlyAddedUser(UsersTest.java:87)
	at java.util.ArrayList.forEach(ArrayList.java:1259)
... Removed 31 stack frames</div></td></tr></table><p class="totop"><a href="#summary">back to summary</a></p>
<h3 id="m11">com.buffalocart.Test.UsersTest#verifyUserSearch</h3><table class="result"><tr><th>Exception</th></tr><tr><td><div class="stacktrace">java.lang.ArithmeticException: / by zero
	at com.buffalocart.utilities.TableUtility.gridData(TableUtility.java:18)
	at com.buffalocart.pages.UsersPage.getTableData(UsersPage.java:67)
	at com.buffalocart.Test.UsersTest.verifyUserSearch(UsersTest.java:64)
	at java.util.ArrayList.forEach(ArrayList.java:1259)
... Removed 27 stack frames</div></td></tr></table><p class="totop"><a href="#summary">back to summary</a></p>
<h3 id="m12">com.buffalocart.Test.AddRolesTest#VerifyUserCanAddRoles</h3><table class="result"><tr><th class="invisible"/></tr></table><p class="totop"><a href="#summary">back to summary</a></p>
<h3 id="m13">com.buffalocart.Test.AddRolesTest#verifyRolespageTitle</h3><table class="result"><tr><th class="invisible"/></tr></table><p class="totop"><a href="#summary">back to summary</a></p>
<h3 id="m14">com.buffalocart.Test.HomeTest#VerifyDateDisplayedInHomepage</h3><table class="result"><tr><th class="invisible"/></tr></table><p class="totop"><a href="#summary">back to summary</a></p>
<h3 id="m15">com.buffalocart.Test.HomeTest#verifyHomepageTitle</h3><table class="result"><tr><th class="invisible"/></tr></table><p class="totop"><a href="#summary">back to summary</a></p>
<h3 id="m16">com.buffalocart.Test.ResetTest#VerifyErrorMessageDisplyedOnResetpasswordWithInvalidEmailId</h3><table class="result"><tr><th class="invisible"/></tr></table><p class="totop"><a href="#summary">back to summary</a></p>
<h3 id="m17">com.buffalocart.Test.RolesTest#verifyRolespageTitle</h3><table class="result"><tr><th class="invisible"/></tr></table><p class="totop"><a href="#summary">back to summary</a></p>
<h3 id="m18">com.buffalocart.Test.SignoutTest#verifyUserNavigatingToLoginPageByClickingOnSignout</h3><table class="result"><tr><th class="invisible"/></tr></table><p class="totop"><a href="#summary">back to summary</a></p>
<h3 id="m19">com.buffalocart.Test.UserManagementTest#verifyUserManagementSubTabs</h3><table class="result"><tr><th class="invisible"/></tr></table><p class="totop"><a href="#summary">back to summary</a></p>
<h3 id="m20">com.buffalocart.Test.UsersTest#verifyUserspageTitle</h3><table class="result"><tr><th class="invisible"/></tr></table><p class="totop"><a href="#summary">back to summary</a></p>
<h3 id="m21">com.buffalocart.Test.ViewUserTest#verifyDetailsDisplayedOnViewuserPage</h3><table class="result"><tr><th class="invisible"/></tr></table><p class="totop"><a href="#summary">back to summary</a></p>
</body>
</html>
