<!DOCTYPE html>

<html>
  <head>
  <meta charset='utf-8'>
  <title>TestNG reports</title>

    <link type="text/css" href="testng-reports1.css" rel="stylesheet" id="ultra" />
    <link type="text/css" href="testng-reports.css" rel="stylesheet" id="retro" disabled="false"/>
    <script type="text/javascript" src="jquery.min.js"></script>
    <script type="text/javascript" src="testng-reports.js"></script>
    <script type="text/javascript" src="https://www.google.com/jsapi"></script>
    <script type='text/javascript'>
      google.load('visualization', '1', {packages:['table']});
      google.setOnLoadCallback(drawTable);
      var suiteTableInitFunctions = new Array();
      var suiteTableData = new Array();
    </script>
    <!--
      <script type="text/javascript" src="jquery-ui/js/jquery-ui-1.8.16.custom.min.js"></script>
     -->
  </head>

  <body>
    <div class="top-banner-root">
      <span class="top-banner-title-font">Test results</span>
      <button class="button" id="button">Switch Retro Theme</button> <!-- button -->
      <br/>
      <span class="top-banner-font-1">1 suite, 12 failed tests</span>
    </div> <!-- top-banner-root -->
    <div class="navigator-root">
      <div class="navigator-suite-header">
        <span>All suites</span>
        <a href="#" class="collapse-all-link" title="Collapse/expand all the suites">
          <img class="collapse-all-icon" src="collapseall.gif">
          </img> <!-- collapse-all-icon -->
        </a> <!-- collapse-all-link -->
      </div> <!-- navigator-suite-header -->
      <div class="suite">
        <div class="rounded-window">
          <div class="suite-header light-rounded-window-top">
            <a href="#" class="navigator-link" panel-name="suite-Suite">
              <span class="suite-name border-failed">Suite</span>
            </a> <!-- navigator-link -->
          </div> <!-- suite-header light-rounded-window-top -->
          <div class="navigator-suite-content">
            <div class="suite-section-title">
              <span>Info</span>
            </div> <!-- suite-section-title -->
            <div class="suite-section-content">
              <ul>
                <li>
                  <a href="#" class="navigator-link " panel-name="test-xml-Suite">
                    <span>C:\Users\archa\selenium_TestNG_Obsqura\BuffaloCart\testngfinal.xml</span>
                  </a> <!-- navigator-link  -->
                </li>
                <li>
                  <a href="#" class="navigator-link " panel-name="testlist-Suite">
                    <span class="test-stats">1 test</span>
                  </a> <!-- navigator-link  -->
                </li>
                <li>
                  <a href="#" class="navigator-link " panel-name="group-Suite">
                    <span>0 groups</span>
                  </a> <!-- navigator-link  -->
                </li>
                <li>
                  <a href="#" class="navigator-link " panel-name="times-Suite">
                    <span>Times</span>
                  </a> <!-- navigator-link  -->
                </li>
                <li>
                  <a href="#" class="navigator-link " panel-name="reporter-Suite">
                    <span>Reporter output</span>
                  </a> <!-- navigator-link  -->
                </li>
                <li>
                  <a href="#" class="navigator-link " panel-name="ignored-methods-Suite">
                    <span>Ignored methods</span>
                  </a> <!-- navigator-link  -->
                </li>
                <li>
                  <a href="#" class="navigator-link " panel-name="chronological-Suite">
                    <span>Chronological view</span>
                  </a> <!-- navigator-link  -->
                </li>
              </ul>
            </div> <!-- suite-section-content -->
            <div class="result-section">
              <div class="suite-section-title">
                <span>Results</span>
              </div> <!-- suite-section-title -->
              <div class="suite-section-content">
                <ul>
                  <li>
                    <span class="method-stats">22 methods, 12 failed,   10 passed</span>
                  </li>
                  <li>
                    <span class="method-list-title failed">Failed methods</span>
                    <span class="show-or-hide-methods failed">
                      <a href="#" panel-name="suite-Suite" class="hide-methods failed suite-Suite"> (hide)</a> <!-- hide-methods failed suite-Suite -->
                      <a href="#" panel-name="suite-Suite" class="show-methods failed suite-Suite"> (show)</a> <!-- show-methods failed suite-Suite -->
                    </span>
                    <div class="method-list-content failed suite-Suite">
                      <span>
                        <img width="3%" src="failed.png"/>
                        <a href="#" class="method navigator-link" panel-name="suite-Suite" title="com.buffalocart.Test.RolesTest" hash-for-method="verifyAddedRoleInUserAddpage">verifyAddedRoleInUserAddpage</a> <!-- method navigator-link -->
                      </span>
                      <br/>
                      <span>
                        <img width="3%" src="failed.png"/>
                        <a href="#" class="method navigator-link" panel-name="suite-Suite" title="com.buffalocart.Test.UpdateUsersTest" hash-for-method="verifyEditUserpageTitle">verifyEditUserpageTitle</a> <!-- method navigator-link -->
                      </span>
                      <br/>
                      <span>
                        <img width="3%" src="failed.png"/>
                        <a href="#" class="method navigator-link" panel-name="suite-Suite" title="com.buffalocart.Test.DeleteUserTest" hash-for-method="verifyEditUserpageTitle">verifyEditUserpageTitle</a> <!-- method navigator-link -->
                      </span>
                      <br/>
                      <span>
                        <img width="3%" src="failed.png"/>
                        <a href="#" class="method navigator-link" panel-name="suite-Suite" title="com.buffalocart.Test.AddSalesCommisionAgentTest" hash-for-method="verifyErrorMessageDisplayedWithoutFillingMandatoryFields">verifyErrorMessageDisplayedWithoutFillingMandatoryFields</a> <!-- method navigator-link -->
                      </span>
                      <br/>
                      <span>
                        <img width="3%" src="failed.png"/>
                        <a href="#" class="method navigator-link" panel-name="suite-Suite" title="com.buffalocart.Test.LoginTest" hash-for-method="verifyLoginpageTitle">verifyLoginpageTitle</a> <!-- method navigator-link -->
                      </span>
                      <br/>
                      <span>
                        <img width="3%" src="failed.png"/>
                        <a href="#" class="method navigator-link" panel-name="suite-Suite" title="com.buffalocart.Test.LoginTest" hash-for-method="verifyUserAbleToClickOnRememeberMeCheckbox">verifyUserAbleToClickOnRememeberMeCheckbox</a> <!-- method navigator-link -->
                      </span>
                      <br/>
                      <span>
                        <img width="3%" src="failed.png"/>
                        <a href="#" class="method navigator-link" panel-name="suite-Suite" title="com.buffalocart.Test.DeleteRolesTest" hash-for-method="verifyUserCanDeleteRole">verifyUserCanDeleteRole</a> <!-- method navigator-link -->
                      </span>
                      <br/>
                      <span>
                        <img width="3%" src="failed.png"/>
                        <a href="#" class="method navigator-link" panel-name="suite-Suite" title="com.buffalocart.Test.UpdateUsersTest" hash-for-method="verifyUserCanEditUserDetails">verifyUserCanEditUserDetails</a> <!-- method navigator-link -->
                      </span>
                      <br/>
                      <span>
                        <img width="3%" src="failed.png"/>
                        <a href="#" class="method navigator-link" panel-name="suite-Suite" title="com.buffalocart.Test.LoginTest" hash-for-method="verifyUserLoginWithInvalidUserCredentials">verifyUserLoginWithInvalidUserCredentials</a> <!-- method navigator-link -->
                      </span>
                      <br/>
                      <span>
                        <img width="3%" src="failed.png"/>
                        <a href="#" class="method navigator-link" panel-name="suite-Suite" title="com.buffalocart.Test.UsersTest" hash-for-method="verifyUserLoginWithNewlyAddedUser">verifyUserLoginWithNewlyAddedUser</a> <!-- method navigator-link -->
                      </span>
                      <br/>
                      <span>
                        <img width="3%" src="failed.png"/>
                        <a href="#" class="method navigator-link" panel-name="suite-Suite" title="com.buffalocart.Test.LoginTest" hash-for-method="verifyUserLoginWithValidUserCredentials">verifyUserLoginWithValidUserCredentials</a> <!-- method navigator-link -->
                      </span>
                      <br/>
                      <span>
                        <img width="3%" src="failed.png"/>
                        <a href="#" class="method navigator-link" panel-name="suite-Suite" title="com.buffalocart.Test.UsersTest" hash-for-method="verifyUserSearch">verifyUserSearch</a> <!-- method navigator-link -->
                      </span>
                      <br/>
                    </div> <!-- method-list-content failed suite-Suite -->
                  </li>
                  <li>
                    <span class="method-list-title passed">Passed methods</span>
                    <span class="show-or-hide-methods passed">
                      <a href="#" panel-name="suite-Suite" class="hide-methods passed suite-Suite"> (hide)</a> <!-- hide-methods passed suite-Suite -->
                      <a href="#" panel-name="suite-Suite" class="show-methods passed suite-Suite"> (show)</a> <!-- show-methods passed suite-Suite -->
                    </span>
                    <div class="method-list-content passed suite-Suite">
                      <span>
                        <img width="3%" src="passed.png"/>
                        <a href="#" class="method navigator-link" panel-name="suite-Suite" title="com.buffalocart.Test.HomeTest" hash-for-method="VerifyDateDisplayedInHomepage">VerifyDateDisplayedInHomepage</a> <!-- method navigator-link -->
                      </span>
                      <br/>
                      <span>
                        <img width="3%" src="passed.png"/>
                        <a href="#" class="method navigator-link" panel-name="suite-Suite" title="com.buffalocart.Test.ResetTest" hash-for-method="VerifyErrorMessageDisplyedOnResetpasswordWithInvalidEmailId">VerifyErrorMessageDisplyedOnResetpasswordWithInvalidEmailId</a> <!-- method navigator-link -->
                      </span>
                      <br/>
                      <span>
                        <img width="3%" src="passed.png"/>
                        <a href="#" class="method navigator-link" panel-name="suite-Suite" title="com.buffalocart.Test.AddRolesTest" hash-for-method="VerifyUserCanAddRoles">VerifyUserCanAddRoles</a> <!-- method navigator-link -->
                      </span>
                      <br/>
                      <span>
                        <img width="3%" src="passed.png"/>
                        <a href="#" class="method navigator-link" panel-name="suite-Suite" title="com.buffalocart.Test.ViewUserTest" hash-for-method="verifyDetailsDisplayedOnViewuserPage">verifyDetailsDisplayedOnViewuserPage</a> <!-- method navigator-link -->
                      </span>
                      <br/>
                      <span>
                        <img width="3%" src="passed.png"/>
                        <a href="#" class="method navigator-link" panel-name="suite-Suite" title="com.buffalocart.Test.HomeTest" hash-for-method="verifyHomepageTitle">verifyHomepageTitle</a> <!-- method navigator-link -->
                      </span>
                      <br/>
                      <span>
                        <img width="3%" src="passed.png"/>
                        <a href="#" class="method navigator-link" panel-name="suite-Suite" title="com.buffalocart.Test.AddRolesTest" hash-for-method="verifyRolespageTitle">verifyRolespageTitle</a> <!-- method navigator-link -->
                      </span>
                      <br/>
                      <span>
                        <img width="3%" src="passed.png"/>
                        <a href="#" class="method navigator-link" panel-name="suite-Suite" title="com.buffalocart.Test.RolesTest" hash-for-method="verifyRolespageTitle">verifyRolespageTitle</a> <!-- method navigator-link -->
                      </span>
                      <br/>
                      <span>
                        <img width="3%" src="passed.png"/>
                        <a href="#" class="method navigator-link" panel-name="suite-Suite" title="com.buffalocart.Test.UserManagementTest" hash-for-method="verifyUserManagementSubTabs">verifyUserManagementSubTabs</a> <!-- method navigator-link -->
                      </span>
                      <br/>
                      <span>
                        <img width="3%" src="passed.png"/>
                        <a href="#" class="method navigator-link" panel-name="suite-Suite" title="com.buffalocart.Test.SignoutTest" hash-for-method="verifyUserNavigatingToLoginPageByClickingOnSignout">verifyUserNavigatingToLoginPageByClickingOnSignout</a> <!-- method navigator-link -->
                      </span>
                      <br/>
                      <span>
                        <img width="3%" src="passed.png"/>
                        <a href="#" class="method navigator-link" panel-name="suite-Suite" title="com.buffalocart.Test.UsersTest" hash-for-method="verifyUserspageTitle">verifyUserspageTitle</a> <!-- method navigator-link -->
                      </span>
                      <br/>
                    </div> <!-- method-list-content passed suite-Suite -->
                  </li>
                </ul>
              </div> <!-- suite-section-content -->
            </div> <!-- result-section -->
          </div> <!-- navigator-suite-content -->
        </div> <!-- rounded-window -->
      </div> <!-- suite -->
    </div> <!-- navigator-root -->
    <div class="wrapper">
      <div class="main-panel-root">
        <div panel-name="suite-Suite" class="panel Suite">
          <div class="suite-Suite-class-failed">
            <div class="main-panel-header rounded-window-top">
              <img src="failed.png"/>
              <span class="class-name">com.buffalocart.Test.UsersTest</span>
            </div> <!-- main-panel-header rounded-window-top -->
            <div class="main-panel-content rounded-window-bottom">
              <div class="method">
                <div class="method-content">
                  <a name="verifyUserLoginWithNewlyAddedUser">
                  </a> <!-- verifyUserLoginWithNewlyAddedUser -->
                  <span class="method-name">verifyUserLoginWithNewlyAddedUser</span>
                  <div class="stack-trace">org.openqa.selenium.NoSuchElementException: no such element: Unable to locate element: {&quot;method&quot;:&quot;xpath&quot;,&quot;selector&quot;:&quot;//button[@class=&apos;btn btn-default btn-sm&apos;]&quot;}
  (Session info: chrome=94.0.4606.81)
For documentation on this error, please visit: https://www.seleniumhq.org/exceptions/no_such_element.html
Build info: version: &apos;3.141.59&apos;, revision: &apos;e82be7d358&apos;, time: &apos;2018-11-14T08:17:03&apos;
System info: host: &apos;ACHUS_MACHINE&apos;, ip: &apos;192.168.1.101&apos;, os.name: &apos;Windows 10&apos;, os.arch: &apos;amd64&apos;, os.version: &apos;10.0&apos;, java.version: &apos;1.8.0_301&apos;
Driver info: org.openqa.selenium.chrome.ChromeDriver
Capabilities {acceptInsecureCerts: false, browserName: chrome, browserVersion: 94.0.4606.81, chrome: {chromedriverVersion: 94.0.4606.61 (418b78f5838ed..., userDataDir: C:\Users\archa\AppData\Loca...}, goog:chromeOptions: {debuggerAddress: localhost:54873}, javascriptEnabled: true, networkConnectionEnabled: false, pageLoadStrategy: normal, platform: WINDOWS, platformName: WINDOWS, proxy: Proxy(), setWindowRect: true, strictFileInteractability: false, timeouts: {implicit: 0, pageLoad: 300000, script: 30000}, unhandledPromptBehavior: dismiss and notify, webauthn:extension:credBlob: true, webauthn:extension:largeBlob: true, webauthn:virtualAuthenticators: true}
Session ID: 053502075ae784dc8046c90b163023a9
*** Element info: {Using=xpath, value=//button[@class=&apos;btn btn-default btn-sm&apos;]}
	at org.openqa.selenium.remote.http.W3CHttpResponseCodec.createException(W3CHttpResponseCodec.java:187)
	at org.openqa.selenium.remote.http.W3CHttpResponseCodec.decode(W3CHttpResponseCodec.java:122)
	at org.openqa.selenium.remote.http.W3CHttpResponseCodec.decode(W3CHttpResponseCodec.java:49)
	at org.openqa.selenium.remote.HttpCommandExecutor.execute(HttpCommandExecutor.java:158)
	at org.openqa.selenium.remote.service.DriverCommandExecutor.execute(DriverCommandExecutor.java:83)
	at org.openqa.selenium.remote.RemoteWebDriver.execute(RemoteWebDriver.java:552)
	at org.openqa.selenium.remote.RemoteWebDriver.findElement(RemoteWebDriver.java:323)
	at org.openqa.selenium.remote.RemoteWebDriver.findElementByXPath(RemoteWebDriver.java:428)
	at org.openqa.selenium.By$ByXPath.findElement(By.java:353)
	at org.openqa.selenium.remote.RemoteWebDriver.findElement(RemoteWebDriver.java:315)
	at org.openqa.selenium.support.pagefactory.DefaultElementLocator.findElement(DefaultElementLocator.java:69)
	at org.openqa.selenium.support.pagefactory.internal.LocatingElementHandler.invoke(LocatingElementHandler.java:38)
	at com.sun.proxy.$Proxy12.click(Unknown Source)
	at com.buffalocart.utilities.PageUtility.clickOnElement(PageUtility.java:14)
	at com.buffalocart.pages.HomePage.clickOnEndTour(HomePage.java:46)
	at com.buffalocart.Test.UsersTest.verifyUserLoginWithNewlyAddedUser(UsersTest.java:87)
	at java.util.ArrayList.forEach(ArrayList.java:1259)
... Removed 31 stack frames
</div> <!-- stack-trace -->
                  <em>
(TC_013_Verify user login with newly added user)                  </em>
                </div> <!-- method-content -->
              </div> <!-- method -->
              <div class="method">
                <div class="method-content">
                  <a name="verifyUserSearch">
                  </a> <!-- verifyUserSearch -->
                  <span class="method-name">verifyUserSearch</span>
                  <div class="stack-trace">java.lang.ArithmeticException: / by zero
	at com.buffalocart.utilities.TableUtility.gridData(TableUtility.java:18)
	at com.buffalocart.pages.UsersPage.getTableData(UsersPage.java:67)
	at com.buffalocart.Test.UsersTest.verifyUserSearch(UsersTest.java:64)
	at java.util.ArrayList.forEach(ArrayList.java:1259)
... Removed 27 stack frames
</div> <!-- stack-trace -->
                  <em>
(TC_011_Verify user search)                  </em>
                </div> <!-- method-content -->
              </div> <!-- method -->
            </div> <!-- main-panel-content rounded-window-bottom -->
          </div> <!-- suite-Suite-class-failed -->
          <div class="suite-Suite-class-failed">
            <div class="main-panel-header rounded-window-top">
              <img src="failed.png"/>
              <span class="class-name">com.buffalocart.Test.LoginTest</span>
            </div> <!-- main-panel-header rounded-window-top -->
            <div class="main-panel-content rounded-window-bottom">
              <div class="method">
                <div class="method-content">
                  <a name="verifyLoginpageTitle">
                  </a> <!-- verifyLoginpageTitle -->
                  <span class="method-name">verifyLoginpageTitle</span>
                  <div class="stack-trace">java.lang.NullPointerException
	at com.buffalocart.Test.LoginTest.verifyLoginpageTitle(LoginTest.java:25)
	at java.util.ArrayList.forEach(ArrayList.java:1259)
... Removed 27 stack frames
</div> <!-- stack-trace -->
                  <em>
(TC_001_Verify login page title)                  </em>
                </div> <!-- method-content -->
              </div> <!-- method -->
              <div class="method">
                <div class="method-content">
                  <a name="verifyUserAbleToClickOnRememeberMeCheckbox">
                  </a> <!-- verifyUserAbleToClickOnRememeberMeCheckbox -->
                  <span class="method-name">verifyUserAbleToClickOnRememeberMeCheckbox</span>
                  <div class="stack-trace">java.lang.NullPointerException
	at com.buffalocart.Test.LoginTest.verifyUserAbleToClickOnRememeberMeCheckbox(LoginTest.java:65)
	at java.util.ArrayList.forEach(ArrayList.java:1259)
... Removed 27 stack frames
</div> <!-- stack-trace -->
                  <em>
(TC_004_Verify User is able to click on rememeberme Checkbox)                  </em>
                </div> <!-- method-content -->
              </div> <!-- method -->
              <div class="method">
                <div class="method-content">
                  <a name="verifyUserLoginWithInvalidUserCredentials">
                  </a> <!-- verifyUserLoginWithInvalidUserCredentials -->
                  <span class="method-name">verifyUserLoginWithInvalidUserCredentials</span>
                  <div class="stack-trace">java.lang.NullPointerException
	at com.buffalocart.Test.LoginTest.verifyUserLoginWithInvalidUserCredentials(LoginTest.java:52)
	at java.util.ArrayList.forEach(ArrayList.java:1259)
... Removed 27 stack frames
</div> <!-- stack-trace -->
                  <em>
(TC_003_Verify the error message displayed for user login with invalid credentials)                  </em>
                </div> <!-- method-content -->
              </div> <!-- method -->
              <div class="method">
                <div class="method-content">
                  <a name="verifyUserLoginWithValidUserCredentials">
                  </a> <!-- verifyUserLoginWithValidUserCredentials -->
                  <span class="method-name">verifyUserLoginWithValidUserCredentials</span>
                  <div class="stack-trace">java.lang.NullPointerException
	at com.buffalocart.Test.LoginTest.verifyUserLoginWithValidUserCredentials(LoginTest.java:34)
	at java.util.ArrayList.forEach(ArrayList.java:1259)
... Removed 27 stack frames
</div> <!-- stack-trace -->
                  <em>
(TC_002_Verify user login with valid user credentials)                  </em>
                </div> <!-- method-content -->
              </div> <!-- method -->
            </div> <!-- main-panel-content rounded-window-bottom -->
          </div> <!-- suite-Suite-class-failed -->
          <div class="suite-Suite-class-failed">
            <div class="main-panel-header rounded-window-top">
              <img src="failed.png"/>
              <span class="class-name">com.buffalocart.Test.AddSalesCommisionAgentTest</span>
            </div> <!-- main-panel-header rounded-window-top -->
            <div class="main-panel-content rounded-window-bottom">
              <div class="method">
                <div class="method-content">
                  <a name="verifyErrorMessageDisplayedWithoutFillingMandatoryFields">
                  </a> <!-- verifyErrorMessageDisplayedWithoutFillingMandatoryFields -->
                  <span class="method-name">verifyErrorMessageDisplayedWithoutFillingMandatoryFields</span>
                  <div class="stack-trace">org.openqa.selenium.NoSuchElementException: no such element: Unable to locate element: {&quot;method&quot;:&quot;css selector&quot;,&quot;selector&quot;:&quot;#surname&quot;}
  (Session info: chrome=94.0.4606.81)
For documentation on this error, please visit: https://www.seleniumhq.org/exceptions/no_such_element.html
Build info: version: &apos;3.141.59&apos;, revision: &apos;e82be7d358&apos;, time: &apos;2018-11-14T08:17:03&apos;
System info: host: &apos;ACHUS_MACHINE&apos;, ip: &apos;192.168.1.101&apos;, os.name: &apos;Windows 10&apos;, os.arch: &apos;amd64&apos;, os.version: &apos;10.0&apos;, java.version: &apos;1.8.0_301&apos;
Driver info: org.openqa.selenium.chrome.ChromeDriver
Capabilities {acceptInsecureCerts: false, browserName: chrome, browserVersion: 94.0.4606.81, chrome: {chromedriverVersion: 94.0.4606.61 (418b78f5838ed..., userDataDir: C:\Users\archa\AppData\Loca...}, goog:chromeOptions: {debuggerAddress: localhost:53970}, javascriptEnabled: true, networkConnectionEnabled: false, pageLoadStrategy: normal, platform: WINDOWS, platformName: WINDOWS, proxy: Proxy(), setWindowRect: true, strictFileInteractability: false, timeouts: {implicit: 0, pageLoad: 300000, script: 30000}, unhandledPromptBehavior: dismiss and notify, webauthn:extension:credBlob: true, webauthn:extension:largeBlob: true, webauthn:virtualAuthenticators: true}
Session ID: fd4934e5fe5e3465971c958b35a32c2d
*** Element info: {Using=id, value=surname}
	at org.openqa.selenium.remote.http.W3CHttpResponseCodec.createException(W3CHttpResponseCodec.java:187)
	at org.openqa.selenium.remote.http.W3CHttpResponseCodec.decode(W3CHttpResponseCodec.java:122)
	at org.openqa.selenium.remote.http.W3CHttpResponseCodec.decode(W3CHttpResponseCodec.java:49)
	at org.openqa.selenium.remote.HttpCommandExecutor.execute(HttpCommandExecutor.java:158)
	at org.openqa.selenium.remote.service.DriverCommandExecutor.execute(DriverCommandExecutor.java:83)
	at org.openqa.selenium.remote.RemoteWebDriver.execute(RemoteWebDriver.java:552)
	at org.openqa.selenium.remote.RemoteWebDriver.findElement(RemoteWebDriver.java:323)
	at org.openqa.selenium.remote.RemoteWebDriver.findElementById(RemoteWebDriver.java:372)
	at org.openqa.selenium.By$ById.findElement(By.java:188)
	at org.openqa.selenium.remote.RemoteWebDriver.findElement(RemoteWebDriver.java:315)
	at org.openqa.selenium.support.pagefactory.DefaultElementLocator.findElement(DefaultElementLocator.java:69)
	at org.openqa.selenium.support.pagefactory.internal.LocatingElementHandler.invoke(LocatingElementHandler.java:38)
	at com.sun.proxy.$Proxy12.sendKeys(Unknown Source)
	at com.buffalocart.utilities.PageUtility.enterText(PageUtility.java:22)
	at com.buffalocart.pages.AddSalesCommisionAgentPage.enterPrefix(AddSalesCommisionAgentPage.java:59)
	at com.buffalocart.Test.AddSalesCommisionAgentTest.verifyErrorMessageDisplayedWithoutFillingMandatoryFields(AddSalesCommisionAgentTest.java:50)
	at java.util.ArrayList.forEach(ArrayList.java:1259)
... Removed 31 stack frames
</div> <!-- stack-trace -->
                  <em>
(TC_028_Verify user can sales agent )                  </em>
                </div> <!-- method-content -->
              </div> <!-- method -->
            </div> <!-- main-panel-content rounded-window-bottom -->
          </div> <!-- suite-Suite-class-failed -->
          <div class="suite-Suite-class-failed">
            <div class="main-panel-header rounded-window-top">
              <img src="failed.png"/>
              <span class="class-name">com.buffalocart.Test.UpdateUsersTest</span>
            </div> <!-- main-panel-header rounded-window-top -->
            <div class="main-panel-content rounded-window-bottom">
              <div class="method">
                <div class="method-content">
                  <a name="verifyEditUserpageTitle">
                  </a> <!-- verifyEditUserpageTitle -->
                  <span class="method-name">verifyEditUserpageTitle</span>
                  <div class="stack-trace">java.lang.ArithmeticException: / by zero
	at com.buffalocart.utilities.TableUtility.actionData(TableUtility.java:45)
	at com.buffalocart.pages.UsersPage.ClickonEditButton(UsersPage.java:76)
	at com.buffalocart.Test.UpdateUsersTest.verifyEditUserpageTitle(UpdateUsersTest.java:48)
	at java.util.ArrayList.forEach(ArrayList.java:1259)
... Removed 27 stack frames
</div> <!-- stack-trace -->
                  <em>
(TC_016_Verify Edit User page title)                  </em>
                </div> <!-- method-content -->
              </div> <!-- method -->
              <div class="method">
                <div class="method-content">
                  <a name="verifyUserCanEditUserDetails">
                  </a> <!-- verifyUserCanEditUserDetails -->
                  <span class="method-name">verifyUserCanEditUserDetails</span>
                  <div class="stack-trace">org.openqa.selenium.NoSuchElementException: no such element: Unable to locate element: {&quot;method&quot;:&quot;css selector&quot;,&quot;selector&quot;:&quot;#last_name&quot;}
  (Session info: chrome=94.0.4606.81)
For documentation on this error, please visit: https://www.seleniumhq.org/exceptions/no_such_element.html
Build info: version: &apos;3.141.59&apos;, revision: &apos;e82be7d358&apos;, time: &apos;2018-11-14T08:17:03&apos;
System info: host: &apos;ACHUS_MACHINE&apos;, ip: &apos;192.168.1.101&apos;, os.name: &apos;Windows 10&apos;, os.arch: &apos;amd64&apos;, os.version: &apos;10.0&apos;, java.version: &apos;1.8.0_301&apos;
Driver info: org.openqa.selenium.chrome.ChromeDriver
Capabilities {acceptInsecureCerts: false, browserName: chrome, browserVersion: 94.0.4606.81, chrome: {chromedriverVersion: 94.0.4606.61 (418b78f5838ed..., userDataDir: C:\Users\archa\AppData\Loca...}, goog:chromeOptions: {debuggerAddress: localhost:61312}, javascriptEnabled: true, networkConnectionEnabled: false, pageLoadStrategy: normal, platform: WINDOWS, platformName: WINDOWS, proxy: Proxy(), setWindowRect: true, strictFileInteractability: false, timeouts: {implicit: 0, pageLoad: 300000, script: 30000}, unhandledPromptBehavior: dismiss and notify, webauthn:extension:credBlob: true, webauthn:extension:largeBlob: true, webauthn:virtualAuthenticators: true}
Session ID: 150eb4f0c0cf29d9b65e0cb2ce3d514c
*** Element info: {Using=id, value=last_name}
	at org.openqa.selenium.remote.http.W3CHttpResponseCodec.createException(W3CHttpResponseCodec.java:187)
	at org.openqa.selenium.remote.http.W3CHttpResponseCodec.decode(W3CHttpResponseCodec.java:122)
	at org.openqa.selenium.remote.http.W3CHttpResponseCodec.decode(W3CHttpResponseCodec.java:49)
	at org.openqa.selenium.remote.HttpCommandExecutor.execute(HttpCommandExecutor.java:158)
	at org.openqa.selenium.remote.service.DriverCommandExecutor.execute(DriverCommandExecutor.java:83)
	at org.openqa.selenium.remote.RemoteWebDriver.execute(RemoteWebDriver.java:552)
	at org.openqa.selenium.remote.RemoteWebDriver.findElement(RemoteWebDriver.java:323)
	at org.openqa.selenium.remote.RemoteWebDriver.findElementById(RemoteWebDriver.java:372)
	at org.openqa.selenium.By$ById.findElement(By.java:188)
	at org.openqa.selenium.remote.RemoteWebDriver.findElement(RemoteWebDriver.java:315)
	at org.openqa.selenium.support.pagefactory.DefaultElementLocator.findElement(DefaultElementLocator.java:69)
	at org.openqa.selenium.support.pagefactory.internal.LocatingElementHandler.invoke(LocatingElementHandler.java:38)
	at com.sun.proxy.$Proxy12.sendKeys(Unknown Source)
	at com.buffalocart.utilities.PageUtility.enterText(PageUtility.java:22)
	at com.buffalocart.pages.UpdateUsersPage.enterEditUsersLastname(UpdateUsersPage.java:45)
	at com.buffalocart.Test.UpdateUsersTest.verifyUserCanEditUserDetails(UpdateUsersTest.java:74)
	at java.util.ArrayList.forEach(ArrayList.java:1259)
... Removed 31 stack frames
</div> <!-- stack-trace -->
                  <em>
(TC_017_Verify user can edit the user details )                  </em>
                </div> <!-- method-content -->
              </div> <!-- method -->
            </div> <!-- main-panel-content rounded-window-bottom -->
          </div> <!-- suite-Suite-class-failed -->
          <div class="suite-Suite-class-failed">
            <div class="main-panel-header rounded-window-top">
              <img src="failed.png"/>
              <span class="class-name">com.buffalocart.Test.DeleteRolesTest</span>
            </div> <!-- main-panel-header rounded-window-top -->
            <div class="main-panel-content rounded-window-bottom">
              <div class="method">
                <div class="method-content">
                  <a name="verifyUserCanDeleteRole">
                  </a> <!-- verifyUserCanDeleteRole -->
                  <span class="method-name">verifyUserCanDeleteRole</span>
                  <div class="stack-trace">org.openqa.selenium.NoSuchElementException: no such element: Unable to locate element: {&quot;method&quot;:&quot;xpath&quot;,&quot;selector&quot;:&quot;//button[@class=&apos;swal-button swal-button--confirm swal-button--danger&apos;]&quot;}
  (Session info: chrome=94.0.4606.81)
For documentation on this error, please visit: https://www.seleniumhq.org/exceptions/no_such_element.html
Build info: version: &apos;3.141.59&apos;, revision: &apos;e82be7d358&apos;, time: &apos;2018-11-14T08:17:03&apos;
System info: host: &apos;ACHUS_MACHINE&apos;, ip: &apos;192.168.1.101&apos;, os.name: &apos;Windows 10&apos;, os.arch: &apos;amd64&apos;, os.version: &apos;10.0&apos;, java.version: &apos;1.8.0_301&apos;
Driver info: org.openqa.selenium.chrome.ChromeDriver
Capabilities {acceptInsecureCerts: false, browserName: chrome, browserVersion: 94.0.4606.81, chrome: {chromedriverVersion: 94.0.4606.61 (418b78f5838ed..., userDataDir: C:\Users\archa\AppData\Loca...}, goog:chromeOptions: {debuggerAddress: localhost:59296}, javascriptEnabled: true, networkConnectionEnabled: false, pageLoadStrategy: normal, platform: WINDOWS, platformName: WINDOWS, proxy: Proxy(), setWindowRect: true, strictFileInteractability: false, timeouts: {implicit: 0, pageLoad: 300000, script: 30000}, unhandledPromptBehavior: dismiss and notify, webauthn:extension:credBlob: true, webauthn:extension:largeBlob: true, webauthn:virtualAuthenticators: true}
Session ID: 1a25259370f07674ac1d108ff03f2f44
*** Element info: {Using=xpath, value=//button[@class=&apos;swal-button swal-button--confirm swal-button--danger&apos;]}
	at org.openqa.selenium.remote.http.W3CHttpResponseCodec.createException(W3CHttpResponseCodec.java:187)
	at org.openqa.selenium.remote.http.W3CHttpResponseCodec.decode(W3CHttpResponseCodec.java:122)
	at org.openqa.selenium.remote.http.W3CHttpResponseCodec.decode(W3CHttpResponseCodec.java:49)
	at org.openqa.selenium.remote.HttpCommandExecutor.execute(HttpCommandExecutor.java:158)
	at org.openqa.selenium.remote.service.DriverCommandExecutor.execute(DriverCommandExecutor.java:83)
	at org.openqa.selenium.remote.RemoteWebDriver.execute(RemoteWebDriver.java:552)
	at org.openqa.selenium.remote.RemoteWebDriver.findElement(RemoteWebDriver.java:323)
	at org.openqa.selenium.remote.RemoteWebDriver.findElementByXPath(RemoteWebDriver.java:428)
	at org.openqa.selenium.By$ByXPath.findElement(By.java:353)
	at org.openqa.selenium.remote.RemoteWebDriver.findElement(RemoteWebDriver.java:315)
	at org.openqa.selenium.support.pagefactory.DefaultElementLocator.findElement(DefaultElementLocator.java:69)
	at org.openqa.selenium.support.pagefactory.internal.LocatingElementHandler.invoke(LocatingElementHandler.java:38)
	at com.sun.proxy.$Proxy12.click(Unknown Source)
	at com.buffalocart.utilities.PageUtility.clickOnElement(PageUtility.java:14)
	at com.buffalocart.pages.DeleteRolesPage.clickOnDeleteButton(DeleteRolesPage.java:31)
	at com.buffalocart.Test.DeleteRolesTest.verifyUserCanDeleteRole(DeleteRolesTest.java:47)
	at java.util.ArrayList.forEach(ArrayList.java:1259)
... Removed 31 stack frames
</div> <!-- stack-trace -->
                  <em>
(TC_025_Verify user can delete a role)                  </em>
                </div> <!-- method-content -->
              </div> <!-- method -->
            </div> <!-- main-panel-content rounded-window-bottom -->
          </div> <!-- suite-Suite-class-failed -->
          <div class="suite-Suite-class-failed">
            <div class="main-panel-header rounded-window-top">
              <img src="failed.png"/>
              <span class="class-name">com.buffalocart.Test.DeleteUserTest</span>
            </div> <!-- main-panel-header rounded-window-top -->
            <div class="main-panel-content rounded-window-bottom">
              <div class="method">
                <div class="method-content">
                  <a name="verifyEditUserpageTitle">
                  </a> <!-- verifyEditUserpageTitle -->
                  <span class="method-name">verifyEditUserpageTitle</span>
                  <div class="stack-trace">java.lang.NullPointerException
	at com.buffalocart.Test.DeleteUserTest.verifyEditUserpageTitle(DeleteUserTest.java:44)
	at java.util.ArrayList.forEach(ArrayList.java:1259)
... Removed 27 stack frames
</div> <!-- stack-trace -->
                  <em>
(TC_018_Verify user can delete a user)                  </em>
                </div> <!-- method-content -->
              </div> <!-- method -->
            </div> <!-- main-panel-content rounded-window-bottom -->
          </div> <!-- suite-Suite-class-failed -->
          <div class="suite-Suite-class-failed">
            <div class="main-panel-header rounded-window-top">
              <img src="failed.png"/>
              <span class="class-name">com.buffalocart.Test.RolesTest</span>
            </div> <!-- main-panel-header rounded-window-top -->
            <div class="main-panel-content rounded-window-bottom">
              <div class="method">
                <div class="method-content">
                  <a name="verifyAddedRoleInUserAddpage">
                  </a> <!-- verifyAddedRoleInUserAddpage -->
                  <span class="method-name">verifyAddedRoleInUserAddpage</span>
                  <div class="stack-trace">java.lang.AssertionError: The following asserts failed:
	Rolename not found in user add page expected [true] but found [false]
	at com.buffalocart.Test.RolesTest.verifyAddedRoleInUserAddpage(RolesTest.java:78)
	at java.util.ArrayList.forEach(ArrayList.java:1259)
... Removed 29 stack frames
</div> <!-- stack-trace -->
                  <em>
(TC_026_Verify whether the added role in Role page is listed in roles field in user add page)                  </em>
                </div> <!-- method-content -->
              </div> <!-- method -->
            </div> <!-- main-panel-content rounded-window-bottom -->
          </div> <!-- suite-Suite-class-failed -->
          <div class="suite-Suite-class-passed">
            <div class="main-panel-header rounded-window-top">
              <img src="passed.png"/>
              <span class="class-name">com.buffalocart.Test.ResetTest</span>
            </div> <!-- main-panel-header rounded-window-top -->
            <div class="main-panel-content rounded-window-bottom">
              <div class="method">
                <div class="method-content">
                  <a name="VerifyErrorMessageDisplyedOnResetpasswordWithInvalidEmailId">
                  </a> <!-- VerifyErrorMessageDisplyedOnResetpasswordWithInvalidEmailId -->
                  <span class="method-name">VerifyErrorMessageDisplyedOnResetpasswordWithInvalidEmailId</span>
                  <em>
(TC_005_Verify error message displyed on  Reset Password page with invalid email id)                  </em>
                </div> <!-- method-content -->
              </div> <!-- method -->
            </div> <!-- main-panel-content rounded-window-bottom -->
          </div> <!-- suite-Suite-class-passed -->
          <div class="suite-Suite-class-passed">
            <div class="main-panel-header rounded-window-top">
              <img src="passed.png"/>
              <span class="class-name">com.buffalocart.Test.AddRolesTest</span>
            </div> <!-- main-panel-header rounded-window-top -->
            <div class="main-panel-content rounded-window-bottom">
              <div class="method">
                <div class="method-content">
                  <a name="VerifyUserCanAddRoles">
                  </a> <!-- VerifyUserCanAddRoles -->
                  <span class="method-name">VerifyUserCanAddRoles</span>
                  <em>
(TC_022_Verify  user can add roles )                  </em>
                </div> <!-- method-content -->
              </div> <!-- method -->
              <div class="method">
                <div class="method-content">
                  <a name="verifyRolespageTitle">
                  </a> <!-- verifyRolespageTitle -->
                  <span class="method-name">verifyRolespageTitle</span>
                  <em>
(TC_021_Verify Add Roles page title)                  </em>
                </div> <!-- method-content -->
              </div> <!-- method -->
            </div> <!-- main-panel-content rounded-window-bottom -->
          </div> <!-- suite-Suite-class-passed -->
          <div class="suite-Suite-class-passed">
            <div class="main-panel-header rounded-window-top">
              <img src="passed.png"/>
              <span class="class-name">com.buffalocart.Test.UsersTest</span>
            </div> <!-- main-panel-header rounded-window-top -->
            <div class="main-panel-content rounded-window-bottom">
              <div class="method">
                <div class="method-content">
                  <a name="verifyUserspageTitle">
                  </a> <!-- verifyUserspageTitle -->
                  <span class="method-name">verifyUserspageTitle</span>
                  <em>
(TC_010_Verify Users page title)                  </em>
                </div> <!-- method-content -->
              </div> <!-- method -->
            </div> <!-- main-panel-content rounded-window-bottom -->
          </div> <!-- suite-Suite-class-passed -->
          <div class="suite-Suite-class-passed">
            <div class="main-panel-header rounded-window-top">
              <img src="passed.png"/>
              <span class="class-name">com.buffalocart.Test.UserManagementTest</span>
            </div> <!-- main-panel-header rounded-window-top -->
            <div class="main-panel-content rounded-window-bottom">
              <div class="method">
                <div class="method-content">
                  <a name="verifyUserManagementSubTabs">
                  </a> <!-- verifyUserManagementSubTabs -->
                  <span class="method-name">verifyUserManagementSubTabs</span>
                  <em>
(TC_009_Verify the Usermanagement sub tabs)                  </em>
                </div> <!-- method-content -->
              </div> <!-- method -->
            </div> <!-- main-panel-content rounded-window-bottom -->
          </div> <!-- suite-Suite-class-passed -->
          <div class="suite-Suite-class-passed">
            <div class="main-panel-header rounded-window-top">
              <img src="passed.png"/>
              <span class="class-name">com.buffalocart.Test.ViewUserTest</span>
            </div> <!-- main-panel-header rounded-window-top -->
            <div class="main-panel-content rounded-window-bottom">
              <div class="method">
                <div class="method-content">
                  <a name="verifyDetailsDisplayedOnViewuserPage">
                  </a> <!-- verifyDetailsDisplayedOnViewuserPage -->
                  <span class="method-name">verifyDetailsDisplayedOnViewuserPage</span>
                  <em>
(TC_019_Verify  the details displayed on view user page)                  </em>
                </div> <!-- method-content -->
              </div> <!-- method -->
            </div> <!-- main-panel-content rounded-window-bottom -->
          </div> <!-- suite-Suite-class-passed -->
          <div class="suite-Suite-class-passed">
            <div class="main-panel-header rounded-window-top">
              <img src="passed.png"/>
              <span class="class-name">com.buffalocart.Test.RolesTest</span>
            </div> <!-- main-panel-header rounded-window-top -->
            <div class="main-panel-content rounded-window-bottom">
              <div class="method">
                <div class="method-content">
                  <a name="verifyRolespageTitle">
                  </a> <!-- verifyRolespageTitle -->
                  <span class="method-name">verifyRolespageTitle</span>
                  <em>
(TC_020_Verify Roles page title)                  </em>
                </div> <!-- method-content -->
              </div> <!-- method -->
            </div> <!-- main-panel-content rounded-window-bottom -->
          </div> <!-- suite-Suite-class-passed -->
          <div class="suite-Suite-class-passed">
            <div class="main-panel-header rounded-window-top">
              <img src="passed.png"/>
              <span class="class-name">com.buffalocart.Test.HomeTest</span>
            </div> <!-- main-panel-header rounded-window-top -->
            <div class="main-panel-content rounded-window-bottom">
              <div class="method">
                <div class="method-content">
                  <a name="VerifyDateDisplayedInHomepage">
                  </a> <!-- VerifyDateDisplayedInHomepage -->
                  <span class="method-name">VerifyDateDisplayedInHomepage</span>
                  <em>
(TC_007_Verify date displayed in home page )                  </em>
                </div> <!-- method-content -->
              </div> <!-- method -->
              <div class="method">
                <div class="method-content">
                  <a name="verifyHomepageTitle">
                  </a> <!-- verifyHomepageTitle -->
                  <span class="method-name">verifyHomepageTitle</span>
                  <em>
(TC_006_Verify home page title)                  </em>
                </div> <!-- method-content -->
              </div> <!-- method -->
            </div> <!-- main-panel-content rounded-window-bottom -->
          </div> <!-- suite-Suite-class-passed -->
          <div class="suite-Suite-class-passed">
            <div class="main-panel-header rounded-window-top">
              <img src="passed.png"/>
              <span class="class-name">com.buffalocart.Test.SignoutTest</span>
            </div> <!-- main-panel-header rounded-window-top -->
            <div class="main-panel-content rounded-window-bottom">
              <div class="method">
                <div class="method-content">
                  <a name="verifyUserNavigatingToLoginPageByClickingOnSignout">
                  </a> <!-- verifyUserNavigatingToLoginPageByClickingOnSignout -->
                  <span class="method-name">verifyUserNavigatingToLoginPageByClickingOnSignout</span>
                  <em>
(TC_008_Verify whether user is navigating to login page by clicking on Sign out button)                  </em>
                </div> <!-- method-content -->
              </div> <!-- method -->
            </div> <!-- main-panel-content rounded-window-bottom -->
          </div> <!-- suite-Suite-class-passed -->
        </div> <!-- panel Suite -->
        <div panel-name="test-xml-Suite" class="panel">
          <div class="main-panel-header rounded-window-top">
            <span class="header-content">C:\Users\archa\selenium_TestNG_Obsqura\BuffaloCart\testngfinal.xml</span>
          </div> <!-- main-panel-header rounded-window-top -->
          <div class="main-panel-content rounded-window-bottom">
            <pre>
&lt;?xml version=&quot;1.0&quot; encoding=&quot;UTF-8&quot;?&gt;
&lt;!DOCTYPE suite SYSTEM &quot;https://testng.org/testng-1.0.dtd&quot;&gt;
&lt;suite guice-stage=&quot;DEVELOPMENT&quot; name=&quot;Suite&quot;&gt;
  &lt;test thread-count=&quot;5&quot; name=&quot;Test&quot;&gt;
    &lt;parameter name=&quot;browser&quot; value=&quot;chrome&quot;/&gt;
    &lt;classes&gt;
      &lt;class name=&quot;com.buffalocart.Test.HomeTest&quot;/&gt;
      &lt;class name=&quot;com.buffalocart.Test.SignoutTest&quot;/&gt;
      &lt;class name=&quot;com.buffalocart.Test.UserManagementTest&quot;/&gt;
      &lt;class name=&quot;com.buffalocart.Test.DeleteUserTest&quot;/&gt;
      &lt;class name=&quot;com.buffalocart.Test.DeleteRolesTest&quot;/&gt;
      &lt;class name=&quot;com.buffalocart.Test.AddRolesTest&quot;/&gt;
      &lt;class name=&quot;com.buffalocart.Test.UpdateUsersTest&quot;/&gt;
      &lt;class name=&quot;com.buffalocart.Test.AddSalesCommisionAgentTest&quot;/&gt;
      &lt;class name=&quot;com.buffalocart.Test.ViewUserTest&quot;/&gt;
      &lt;class name=&quot;com.buffalocart.automationcore.Base&quot;/&gt;
      &lt;class name=&quot;com.buffalocart.Test.UsersTest&quot;/&gt;
      &lt;class name=&quot;com.buffalocart.Test.RolesTest&quot;/&gt;
      &lt;class name=&quot;com.buffalocart.Test.ResetTest&quot;/&gt;
      &lt;class name=&quot;com.buffalocart.Test.LoginTest&quot;/&gt;
    &lt;/classes&gt;
  &lt;/test&gt; &lt;!-- Test --&gt;
&lt;/suite&gt; &lt;!-- Suite --&gt;
            </pre>
          </div> <!-- main-panel-content rounded-window-bottom -->
        </div> <!-- panel -->
        <div panel-name="testlist-Suite" class="panel">
          <div class="main-panel-header rounded-window-top">
            <span class="header-content">Tests for Suite</span>
          </div> <!-- main-panel-header rounded-window-top -->
          <div class="main-panel-content rounded-window-bottom">
            <ul>
              <li>
                <span class="test-name">Test (14 classes)</span>
              </li>
            </ul>
          </div> <!-- main-panel-content rounded-window-bottom -->
        </div> <!-- panel -->
        <div panel-name="group-Suite" class="panel">
          <div class="main-panel-header rounded-window-top">
            <span class="header-content">Groups for Suite</span>
          </div> <!-- main-panel-header rounded-window-top -->
          <div class="main-panel-content rounded-window-bottom">
          </div> <!-- main-panel-content rounded-window-bottom -->
        </div> <!-- panel -->
        <div panel-name="times-Suite" class="panel">
          <div class="main-panel-header rounded-window-top">
            <span class="header-content">Times for Suite</span>
          </div> <!-- main-panel-header rounded-window-top -->
          <div class="main-panel-content rounded-window-bottom">
            <div class="times-div">
              <script type="text/javascript">
suiteTableInitFunctions.push('tableData_Suite');
function tableData_Suite() {
var data = new google.visualization.DataTable();
data.addColumn('number', 'Number');
data.addColumn('string', 'Method');
data.addColumn('string', 'Class');
data.addColumn('number', 'Time (ms)');
data.addRows(22);
data.setCell(0, 0, 0)
data.setCell(0, 1, 'VerifyUserCanAddRoles')
data.setCell(0, 2, 'com.buffalocart.Test.AddRolesTest')
data.setCell(0, 3, 25216);
data.setCell(1, 0, 1)
data.setCell(1, 1, 'verifyUserspageTitle')
data.setCell(1, 2, 'com.buffalocart.Test.UsersTest')
data.setCell(1, 3, 13228);
data.setCell(2, 0, 2)
data.setCell(2, 1, 'verifyAddedRoleInUserAddpage')
data.setCell(2, 2, 'com.buffalocart.Test.RolesTest')
data.setCell(2, 3, 13079);
data.setCell(3, 0, 3)
data.setCell(3, 1, 'verifyRolespageTitle')
data.setCell(3, 2, 'com.buffalocart.Test.AddRolesTest')
data.setCell(3, 3, 12844);
data.setCell(4, 0, 4)
data.setCell(4, 1, 'verifyDetailsDisplayedOnViewuserPage')
data.setCell(4, 2, 'com.buffalocart.Test.ViewUserTest')
data.setCell(4, 3, 11831);
data.setCell(5, 0, 5)
data.setCell(5, 1, 'verifyUserCanDeleteRole')
data.setCell(5, 2, 'com.buffalocart.Test.DeleteRolesTest')
data.setCell(5, 3, 11743);
data.setCell(6, 0, 6)
data.setCell(6, 1, 'verifyErrorMessageDisplayedWithoutFillingMandatoryFields')
data.setCell(6, 2, 'com.buffalocart.Test.AddSalesCommisionAgentTest')
data.setCell(6, 3, 11655);
data.setCell(7, 0, 7)
data.setCell(7, 1, 'VerifyDateDisplayedInHomepage')
data.setCell(7, 2, 'com.buffalocart.Test.HomeTest')
data.setCell(7, 3, 11199);
data.setCell(8, 0, 8)
data.setCell(8, 1, 'verifyUserManagementSubTabs')
data.setCell(8, 2, 'com.buffalocart.Test.UserManagementTest')
data.setCell(8, 3, 11182);
data.setCell(9, 0, 9)
data.setCell(9, 1, 'verifyEditUserpageTitle')
data.setCell(9, 2, 'com.buffalocart.Test.DeleteUserTest')
data.setCell(9, 3, 11122);
data.setCell(10, 0, 10)
data.setCell(10, 1, 'verifyUserSearch')
data.setCell(10, 2, 'com.buffalocart.Test.UsersTest')
data.setCell(10, 3, 11094);
data.setCell(11, 0, 11)
data.setCell(11, 1, 'verifyEditUserpageTitle')
data.setCell(11, 2, 'com.buffalocart.Test.UpdateUsersTest')
data.setCell(11, 3, 10718);
data.setCell(12, 0, 12)
data.setCell(12, 1, 'verifyUserCanEditUserDetails')
data.setCell(12, 2, 'com.buffalocart.Test.UpdateUsersTest')
data.setCell(12, 3, 9772);
data.setCell(13, 0, 13)
data.setCell(13, 1, 'verifyRolespageTitle')
data.setCell(13, 2, 'com.buffalocart.Test.RolesTest')
data.setCell(13, 3, 9511);
data.setCell(14, 0, 14)
data.setCell(14, 1, 'verifyHomepageTitle')
data.setCell(14, 2, 'com.buffalocart.Test.HomeTest')
data.setCell(14, 3, 9203);
data.setCell(15, 0, 15)
data.setCell(15, 1, 'verifyUserNavigatingToLoginPageByClickingOnSignout')
data.setCell(15, 2, 'com.buffalocart.Test.SignoutTest')
data.setCell(15, 3, 8054);
data.setCell(16, 0, 16)
data.setCell(16, 1, 'VerifyErrorMessageDisplyedOnResetpasswordWithInvalidEmailId')
data.setCell(16, 2, 'com.buffalocart.Test.ResetTest')
data.setCell(16, 3, 3973);
data.setCell(17, 0, 17)
data.setCell(17, 1, 'verifyUserLoginWithNewlyAddedUser')
data.setCell(17, 2, 'com.buffalocart.Test.UsersTest')
data.setCell(17, 3, 3078);
data.setCell(18, 0, 18)
data.setCell(18, 1, 'verifyUserLoginWithInvalidUserCredentials')
data.setCell(18, 2, 'com.buffalocart.Test.LoginTest')
data.setCell(18, 3, 2);
data.setCell(19, 0, 19)
data.setCell(19, 1, 'verifyUserAbleToClickOnRememeberMeCheckbox')
data.setCell(19, 2, 'com.buffalocart.Test.LoginTest')
data.setCell(19, 3, 1);
data.setCell(20, 0, 20)
data.setCell(20, 1, 'verifyLoginpageTitle')
data.setCell(20, 2, 'com.buffalocart.Test.LoginTest')
data.setCell(20, 3, 1);
data.setCell(21, 0, 21)
data.setCell(21, 1, 'verifyUserLoginWithValidUserCredentials')
data.setCell(21, 2, 'com.buffalocart.Test.LoginTest')
data.setCell(21, 3, 0);
window.suiteTableData['Suite']= { tableData: data, tableDiv: 'times-div-Suite'}
return data;
}
              </script>
              <span class="suite-total-time">Total running time: 3 minutes</span>
              <div id="times-div-Suite">
              </div> <!-- times-div-Suite -->
            </div> <!-- times-div -->
          </div> <!-- main-panel-content rounded-window-bottom -->
        </div> <!-- panel -->
        <div panel-name="reporter-Suite" class="panel">
          <div class="main-panel-header rounded-window-top">
            <span class="header-content">Reporter output for Suite</span>
          </div> <!-- main-panel-header rounded-window-top -->
          <div class="main-panel-content rounded-window-bottom">
          </div> <!-- main-panel-content rounded-window-bottom -->
        </div> <!-- panel -->
        <div panel-name="ignored-methods-Suite" class="panel">
          <div class="main-panel-header rounded-window-top">
            <span class="header-content">26 ignored methods</span>
          </div> <!-- main-panel-header rounded-window-top -->
          <div class="main-panel-content rounded-window-bottom">
            <div class="ignored-class-div">
              <span class="ignored-class-name">com.buffalocart.Test.UsersTest</span>
              <div class="ignored-methods-div">
                <span class="ignored-method-name">endReport</span>
                <br/>
                <span class="ignored-method-name">setExtentReport</span>
                <br/>
              </div> <!-- ignored-methods-div -->
            </div> <!-- ignored-class-div -->
            <div class="ignored-class-div">
              <span class="ignored-class-name">com.buffalocart.Test.LoginTest</span>
              <div class="ignored-methods-div">
                <span class="ignored-method-name">endReport</span>
                <br/>
                <span class="ignored-method-name">setExtentReport</span>
                <br/>
              </div> <!-- ignored-methods-div -->
            </div> <!-- ignored-class-div -->
            <div class="ignored-class-div">
              <span class="ignored-class-name">com.buffalocart.Test.AddSalesCommisionAgentTest</span>
              <div class="ignored-methods-div">
                <span class="ignored-method-name">endReport</span>
                <br/>
                <span class="ignored-method-name">setExtentReport</span>
                <br/>
              </div> <!-- ignored-methods-div -->
            </div> <!-- ignored-class-div -->
            <div class="ignored-class-div">
              <span class="ignored-class-name">com.buffalocart.Test.UserManagementTest</span>
              <div class="ignored-methods-div">
                <span class="ignored-method-name">endReport</span>
                <br/>
                <span class="ignored-method-name">setExtentReport</span>
                <br/>
              </div> <!-- ignored-methods-div -->
            </div> <!-- ignored-class-div -->
            <div class="ignored-class-div">
              <span class="ignored-class-name">com.buffalocart.Test.UpdateUsersTest</span>
              <div class="ignored-methods-div">
                <span class="ignored-method-name">endReport</span>
                <br/>
                <span class="ignored-method-name">setExtentReport</span>
                <br/>
              </div> <!-- ignored-methods-div -->
            </div> <!-- ignored-class-div -->
            <div class="ignored-class-div">
              <span class="ignored-class-name">com.buffalocart.Test.ViewUserTest</span>
              <div class="ignored-methods-div">
                <span class="ignored-method-name">endReport</span>
                <br/>
                <span class="ignored-method-name">setExtentReport</span>
                <br/>
              </div> <!-- ignored-methods-div -->
            </div> <!-- ignored-class-div -->
            <div class="ignored-class-div">
              <span class="ignored-class-name">com.buffalocart.automationcore.Base</span>
              <div class="ignored-methods-div">
                <span class="ignored-method-name">endReport</span>
                <br/>
                <span class="ignored-method-name">setExtentReport</span>
                <br/>
              </div> <!-- ignored-methods-div -->
            </div> <!-- ignored-class-div -->
            <div class="ignored-class-div">
              <span class="ignored-class-name">com.buffalocart.Test.ResetTest</span>
              <div class="ignored-methods-div">
                <span class="ignored-method-name">endReport</span>
                <br/>
                <span class="ignored-method-name">setExtentReport</span>
                <br/>
              </div> <!-- ignored-methods-div -->
            </div> <!-- ignored-class-div -->
            <div class="ignored-class-div">
              <span class="ignored-class-name">com.buffalocart.Test.AddRolesTest</span>
              <div class="ignored-methods-div">
                <span class="ignored-method-name">endReport</span>
                <br/>
                <span class="ignored-method-name">setExtentReport</span>
                <br/>
              </div> <!-- ignored-methods-div -->
            </div> <!-- ignored-class-div -->
            <div class="ignored-class-div">
              <span class="ignored-class-name">com.buffalocart.Test.DeleteRolesTest</span>
              <div class="ignored-methods-div">
                <span class="ignored-method-name">endReport</span>
                <br/>
                <span class="ignored-method-name">setExtentReport</span>
                <br/>
              </div> <!-- ignored-methods-div -->
            </div> <!-- ignored-class-div -->
            <div class="ignored-class-div">
              <span class="ignored-class-name">com.buffalocart.Test.DeleteUserTest</span>
              <div class="ignored-methods-div">
                <span class="ignored-method-name">endReport</span>
                <br/>
                <span class="ignored-method-name">setExtentReport</span>
                <br/>
              </div> <!-- ignored-methods-div -->
            </div> <!-- ignored-class-div -->
            <div class="ignored-class-div">
              <span class="ignored-class-name">com.buffalocart.Test.RolesTest</span>
              <div class="ignored-methods-div">
                <span class="ignored-method-name">endReport</span>
                <br/>
                <span class="ignored-method-name">setExtentReport</span>
                <br/>
              </div> <!-- ignored-methods-div -->
            </div> <!-- ignored-class-div -->
            <div class="ignored-class-div">
              <span class="ignored-class-name">com.buffalocart.Test.SignoutTest</span>
              <div class="ignored-methods-div">
                <span class="ignored-method-name">endReport</span>
                <br/>
                <span class="ignored-method-name">setExtentReport</span>
                <br/>
              </div> <!-- ignored-methods-div -->
            </div> <!-- ignored-class-div -->
          </div> <!-- main-panel-content rounded-window-bottom -->
        </div> <!-- panel -->
        <div panel-name="chronological-Suite" class="panel">
          <div class="main-panel-header rounded-window-top">
            <span class="header-content">Methods in chronological order</span>
          </div> <!-- main-panel-header rounded-window-top -->
          <div class="main-panel-content rounded-window-bottom">
            <div class="chronological-class">
              <div class="chronological-class-name">com.buffalocart.Test.HomeTest</div> <!-- chronological-class-name -->
              <div class="configuration-test before">
                <span class="method-name">setExtentReport</span>
                <span class="method-start">0 ms</span>
              </div> <!-- configuration-test before -->
              <div class="configuration-method before">
                <span class="method-name">setUp(chrome)</span>
                <span class="method-start">298 ms</span>
              </div> <!-- configuration-method before -->
              <div class="test-method">
                <span class="method-name">verifyHomepageTitle</span>
                <span class="method-start">16594 ms</span>
              </div> <!-- test-method -->
              <div class="configuration-method after">
                <span class="method-name">tearDown([TestResult name=verifyHomepageTitle status=SUCCESS method=HomeTest.verifyHomepageTitle()[pri:6, ins...)</span>
                <span class="method-start">25801 ms</span>
              </div> <!-- configuration-method after -->
              <div class="configuration-method before">
                <span class="method-name">setUp(chrome)</span>
                <span class="method-start">26128 ms</span>
              </div> <!-- configuration-method before -->
              <div class="test-method">
                <span class="method-name">VerifyDateDisplayedInHomepage</span>
                <span class="method-start">41824 ms</span>
              </div> <!-- test-method -->
              <div class="configuration-method after">
                <span class="method-name">tearDown([TestResult name=VerifyDateDisplayedInHomepage status=SUCCESS method=HomeTest.VerifyDateDisplayedInH...)</span>
                <span class="method-start">53025 ms</span>
              </div> <!-- configuration-method after -->
            </div> <!-- chronological-class -->
            <div class="chronological-class">
              <div class="chronological-class-name">com.buffalocart.Test.SignoutTest</div> <!-- chronological-class-name -->
              <div class="configuration-method before">
                <span class="method-name">setUp(chrome)</span>
                <span class="method-start">53283 ms</span>
              </div> <!-- configuration-method before -->
              <div class="test-method">
                <span class="method-name">verifyUserNavigatingToLoginPageByClickingOnSignout</span>
                <span class="method-start">76421 ms</span>
              </div> <!-- test-method -->
              <div class="configuration-method after">
                <span class="method-name">tearDown([TestResult name=verifyUserNavigatingToLoginPageByClickingOnSignout status=SUCCESS method=SignoutTes...)</span>
                <span class="method-start">84478 ms</span>
              </div> <!-- configuration-method after -->
            </div> <!-- chronological-class -->
            <div class="chronological-class">
              <div class="chronological-class-name">com.buffalocart.Test.UserManagementTest</div> <!-- chronological-class-name -->
              <div class="configuration-method before">
                <span class="method-name">setUp(chrome)</span>
                <span class="method-start">84628 ms</span>
              </div> <!-- configuration-method before -->
              <div class="test-method">
                <span class="method-name">verifyUserManagementSubTabs</span>
                <span class="method-start">98700 ms</span>
              </div> <!-- test-method -->
              <div class="configuration-method after">
                <span class="method-name">tearDown([TestResult name=verifyUserManagementSubTabs status=SUCCESS method=UserManagementTest.verifyUserMana...)</span>
                <span class="method-start">109883 ms</span>
              </div> <!-- configuration-method after -->
            </div> <!-- chronological-class -->
            <div class="chronological-class">
              <div class="chronological-class-name">com.buffalocart.Test.DeleteUserTest</div> <!-- chronological-class-name -->
              <div class="configuration-method before">
                <span class="method-name">setUp(chrome)</span>
                <span class="method-start">110068 ms</span>
              </div> <!-- configuration-method before -->
              <div class="test-method">
                <img src="failed.png">
                </img>
                <span class="method-name">verifyEditUserpageTitle</span>
                <span class="method-start">125867 ms</span>
              </div> <!-- test-method -->
              <div class="configuration-method after">
                <span class="method-name">tearDown([TestResult name=verifyEditUserpageTitle status=FAILURE method=DeleteUserTest.verifyEditUserpageTitl...)</span>
                <span class="method-start">136993 ms</span>
              </div> <!-- configuration-method after -->
            </div> <!-- chronological-class -->
            <div class="chronological-class">
              <div class="chronological-class-name">com.buffalocart.Test.DeleteRolesTest</div> <!-- chronological-class-name -->
              <div class="configuration-method before">
                <span class="method-name">setUp(chrome)</span>
                <span class="method-start">139098 ms</span>
              </div> <!-- configuration-method before -->
              <div class="test-method">
                <img src="failed.png">
                </img>
                <span class="method-name">verifyUserCanDeleteRole</span>
                <span class="method-start">151994 ms</span>
              </div> <!-- test-method -->
              <div class="configuration-method after">
                <span class="method-name">tearDown([TestResult name=verifyUserCanDeleteRole status=FAILURE method=DeleteRolesTest.verifyUserCanDeleteRo...)</span>
                <span class="method-start">163740 ms</span>
              </div> <!-- configuration-method after -->
            </div> <!-- chronological-class -->
            <div class="chronological-class">
              <div class="chronological-class-name">com.buffalocart.Test.AddRolesTest</div> <!-- chronological-class-name -->
              <div class="configuration-method before">
                <span class="method-name">setUp(chrome)</span>
                <span class="method-start">165801 ms</span>
              </div> <!-- configuration-method before -->
              <div class="test-method">
                <span class="method-name">verifyRolespageTitle</span>
                <span class="method-start">183687 ms</span>
              </div> <!-- test-method -->
              <div class="configuration-method after">
                <span class="method-name">tearDown([TestResult name=verifyRolespageTitle status=SUCCESS method=AddRolesTest.verifyRolespageTitle()[pri:...)</span>
                <span class="method-start">196532 ms</span>
              </div> <!-- configuration-method after -->
              <div class="configuration-method before">
                <span class="method-name">setUp(chrome)</span>
                <span class="method-start">197766 ms</span>
              </div> <!-- configuration-method before -->
              <div class="test-method">
                <span class="method-name">VerifyUserCanAddRoles</span>
                <span class="method-start">209163 ms</span>
              </div> <!-- test-method -->
              <div class="configuration-method after">
                <span class="method-name">tearDown([TestResult name=VerifyUserCanAddRoles status=SUCCESS method=AddRolesTest.VerifyUserCanAddRoles()[pr...)</span>
                <span class="method-start">234381 ms</span>
              </div> <!-- configuration-method after -->
            </div> <!-- chronological-class -->
            <div class="chronological-class">
              <div class="chronological-class-name">com.buffalocart.Test.UpdateUsersTest</div> <!-- chronological-class-name -->
              <div class="configuration-method before">
                <span class="method-name">setUp(chrome)</span>
                <span class="method-start">234960 ms</span>
              </div> <!-- configuration-method before -->
              <div class="test-method">
                <img src="failed.png">
                </img>
                <span class="method-name">verifyEditUserpageTitle</span>
                <span class="method-start">253889 ms</span>
              </div> <!-- test-method -->
              <div class="configuration-method after">
                <span class="method-name">tearDown([TestResult name=verifyEditUserpageTitle status=FAILURE method=UpdateUsersTest.verifyEditUserpageTit...)</span>
                <span class="method-start">264610 ms</span>
              </div> <!-- configuration-method after -->
              <div class="configuration-method before">
                <span class="method-name">setUp(chrome)</span>
                <span class="method-start">268802 ms</span>
              </div> <!-- configuration-method before -->
              <div class="test-method">
                <img src="failed.png">
                </img>
                <span class="method-name">verifyUserCanEditUserDetails</span>
                <span class="method-start">281708 ms</span>
              </div> <!-- test-method -->
              <div class="configuration-method after">
                <span class="method-name">tearDown([TestResult name=verifyUserCanEditUserDetails status=FAILURE method=UpdateUsersTest.verifyUserCanEdi...)</span>
                <span class="method-start">291483 ms</span>
              </div> <!-- configuration-method after -->
            </div> <!-- chronological-class -->
            <div class="chronological-class">
              <div class="chronological-class-name">com.buffalocart.Test.AddSalesCommisionAgentTest</div> <!-- chronological-class-name -->
              <div class="configuration-method before">
                <span class="method-name">setUp(chrome)</span>
                <span class="method-start">294752 ms</span>
              </div> <!-- configuration-method before -->
              <div class="test-method">
                <img src="failed.png">
                </img>
                <span class="method-name">verifyErrorMessageDisplayedWithoutFillingMandatoryFields</span>
                <span class="method-start">306953 ms</span>
              </div> <!-- test-method -->
              <div class="configuration-method after">
                <span class="method-name">tearDown([TestResult name=verifyErrorMessageDisplayedWithoutFillingMandatoryFields status=FAILURE method=AddS...)</span>
                <span class="method-start">318609 ms</span>
              </div> <!-- configuration-method after -->
            </div> <!-- chronological-class -->
            <div class="chronological-class">
              <div class="chronological-class-name">com.buffalocart.Test.ViewUserTest</div> <!-- chronological-class-name -->
              <div class="configuration-method before">
                <span class="method-name">setUp(chrome)</span>
                <span class="method-start">324077 ms</span>
              </div> <!-- configuration-method before -->
              <div class="test-method">
                <span class="method-name">verifyDetailsDisplayedOnViewuserPage</span>
                <span class="method-start">337887 ms</span>
              </div> <!-- test-method -->
              <div class="configuration-method after">
                <span class="method-name">tearDown([TestResult name=verifyDetailsDisplayedOnViewuserPage status=SUCCESS method=ViewUserTest.verifyDetai...)</span>
                <span class="method-start">349719 ms</span>
              </div> <!-- configuration-method after -->
            </div> <!-- chronological-class -->
            <div class="chronological-class">
              <div class="chronological-class-name">com.buffalocart.Test.UsersTest</div> <!-- chronological-class-name -->
              <div class="configuration-method before">
                <span class="method-name">setUp(chrome)</span>
                <span class="method-start">349951 ms</span>
              </div> <!-- configuration-method before -->
              <div class="test-method">
                <span class="method-name">verifyUserspageTitle</span>
                <span class="method-start">363427 ms</span>
              </div> <!-- test-method -->
              <div class="configuration-method after">
                <span class="method-name">tearDown([TestResult name=verifyUserspageTitle status=SUCCESS method=UsersTest.verifyUserspageTitle()[pri:10,...)</span>
                <span class="method-start">376656 ms</span>
              </div> <!-- configuration-method after -->
              <div class="configuration-method before">
                <span class="method-name">setUp(chrome)</span>
                <span class="method-start">376836 ms</span>
              </div> <!-- configuration-method before -->
              <div class="test-method">
                <img src="failed.png">
                </img>
                <span class="method-name">verifyUserSearch</span>
                <span class="method-start">395362 ms</span>
              </div> <!-- test-method -->
              <div class="configuration-method after">
                <span class="method-name">tearDown([TestResult name=verifyUserSearch status=FAILURE method=UsersTest.verifyUserSearch()[pri:11, instanc...)</span>
                <span class="method-start">406458 ms</span>
              </div> <!-- configuration-method after -->
              <div class="configuration-method before">
                <span class="method-name">setUp(chrome)</span>
                <span class="method-start">409274 ms</span>
              </div> <!-- configuration-method before -->
              <div class="test-method">
                <img src="failed.png">
                </img>
                <span class="method-name">verifyUserLoginWithNewlyAddedUser</span>
                <span class="method-start">422413 ms</span>
              </div> <!-- test-method -->
              <div class="configuration-method after">
                <span class="method-name">tearDown([TestResult name=verifyUserLoginWithNewlyAddedUser status=FAILURE method=UsersTest.verifyUserLoginWi...)</span>
                <span class="method-start">425494 ms</span>
              </div> <!-- configuration-method after -->
            </div> <!-- chronological-class -->
            <div class="chronological-class">
              <div class="chronological-class-name">com.buffalocart.Test.RolesTest</div> <!-- chronological-class-name -->
              <div class="configuration-method before">
                <span class="method-name">setUp(chrome)</span>
                <span class="method-start">425877 ms</span>
              </div> <!-- configuration-method before -->
              <div class="test-method">
                <span class="method-name">verifyRolespageTitle</span>
                <span class="method-start">438053 ms</span>
              </div> <!-- test-method -->
              <div class="configuration-method after">
                <span class="method-name">tearDown([TestResult name=verifyRolespageTitle status=SUCCESS method=RolesTest.verifyRolespageTitle()[pri:20,...)</span>
                <span class="method-start">447565 ms</span>
              </div> <!-- configuration-method after -->
              <div class="configuration-method before">
                <span class="method-name">setUp(chrome)</span>
                <span class="method-start">447801 ms</span>
              </div> <!-- configuration-method before -->
              <div class="test-method">
                <img src="failed.png">
                </img>
                <span class="method-name">verifyAddedRoleInUserAddpage</span>
                <span class="method-start">460351 ms</span>
              </div> <!-- test-method -->
              <div class="configuration-method after">
                <span class="method-name">tearDown([TestResult name=verifyAddedRoleInUserAddpage status=FAILURE method=RolesTest.verifyAddedRoleInUserA...)</span>
                <span class="method-start">473431 ms</span>
              </div> <!-- configuration-method after -->
            </div> <!-- chronological-class -->
            <div class="chronological-class">
              <div class="chronological-class-name">com.buffalocart.Test.ResetTest</div> <!-- chronological-class-name -->
              <div class="configuration-method before">
                <span class="method-name">setUp(chrome)</span>
                <span class="method-start">474774 ms</span>
              </div> <!-- configuration-method before -->
              <div class="test-method">
                <span class="method-name">VerifyErrorMessageDisplyedOnResetpasswordWithInvalidEmailId</span>
                <span class="method-start">491592 ms</span>
              </div> <!-- test-method -->
              <div class="configuration-method after">
                <span class="method-name">tearDown([TestResult name=VerifyErrorMessageDisplyedOnResetpasswordWithInvalidEmailId status=SUCCESS method=R...)</span>
                <span class="method-start">495566 ms</span>
              </div> <!-- configuration-method after -->
            </div> <!-- chronological-class -->
            <div class="chronological-class">
              <div class="chronological-class-name">com.buffalocart.Test.LoginTest</div> <!-- chronological-class-name -->
              <div class="configuration-method before">
                <span class="method-name">setUp(chrome)</span>
                <span class="method-start">495829 ms</span>
              </div> <!-- configuration-method before -->
              <div class="test-method">
                <img src="failed.png">
                </img>
                <span class="method-name">verifyLoginpageTitle</span>
                <span class="method-start">515751 ms</span>
              </div> <!-- test-method -->
              <div class="configuration-method after">
                <span class="method-name">tearDown([TestResult name=verifyLoginpageTitle status=FAILURE method=LoginTest.verifyLoginpageTitle()[pri:1, ...)</span>
                <span class="method-start">515753 ms</span>
              </div> <!-- configuration-method after -->
              <div class="configuration-method before">
                <span class="method-name">setUp(chrome)</span>
                <span class="method-start">516222 ms</span>
              </div> <!-- configuration-method before -->
              <div class="test-method">
                <img src="failed.png">
                </img>
                <span class="method-name">verifyUserLoginWithValidUserCredentials</span>
                <span class="method-start">528808 ms</span>
              </div> <!-- test-method -->
              <div class="configuration-method after">
                <span class="method-name">tearDown([TestResult name=verifyUserLoginWithValidUserCredentials status=FAILURE method=LoginTest.verifyUserL...)</span>
                <span class="method-start">528809 ms</span>
              </div> <!-- configuration-method after -->
              <div class="configuration-method before">
                <span class="method-name">setUp(chrome)</span>
                <span class="method-start">530853 ms</span>
              </div> <!-- configuration-method before -->
              <div class="test-method">
                <img src="failed.png">
                </img>
                <span class="method-name">verifyUserLoginWithInvalidUserCredentials</span>
                <span class="method-start">543493 ms</span>
              </div> <!-- test-method -->
              <div class="configuration-method after">
                <span class="method-name">tearDown([TestResult name=verifyUserLoginWithInvalidUserCredentials status=FAILURE method=LoginTest.verifyUse...)</span>
                <span class="method-start">543496 ms</span>
              </div> <!-- configuration-method after -->
              <div class="configuration-method before">
                <span class="method-name">setUp(chrome)</span>
                <span class="method-start">545355 ms</span>
              </div> <!-- configuration-method before -->
              <div class="test-method">
                <img src="failed.png">
                </img>
                <span class="method-name">verifyUserAbleToClickOnRememeberMeCheckbox</span>
                <span class="method-start">558333 ms</span>
              </div> <!-- test-method -->
              <div class="configuration-method after">
                <span class="method-name">tearDown([TestResult name=verifyUserAbleToClickOnRememeberMeCheckbox status=FAILURE method=LoginTest.verifyUs...)</span>
                <span class="method-start">558337 ms</span>
              </div> <!-- configuration-method after -->
            </div> <!-- chronological-class -->
            <div class="chronological-class">
              <div class="chronological-class-name">com.buffalocart.Test.HomeTest</div> <!-- chronological-class-name -->
              <div class="configuration-test after">
                <span class="method-name">endReport</span>
                <span class="method-start">559759 ms</span>
              </div> <!-- configuration-test after -->
          </div> <!-- main-panel-content rounded-window-bottom -->
        </div> <!-- panel -->
      </div> <!-- main-panel-root -->
    </div> <!-- wrapper -->
  </body>
<script type="text/javascript" src="testng-reports2.js"></script>
</html>
