<?xml version="1.0" encoding="UTF-8"?>
<testng-results skipped="0" failed="12" ignored="26" total="48" passed="10">
  <reporter-output>
  </reporter-output>
  <suite name="Suite" duration-ms="560404" started-at="2021-10-14T07:35:00 IST" finished-at="2021-10-14T07:44:20 IST">
    <groups>
    </groups>
    <test name="Test" duration-ms="560404" started-at="2021-10-14T07:35:00 IST" finished-at="2021-10-14T07:44:20 IST">
      <class name="com.buffalocart.Test.UsersTest">
        <test-method status="PASS" signature="setUp(java.lang.String)[pri:0, instance:com.buffalocart.Test.UsersTest@491cc5c9]" name="setUp" is-config="true" duration-ms="13475" started-at="2021-10-14T07:40:50 IST" finished-at="2021-10-14T07:41:03 IST">
          <params>
            <param index="0">
              <value>
                <![CDATA[chrome]]>
              </value>
            </param>
          </params>
          <reporter-output>
          </reporter-output>
        </test-method> <!-- setUp -->
        <test-method status="PASS" signature="verifyUserspageTitle()[pri:10, instance:com.buffalocart.Test.UsersTest@491cc5c9]" name="verifyUserspageTitle" duration-ms="13228" started-at="2021-10-14T07:41:03 IST" description="TC_010_Verify Users page title" finished-at="2021-10-14T07:41:17 IST">
          <reporter-output>
          </reporter-output>
        </test-method> <!-- verifyUserspageTitle -->
        <test-method status="PASS" signature="tearDown(org.testng.ITestResult)[pri:0, instance:com.buffalocart.Test.UsersTest@491cc5c9]" name="tearDown" is-config="true" duration-ms="178" started-at="2021-10-14T07:41:17 IST" finished-at="2021-10-14T07:41:17 IST">
          <params>
            <param index="0">
              <value>
                <![CDATA[[TestResult name=verifyUserspageTitle status=SUCCESS method=UsersTest.verifyUserspageTitle()[pri:10, instance:com.buffalocart.Test.UsersTest@491cc5c9] output={null}]]]>
              </value>
            </param>
          </params>
          <reporter-output>
          </reporter-output>
        </test-method> <!-- tearDown -->
        <test-method status="PASS" signature="setUp(java.lang.String)[pri:0, instance:com.buffalocart.Test.UsersTest@491cc5c9]" name="setUp" is-config="true" duration-ms="18526" started-at="2021-10-14T07:41:17 IST" finished-at="2021-10-14T07:41:35 IST">
          <params>
            <param index="0">
              <value>
                <![CDATA[chrome]]>
              </value>
            </param>
          </params>
          <reporter-output>
          </reporter-output>
        </test-method> <!-- setUp -->
        <test-method status="FAIL" signature="verifyUserSearch()[pri:11, instance:com.buffalocart.Test.UsersTest@491cc5c9]" name="verifyUserSearch" duration-ms="11094" started-at="2021-10-14T07:41:35 IST" description="TC_011_Verify user search" finished-at="2021-10-14T07:41:46 IST">
          <exception class="java.lang.ArithmeticException">
            <message>
              <![CDATA[/ by zero]]>
            </message>
            <full-stacktrace>
              <![CDATA[java.lang.ArithmeticException: / by zero
at com.buffalocart.utilities.TableUtility.gridData(TableUtility.java:18)
at com.buffalocart.pages.UsersPage.getTableData(UsersPage.java:67)
at com.buffalocart.Test.UsersTest.verifyUserSearch(UsersTest.java:64)
at sun.reflect.NativeMethodAccessorImpl.invoke0(Native Method)
at sun.reflect.NativeMethodAccessorImpl.invoke(NativeMethodAccessorImpl.java:62)
at sun.reflect.DelegatingMethodAccessorImpl.invoke(DelegatingMethodAccessorImpl.java:43)
at java.lang.reflect.Method.invoke(Method.java:498)
at org.testng.internal.MethodInvocationHelper.invokeMethod(MethodInvocationHelper.java:133)
at org.testng.internal.TestInvoker.invokeMethod(TestInvoker.java:598)
at org.testng.internal.TestInvoker.invokeTestMethod(TestInvoker.java:173)
at org.testng.internal.MethodRunner.runInSequence(MethodRunner.java:46)
at org.testng.internal.TestInvoker$MethodInvocationAgent.invoke(TestInvoker.java:824)
at org.testng.internal.TestInvoker.invokeTestMethods(TestInvoker.java:146)
at org.testng.internal.TestMethodWorker.invokeTestMethods(TestMethodWorker.java:146)
at org.testng.internal.TestMethodWorker.run(TestMethodWorker.java:128)
at java.util.ArrayList.forEach(ArrayList.java:1259)
at org.testng.TestRunner.privateRun(TestRunner.java:794)
at org.testng.TestRunner.run(TestRunner.java:596)
at org.testng.SuiteRunner.runTest(SuiteRunner.java:377)
at org.testng.SuiteRunner.runSequentially(SuiteRunner.java:371)
at org.testng.SuiteRunner.privateRun(SuiteRunner.java:332)
at org.testng.SuiteRunner.run(SuiteRunner.java:276)
at org.testng.SuiteRunnerWorker.runSuite(SuiteRunnerWorker.java:53)
at org.testng.SuiteRunnerWorker.run(SuiteRunnerWorker.java:96)
at org.testng.TestNG.runSuitesSequentially(TestNG.java:1212)
at org.testng.TestNG.runSuitesLocally(TestNG.java:1134)
at org.testng.TestNG.runSuites(TestNG.java:1063)
at org.testng.TestNG.run(TestNG.java:1031)
at org.testng.remote.AbstractRemoteTestNG.run(AbstractRemoteTestNG.java:115)
at org.testng.remote.RemoteTestNG.initAndRun(RemoteTestNG.java:251)
at org.testng.remote.RemoteTestNG.main(RemoteTestNG.java:77)
]]>
            </full-stacktrace>
          </exception> <!-- java.lang.ArithmeticException -->
          <reporter-output>
          </reporter-output>
        </test-method> <!-- verifyUserSearch -->
        <test-method status="PASS" signature="tearDown(org.testng.ITestResult)[pri:0, instance:com.buffalocart.Test.UsersTest@491cc5c9]" name="tearDown" is-config="true" duration-ms="2815" started-at="2021-10-14T07:41:46 IST" finished-at="2021-10-14T07:41:49 IST">
          <params>
            <param index="0">
              <value>
                <![CDATA[[TestResult name=verifyUserSearch status=FAILURE method=UsersTest.verifyUserSearch()[pri:11, instance:com.buffalocart.Test.UsersTest@491cc5c9] output={null}]]]>
              </value>
            </param>
          </params>
          <reporter-output>
          </reporter-output>
        </test-method> <!-- tearDown -->
        <test-method status="PASS" signature="setUp(java.lang.String)[pri:0, instance:com.buffalocart.Test.UsersTest@491cc5c9]" name="setUp" is-config="true" duration-ms="13139" started-at="2021-10-14T07:41:49 IST" finished-at="2021-10-14T07:42:02 IST">
          <params>
            <param index="0">
              <value>
                <![CDATA[chrome]]>
              </value>
            </param>
          </params>
          <reporter-output>
          </reporter-output>
        </test-method> <!-- setUp -->
        <test-method status="FAIL" signature="verifyUserLoginWithNewlyAddedUser()[pri:13, instance:com.buffalocart.Test.UsersTest@491cc5c9]" name="verifyUserLoginWithNewlyAddedUser" duration-ms="3078" started-at="2021-10-14T07:42:02 IST" description="TC_013_Verify user login with newly added user" finished-at="2021-10-14T07:42:06 IST">
          <exception class="org.openqa.selenium.NoSuchElementException">
            <message>
              <![CDATA[no such element: Unable to locate element: {"method":"xpath","selector":"//button[@class='btn btn-default btn-sm']"}
  (Session info: chrome=94.0.4606.81)
For documentation on this error, please visit: https://www.seleniumhq.org/exceptions/no_such_element.html
Build info: version: '3.141.59', revision: 'e82be7d358', time: '2018-11-14T08:17:03'
System info: host: 'ACHUS_MACHINE', ip: '192.168.1.101', os.name: 'Windows 10', os.arch: 'amd64', os.version: '10.0', java.version: '1.8.0_301'
Driver info: org.openqa.selenium.chrome.ChromeDriver
Capabilities {acceptInsecureCerts: false, browserName: chrome, browserVersion: 94.0.4606.81, chrome: {chromedriverVersion: 94.0.4606.61 (418b78f5838ed..., userDataDir: C:\Users\archa\AppData\Loca...}, goog:chromeOptions: {debuggerAddress: localhost:54873}, javascriptEnabled: true, networkConnectionEnabled: false, pageLoadStrategy: normal, platform: WINDOWS, platformName: WINDOWS, proxy: Proxy(), setWindowRect: true, strictFileInteractability: false, timeouts: {implicit: 0, pageLoad: 300000, script: 30000}, unhandledPromptBehavior: dismiss and notify, webauthn:extension:credBlob: true, webauthn:extension:largeBlob: true, webauthn:virtualAuthenticators: true}
Session ID: 053502075ae784dc8046c90b163023a9
*** Element info: {Using=xpath, value=//button[@class='btn btn-default btn-sm']}]]>
            </message>
            <full-stacktrace>
              <![CDATA[org.openqa.selenium.NoSuchElementException: no such element: Unable to locate element: {"method":"xpath","selector":"//button[@class='btn btn-default btn-sm']"}
  (Session info: chrome=94.0.4606.81)
For documentation on this error, please visit: https://www.seleniumhq.org/exceptions/no_such_element.html
Build info: version: '3.141.59', revision: 'e82be7d358', time: '2018-11-14T08:17:03'
System info: host: 'ACHUS_MACHINE', ip: '192.168.1.101', os.name: 'Windows 10', os.arch: 'amd64', os.version: '10.0', java.version: '1.8.0_301'
Driver info: org.openqa.selenium.chrome.ChromeDriver
Capabilities {acceptInsecureCerts: false, browserName: chrome, browserVersion: 94.0.4606.81, chrome: {chromedriverVersion: 94.0.4606.61 (418b78f5838ed..., userDataDir: C:\Users\archa\AppData\Loca...}, goog:chromeOptions: {debuggerAddress: localhost:54873}, javascriptEnabled: true, networkConnectionEnabled: false, pageLoadStrategy: normal, platform: WINDOWS, platformName: WINDOWS, proxy: Proxy(), setWindowRect: true, strictFileInteractability: false, timeouts: {implicit: 0, pageLoad: 300000, script: 30000}, unhandledPromptBehavior: dismiss and notify, webauthn:extension:credBlob: true, webauthn:extension:largeBlob: true, webauthn:virtualAuthenticators: true}
Session ID: 053502075ae784dc8046c90b163023a9
*** Element info: {Using=xpath, value=//button[@class='btn btn-default btn-sm']}
at sun.reflect.NativeConstructorAccessorImpl.newInstance0(Native Method)
at sun.reflect.NativeConstructorAccessorImpl.newInstance(NativeConstructorAccessorImpl.java:62)
at sun.reflect.DelegatingConstructorAccessorImpl.newInstance(DelegatingConstructorAccessorImpl.java:45)
at java.lang.reflect.Constructor.newInstance(Constructor.java:423)
at org.openqa.selenium.remote.http.W3CHttpResponseCodec.createException(W3CHttpResponseCodec.java:187)
at org.openqa.selenium.remote.http.W3CHttpResponseCodec.decode(W3CHttpResponseCodec.java:122)
at org.openqa.selenium.remote.http.W3CHttpResponseCodec.decode(W3CHttpResponseCodec.java:49)
at org.openqa.selenium.remote.HttpCommandExecutor.execute(HttpCommandExecutor.java:158)
at org.openqa.selenium.remote.service.DriverCommandExecutor.execute(DriverCommandExecutor.java:83)
at org.openqa.selenium.remote.RemoteWebDriver.execute(RemoteWebDriver.java:552)
at org.openqa.selenium.remote.RemoteWebDriver.findElement(RemoteWebDriver.java:323)
at org.openqa.selenium.remote.RemoteWebDriver.findElementByXPath(RemoteWebDriver.java:428)
at org.openqa.selenium.By$ByXPath.findElement(By.java:353)
at org.openqa.selenium.remote.RemoteWebDriver.findElement(RemoteWebDriver.java:315)
at org.openqa.selenium.support.pagefactory.DefaultElementLocator.findElement(DefaultElementLocator.java:69)
at org.openqa.selenium.support.pagefactory.internal.LocatingElementHandler.invoke(LocatingElementHandler.java:38)
at com.sun.proxy.$Proxy12.click(Unknown Source)
at com.buffalocart.utilities.PageUtility.clickOnElement(PageUtility.java:14)
at com.buffalocart.pages.HomePage.clickOnEndTour(HomePage.java:46)
at com.buffalocart.Test.UsersTest.verifyUserLoginWithNewlyAddedUser(UsersTest.java:87)
at sun.reflect.NativeMethodAccessorImpl.invoke0(Native Method)
at sun.reflect.NativeMethodAccessorImpl.invoke(NativeMethodAccessorImpl.java:62)
at sun.reflect.DelegatingMethodAccessorImpl.invoke(DelegatingMethodAccessorImpl.java:43)
at java.lang.reflect.Method.invoke(Method.java:498)
at org.testng.internal.MethodInvocationHelper.invokeMethod(MethodInvocationHelper.java:133)
at org.testng.internal.TestInvoker.invokeMethod(TestInvoker.java:598)
at org.testng.internal.TestInvoker.invokeTestMethod(TestInvoker.java:173)
at org.testng.internal.MethodRunner.runInSequence(MethodRunner.java:46)
at org.testng.internal.TestInvoker$MethodInvocationAgent.invoke(TestInvoker.java:824)
at org.testng.internal.TestInvoker.invokeTestMethods(TestInvoker.java:146)
at org.testng.internal.TestMethodWorker.invokeTestMethods(TestMethodWorker.java:146)
at org.testng.internal.TestMethodWorker.run(TestMethodWorker.java:128)
at java.util.ArrayList.forEach(ArrayList.java:1259)
at org.testng.TestRunner.privateRun(TestRunner.java:794)
at org.testng.TestRunner.run(TestRunner.java:596)
at org.testng.SuiteRunner.runTest(SuiteRunner.java:377)
at org.testng.SuiteRunner.runSequentially(SuiteRunner.java:371)
at org.testng.SuiteRunner.privateRun(SuiteRunner.java:332)
at org.testng.SuiteRunner.run(SuiteRunner.java:276)
at org.testng.SuiteRunnerWorker.runSuite(SuiteRunnerWorker.java:53)
at org.testng.SuiteRunnerWorker.run(SuiteRunnerWorker.java:96)
at org.testng.TestNG.runSuitesSequentially(TestNG.java:1212)
at org.testng.TestNG.runSuitesLocally(TestNG.java:1134)
at org.testng.TestNG.runSuites(TestNG.java:1063)
at org.testng.TestNG.run(TestNG.java:1031)
at org.testng.remote.AbstractRemoteTestNG.run(AbstractRemoteTestNG.java:115)
at org.testng.remote.RemoteTestNG.initAndRun(RemoteTestNG.java:251)
at org.testng.remote.RemoteTestNG.main(RemoteTestNG.java:77)
]]>
            </full-stacktrace>
          </exception> <!-- org.openqa.selenium.NoSuchElementException -->
          <reporter-output>
          </reporter-output>
        </test-method> <!-- verifyUserLoginWithNewlyAddedUser -->
        <test-method status="PASS" signature="tearDown(org.testng.ITestResult)[pri:0, instance:com.buffalocart.Test.UsersTest@491cc5c9]" name="tearDown" is-config="true" duration-ms="382" started-at="2021-10-14T07:42:06 IST" finished-at="2021-10-14T07:42:06 IST">
          <params>
            <param index="0">
              <value>
                <![CDATA[[TestResult name=verifyUserLoginWithNewlyAddedUser status=FAILURE method=UsersTest.verifyUserLoginWithNewlyAddedUser()[pri:13, instance:com.buffalocart.Test.UsersTest@491cc5c9] output={null}]]]>
              </value>
            </param>
          </params>
          <reporter-output>
          </reporter-output>
        </test-method> <!-- tearDown -->
      </class> <!-- com.buffalocart.Test.UsersTest -->
      <class name="com.buffalocart.Test.DeleteRolesTest">
        <test-method status="PASS" signature="setUp(java.lang.String)[pri:0, instance:com.buffalocart.Test.DeleteRolesTest@eafc191]" name="setUp" is-config="true" duration-ms="12896" started-at="2021-10-14T07:37:19 IST" finished-at="2021-10-14T07:37:32 IST">
          <params>
            <param index="0">
              <value>
                <![CDATA[chrome]]>
              </value>
            </param>
          </params>
          <reporter-output>
          </reporter-output>
        </test-method> <!-- setUp -->
        <test-method status="FAIL" signature="verifyUserCanDeleteRole()[pri:25, instance:com.buffalocart.Test.DeleteRolesTest@eafc191]" name="verifyUserCanDeleteRole" duration-ms="11743" started-at="2021-10-14T07:37:32 IST" description="TC_025_Verify user can delete a role" finished-at="2021-10-14T07:37:44 IST">
          <exception class="org.openqa.selenium.NoSuchElementException">
            <message>
              <![CDATA[no such element: Unable to locate element: {"method":"xpath","selector":"//button[@class='swal-button swal-button--confirm swal-button--danger']"}
  (Session info: chrome=94.0.4606.81)
For documentation on this error, please visit: https://www.seleniumhq.org/exceptions/no_such_element.html
Build info: version: '3.141.59', revision: 'e82be7d358', time: '2018-11-14T08:17:03'
System info: host: 'ACHUS_MACHINE', ip: '192.168.1.101', os.name: 'Windows 10', os.arch: 'amd64', os.version: '10.0', java.version: '1.8.0_301'
Driver info: org.openqa.selenium.chrome.ChromeDriver
Capabilities {acceptInsecureCerts: false, browserName: chrome, browserVersion: 94.0.4606.81, chrome: {chromedriverVersion: 94.0.4606.61 (418b78f5838ed..., userDataDir: C:\Users\archa\AppData\Loca...}, goog:chromeOptions: {debuggerAddress: localhost:59296}, javascriptEnabled: true, networkConnectionEnabled: false, pageLoadStrategy: normal, platform: WINDOWS, platformName: WINDOWS, proxy: Proxy(), setWindowRect: true, strictFileInteractability: false, timeouts: {implicit: 0, pageLoad: 300000, script: 30000}, unhandledPromptBehavior: dismiss and notify, webauthn:extension:credBlob: true, webauthn:extension:largeBlob: true, webauthn:virtualAuthenticators: true}
Session ID: 1a25259370f07674ac1d108ff03f2f44
*** Element info: {Using=xpath, value=//button[@class='swal-button swal-button--confirm swal-button--danger']}]]>
            </message>
            <full-stacktrace>
              <![CDATA[org.openqa.selenium.NoSuchElementException: no such element: Unable to locate element: {"method":"xpath","selector":"//button[@class='swal-button swal-button--confirm swal-button--danger']"}
  (Session info: chrome=94.0.4606.81)
For documentation on this error, please visit: https://www.seleniumhq.org/exceptions/no_such_element.html
Build info: version: '3.141.59', revision: 'e82be7d358', time: '2018-11-14T08:17:03'
System info: host: 'ACHUS_MACHINE', ip: '192.168.1.101', os.name: 'Windows 10', os.arch: 'amd64', os.version: '10.0', java.version: '1.8.0_301'
Driver info: org.openqa.selenium.chrome.ChromeDriver
Capabilities {acceptInsecureCerts: false, browserName: chrome, browserVersion: 94.0.4606.81, chrome: {chromedriverVersion: 94.0.4606.61 (418b78f5838ed..., userDataDir: C:\Users\archa\AppData\Loca...}, goog:chromeOptions: {debuggerAddress: localhost:59296}, javascriptEnabled: true, networkConnectionEnabled: false, pageLoadStrategy: normal, platform: WINDOWS, platformName: WINDOWS, proxy: Proxy(), setWindowRect: true, strictFileInteractability: false, timeouts: {implicit: 0, pageLoad: 300000, script: 30000}, unhandledPromptBehavior: dismiss and notify, webauthn:extension:credBlob: true, webauthn:extension:largeBlob: true, webauthn:virtualAuthenticators: true}
Session ID: 1a25259370f07674ac1d108ff03f2f44
*** Element info: {Using=xpath, value=//button[@class='swal-button swal-button--confirm swal-button--danger']}
at sun.reflect.NativeConstructorAccessorImpl.newInstance0(Native Method)
at sun.reflect.NativeConstructorAccessorImpl.newInstance(NativeConstructorAccessorImpl.java:62)
at sun.reflect.DelegatingConstructorAccessorImpl.newInstance(DelegatingConstructorAccessorImpl.java:45)
at java.lang.reflect.Constructor.newInstance(Constructor.java:423)
at org.openqa.selenium.remote.http.W3CHttpResponseCodec.createException(W3CHttpResponseCodec.java:187)
at org.openqa.selenium.remote.http.W3CHttpResponseCodec.decode(W3CHttpResponseCodec.java:122)
at org.openqa.selenium.remote.http.W3CHttpResponseCodec.decode(W3CHttpResponseCodec.java:49)
at org.openqa.selenium.remote.HttpCommandExecutor.execute(HttpCommandExecutor.java:158)
at org.openqa.selenium.remote.service.DriverCommandExecutor.execute(DriverCommandExecutor.java:83)
at org.openqa.selenium.remote.RemoteWebDriver.execute(RemoteWebDriver.java:552)
at org.openqa.selenium.remote.RemoteWebDriver.findElement(RemoteWebDriver.java:323)
at org.openqa.selenium.remote.RemoteWebDriver.findElementByXPath(RemoteWebDriver.java:428)
at org.openqa.selenium.By$ByXPath.findElement(By.java:353)
at org.openqa.selenium.remote.RemoteWebDriver.findElement(RemoteWebDriver.java:315)
at org.openqa.selenium.support.pagefactory.DefaultElementLocator.findElement(DefaultElementLocator.java:69)
at org.openqa.selenium.support.pagefactory.internal.LocatingElementHandler.invoke(LocatingElementHandler.java:38)
at com.sun.proxy.$Proxy12.click(Unknown Source)
at com.buffalocart.utilities.PageUtility.clickOnElement(PageUtility.java:14)
at com.buffalocart.pages.DeleteRolesPage.clickOnDeleteButton(DeleteRolesPage.java:31)
at com.buffalocart.Test.DeleteRolesTest.verifyUserCanDeleteRole(DeleteRolesTest.java:47)
at sun.reflect.NativeMethodAccessorImpl.invoke0(Native Method)
at sun.reflect.NativeMethodAccessorImpl.invoke(NativeMethodAccessorImpl.java:62)
at sun.reflect.DelegatingMethodAccessorImpl.invoke(DelegatingMethodAccessorImpl.java:43)
at java.lang.reflect.Method.invoke(Method.java:498)
at org.testng.internal.MethodInvocationHelper.invokeMethod(MethodInvocationHelper.java:133)
at org.testng.internal.TestInvoker.invokeMethod(TestInvoker.java:598)
at org.testng.internal.TestInvoker.invokeTestMethod(TestInvoker.java:173)
at org.testng.internal.MethodRunner.runInSequence(MethodRunner.java:46)
at org.testng.internal.TestInvoker$MethodInvocationAgent.invoke(TestInvoker.java:824)
at org.testng.internal.TestInvoker.invokeTestMethods(TestInvoker.java:146)
at org.testng.internal.TestMethodWorker.invokeTestMethods(TestMethodWorker.java:146)
at org.testng.internal.TestMethodWorker.run(TestMethodWorker.java:128)
at java.util.ArrayList.forEach(ArrayList.java:1259)
at org.testng.TestRunner.privateRun(TestRunner.java:794)
at org.testng.TestRunner.run(TestRunner.java:596)
at org.testng.SuiteRunner.runTest(SuiteRunner.java:377)
at org.testng.SuiteRunner.runSequentially(SuiteRunner.java:371)
at org.testng.SuiteRunner.privateRun(SuiteRunner.java:332)
at org.testng.SuiteRunner.run(SuiteRunner.java:276)
at org.testng.SuiteRunnerWorker.runSuite(SuiteRunnerWorker.java:53)
at org.testng.SuiteRunnerWorker.run(SuiteRunnerWorker.java:96)
at org.testng.TestNG.runSuitesSequentially(TestNG.java:1212)
at org.testng.TestNG.runSuitesLocally(TestNG.java:1134)
at org.testng.TestNG.runSuites(TestNG.java:1063)
at org.testng.TestNG.run(TestNG.java:1031)
at org.testng.remote.AbstractRemoteTestNG.run(AbstractRemoteTestNG.java:115)
at org.testng.remote.RemoteTestNG.initAndRun(RemoteTestNG.java:251)
at org.testng.remote.RemoteTestNG.main(RemoteTestNG.java:77)
]]>
            </full-stacktrace>
          </exception> <!-- org.openqa.selenium.NoSuchElementException -->
          <reporter-output>
          </reporter-output>
        </test-method> <!-- verifyUserCanDeleteRole -->
        <test-method status="PASS" signature="tearDown(org.testng.ITestResult)[pri:0, instance:com.buffalocart.Test.DeleteRolesTest@eafc191]" name="tearDown" is-config="true" duration-ms="2060" started-at="2021-10-14T07:37:44 IST" finished-at="2021-10-14T07:37:46 IST">
          <params>
            <param index="0">
              <value>
                <![CDATA[[TestResult name=verifyUserCanDeleteRole status=FAILURE method=DeleteRolesTest.verifyUserCanDeleteRole()[pri:25, instance:com.buffalocart.Test.DeleteRolesTest@eafc191] output={null}]]]>
              </value>
            </param>
          </params>
          <reporter-output>
          </reporter-output>
        </test-method> <!-- tearDown -->
      </class> <!-- com.buffalocart.Test.DeleteRolesTest -->
      <class name="com.buffalocart.Test.AddSalesCommisionAgentTest">
        <test-method status="PASS" signature="setUp(java.lang.String)[pri:0, instance:com.buffalocart.Test.AddSalesCommisionAgentTest@11758f2a]" name="setUp" is-config="true" duration-ms="12201" started-at="2021-10-14T07:39:55 IST" finished-at="2021-10-14T07:40:07 IST">
          <params>
            <param index="0">
              <value>
                <![CDATA[chrome]]>
              </value>
            </param>
          </params>
          <reporter-output>
          </reporter-output>
        </test-method> <!-- setUp -->
        <test-method status="FAIL" signature="verifyErrorMessageDisplayedWithoutFillingMandatoryFields()[pri:28, instance:com.buffalocart.Test.AddSalesCommisionAgentTest@11758f2a]" name="verifyErrorMessageDisplayedWithoutFillingMandatoryFields" duration-ms="11655" started-at="2021-10-14T07:40:07 IST" description="TC_028_Verify user can sales agent " finished-at="2021-10-14T07:40:19 IST">
          <exception class="org.openqa.selenium.NoSuchElementException">
            <message>
              <![CDATA[no such element: Unable to locate element: {"method":"css selector","selector":"#surname"}
  (Session info: chrome=94.0.4606.81)
For documentation on this error, please visit: https://www.seleniumhq.org/exceptions/no_such_element.html
Build info: version: '3.141.59', revision: 'e82be7d358', time: '2018-11-14T08:17:03'
System info: host: 'ACHUS_MACHINE', ip: '192.168.1.101', os.name: 'Windows 10', os.arch: 'amd64', os.version: '10.0', java.version: '1.8.0_301'
Driver info: org.openqa.selenium.chrome.ChromeDriver
Capabilities {acceptInsecureCerts: false, browserName: chrome, browserVersion: 94.0.4606.81, chrome: {chromedriverVersion: 94.0.4606.61 (418b78f5838ed..., userDataDir: C:\Users\archa\AppData\Loca...}, goog:chromeOptions: {debuggerAddress: localhost:53970}, javascriptEnabled: true, networkConnectionEnabled: false, pageLoadStrategy: normal, platform: WINDOWS, platformName: WINDOWS, proxy: Proxy(), setWindowRect: true, strictFileInteractability: false, timeouts: {implicit: 0, pageLoad: 300000, script: 30000}, unhandledPromptBehavior: dismiss and notify, webauthn:extension:credBlob: true, webauthn:extension:largeBlob: true, webauthn:virtualAuthenticators: true}
Session ID: fd4934e5fe5e3465971c958b35a32c2d
*** Element info: {Using=id, value=surname}]]>
            </message>
            <full-stacktrace>
              <![CDATA[org.openqa.selenium.NoSuchElementException: no such element: Unable to locate element: {"method":"css selector","selector":"#surname"}
  (Session info: chrome=94.0.4606.81)
For documentation on this error, please visit: https://www.seleniumhq.org/exceptions/no_such_element.html
Build info: version: '3.141.59', revision: 'e82be7d358', time: '2018-11-14T08:17:03'
System info: host: 'ACHUS_MACHINE', ip: '192.168.1.101', os.name: 'Windows 10', os.arch: 'amd64', os.version: '10.0', java.version: '1.8.0_301'
Driver info: org.openqa.selenium.chrome.ChromeDriver
Capabilities {acceptInsecureCerts: false, browserName: chrome, browserVersion: 94.0.4606.81, chrome: {chromedriverVersion: 94.0.4606.61 (418b78f5838ed..., userDataDir: C:\Users\archa\AppData\Loca...}, goog:chromeOptions: {debuggerAddress: localhost:53970}, javascriptEnabled: true, networkConnectionEnabled: false, pageLoadStrategy: normal, platform: WINDOWS, platformName: WINDOWS, proxy: Proxy(), setWindowRect: true, strictFileInteractability: false, timeouts: {implicit: 0, pageLoad: 300000, script: 30000}, unhandledPromptBehavior: dismiss and notify, webauthn:extension:credBlob: true, webauthn:extension:largeBlob: true, webauthn:virtualAuthenticators: true}
Session ID: fd4934e5fe5e3465971c958b35a32c2d
*** Element info: {Using=id, value=surname}
at sun.reflect.NativeConstructorAccessorImpl.newInstance0(Native Method)
at sun.reflect.NativeConstructorAccessorImpl.newInstance(NativeConstructorAccessorImpl.java:62)
at sun.reflect.DelegatingConstructorAccessorImpl.newInstance(DelegatingConstructorAccessorImpl.java:45)
at java.lang.reflect.Constructor.newInstance(Constructor.java:423)
at org.openqa.selenium.remote.http.W3CHttpResponseCodec.createException(W3CHttpResponseCodec.java:187)
at org.openqa.selenium.remote.http.W3CHttpResponseCodec.decode(W3CHttpResponseCodec.java:122)
at org.openqa.selenium.remote.http.W3CHttpResponseCodec.decode(W3CHttpResponseCodec.java:49)
at org.openqa.selenium.remote.HttpCommandExecutor.execute(HttpCommandExecutor.java:158)
at org.openqa.selenium.remote.service.DriverCommandExecutor.execute(DriverCommandExecutor.java:83)
at org.openqa.selenium.remote.RemoteWebDriver.execute(RemoteWebDriver.java:552)
at org.openqa.selenium.remote.RemoteWebDriver.findElement(RemoteWebDriver.java:323)
at org.openqa.selenium.remote.RemoteWebDriver.findElementById(RemoteWebDriver.java:372)
at org.openqa.selenium.By$ById.findElement(By.java:188)
at org.openqa.selenium.remote.RemoteWebDriver.findElement(RemoteWebDriver.java:315)
at org.openqa.selenium.support.pagefactory.DefaultElementLocator.findElement(DefaultElementLocator.java:69)
at org.openqa.selenium.support.pagefactory.internal.LocatingElementHandler.invoke(LocatingElementHandler.java:38)
at com.sun.proxy.$Proxy12.sendKeys(Unknown Source)
at com.buffalocart.utilities.PageUtility.enterText(PageUtility.java:22)
at com.buffalocart.pages.AddSalesCommisionAgentPage.enterPrefix(AddSalesCommisionAgentPage.java:59)
at com.buffalocart.Test.AddSalesCommisionAgentTest.verifyErrorMessageDisplayedWithoutFillingMandatoryFields(AddSalesCommisionAgentTest.java:50)
at sun.reflect.NativeMethodAccessorImpl.invoke0(Native Method)
at sun.reflect.NativeMethodAccessorImpl.invoke(NativeMethodAccessorImpl.java:62)
at sun.reflect.DelegatingMethodAccessorImpl.invoke(DelegatingMethodAccessorImpl.java:43)
at java.lang.reflect.Method.invoke(Method.java:498)
at org.testng.internal.MethodInvocationHelper.invokeMethod(MethodInvocationHelper.java:133)
at org.testng.internal.TestInvoker.invokeMethod(TestInvoker.java:598)
at org.testng.internal.TestInvoker.invokeTestMethod(TestInvoker.java:173)
at org.testng.internal.MethodRunner.runInSequence(MethodRunner.java:46)
at org.testng.internal.TestInvoker$MethodInvocationAgent.invoke(TestInvoker.java:824)
at org.testng.internal.TestInvoker.invokeTestMethods(TestInvoker.java:146)
at org.testng.internal.TestMethodWorker.invokeTestMethods(TestMethodWorker.java:146)
at org.testng.internal.TestMethodWorker.run(TestMethodWorker.java:128)
at java.util.ArrayList.forEach(ArrayList.java:1259)
at org.testng.TestRunner.privateRun(TestRunner.java:794)
at org.testng.TestRunner.run(TestRunner.java:596)
at org.testng.SuiteRunner.runTest(SuiteRunner.java:377)
at org.testng.SuiteRunner.runSequentially(SuiteRunner.java:371)
at org.testng.SuiteRunner.privateRun(SuiteRunner.java:332)
at org.testng.SuiteRunner.run(SuiteRunner.java:276)
at org.testng.SuiteRunnerWorker.runSuite(SuiteRunnerWorker.java:53)
at org.testng.SuiteRunnerWorker.run(SuiteRunnerWorker.java:96)
at org.testng.TestNG.runSuitesSequentially(TestNG.java:1212)
at org.testng.TestNG.runSuitesLocally(TestNG.java:1134)
at org.testng.TestNG.runSuites(TestNG.java:1063)
at org.testng.TestNG.run(TestNG.java:1031)
at org.testng.remote.AbstractRemoteTestNG.run(AbstractRemoteTestNG.java:115)
at org.testng.remote.RemoteTestNG.initAndRun(RemoteTestNG.java:251)
at org.testng.remote.RemoteTestNG.main(RemoteTestNG.java:77)
]]>
            </full-stacktrace>
          </exception> <!-- org.openqa.selenium.NoSuchElementException -->
          <reporter-output>
          </reporter-output>
        </test-method> <!-- verifyErrorMessageDisplayedWithoutFillingMandatoryFields -->
        <test-method status="PASS" signature="tearDown(org.testng.ITestResult)[pri:0, instance:com.buffalocart.Test.AddSalesCommisionAgentTest@11758f2a]" name="tearDown" is-config="true" duration-ms="5467" started-at="2021-10-14T07:40:19 IST" finished-at="2021-10-14T07:40:24 IST">
          <params>
            <param index="0">
              <value>
                <![CDATA[[TestResult name=verifyErrorMessageDisplayedWithoutFillingMandatoryFields status=FAILURE method=AddSalesCommisionAgentTest.verifyErrorMessageDisplayedWithoutFillingMandatoryFields()[pri:28, instance:com.buffalocart.Test.AddSalesCommisionAgentTest@11758f2a] output={null}]]]>
              </value>
            </param>
          </params>
          <reporter-output>
          </reporter-output>
        </test-method> <!-- tearDown -->
      </class> <!-- com.buffalocart.Test.AddSalesCommisionAgentTest -->
      <class name="com.buffalocart.Test.AddRolesTest">
        <test-method status="PASS" signature="setUp(java.lang.String)[pri:0, instance:com.buffalocart.Test.AddRolesTest@1060b431]" name="setUp" is-config="true" duration-ms="17886" started-at="2021-10-14T07:37:46 IST" finished-at="2021-10-14T07:38:04 IST">
          <params>
            <param index="0">
              <value>
                <![CDATA[chrome]]>
              </value>
            </param>
          </params>
          <reporter-output>
          </reporter-output>
        </test-method> <!-- setUp -->
        <test-method status="PASS" signature="verifyRolespageTitle()[pri:21, instance:com.buffalocart.Test.AddRolesTest@1060b431]" name="verifyRolespageTitle" duration-ms="12844" started-at="2021-10-14T07:38:04 IST" description="TC_021_Verify Add Roles page title" finished-at="2021-10-14T07:38:17 IST">
          <reporter-output>
          </reporter-output>
        </test-method> <!-- verifyRolespageTitle -->
        <test-method status="PASS" signature="tearDown(org.testng.ITestResult)[pri:0, instance:com.buffalocart.Test.AddRolesTest@1060b431]" name="tearDown" is-config="true" duration-ms="1234" started-at="2021-10-14T07:38:17 IST" finished-at="2021-10-14T07:38:18 IST">
          <params>
            <param index="0">
              <value>
                <![CDATA[[TestResult name=verifyRolespageTitle status=SUCCESS method=AddRolesTest.verifyRolespageTitle()[pri:21, instance:com.buffalocart.Test.AddRolesTest@1060b431] output={null}]]]>
              </value>
            </param>
          </params>
          <reporter-output>
          </reporter-output>
        </test-method> <!-- tearDown -->
        <test-method status="PASS" signature="setUp(java.lang.String)[pri:0, instance:com.buffalocart.Test.AddRolesTest@1060b431]" name="setUp" is-config="true" duration-ms="11397" started-at="2021-10-14T07:38:18 IST" finished-at="2021-10-14T07:38:29 IST">
          <params>
            <param index="0">
              <value>
                <![CDATA[chrome]]>
              </value>
            </param>
          </params>
          <reporter-output>
          </reporter-output>
        </test-method> <!-- setUp -->
        <test-method status="PASS" signature="VerifyUserCanAddRoles()[pri:22, instance:com.buffalocart.Test.AddRolesTest@1060b431]" name="VerifyUserCanAddRoles" duration-ms="25216" started-at="2021-10-14T07:38:29 IST" description="TC_022_Verify  user can add roles " finished-at="2021-10-14T07:38:54 IST">
          <reporter-output>
          </reporter-output>
        </test-method> <!-- VerifyUserCanAddRoles -->
        <test-method status="PASS" signature="tearDown(org.testng.ITestResult)[pri:0, instance:com.buffalocart.Test.AddRolesTest@1060b431]" name="tearDown" is-config="true" duration-ms="578" started-at="2021-10-14T07:38:54 IST" finished-at="2021-10-14T07:38:55 IST">
          <params>
            <param index="0">
              <value>
                <![CDATA[[TestResult name=VerifyUserCanAddRoles status=SUCCESS method=AddRolesTest.VerifyUserCanAddRoles()[pri:22, instance:com.buffalocart.Test.AddRolesTest@1060b431] output={null}]]]>
              </value>
            </param>
          </params>
          <reporter-output>
          </reporter-output>
        </test-method> <!-- tearDown -->
      </class> <!-- com.buffalocart.Test.AddRolesTest -->
      <class name="com.buffalocart.Test.ViewUserTest">
        <test-method status="PASS" signature="setUp(java.lang.String)[pri:0, instance:com.buffalocart.Test.ViewUserTest@e720b71]" name="setUp" is-config="true" duration-ms="13810" started-at="2021-10-14T07:40:24 IST" finished-at="2021-10-14T07:40:38 IST">
          <params>
            <param index="0">
              <value>
                <![CDATA[chrome]]>
              </value>
            </param>
          </params>
          <reporter-output>
          </reporter-output>
        </test-method> <!-- setUp -->
        <test-method status="PASS" signature="verifyDetailsDisplayedOnViewuserPage()[pri:19, instance:com.buffalocart.Test.ViewUserTest@e720b71]" name="verifyDetailsDisplayedOnViewuserPage" duration-ms="11831" started-at="2021-10-14T07:40:38 IST" description="TC_019_Verify  the details displayed on view user page" finished-at="2021-10-14T07:40:50 IST">
          <reporter-output>
          </reporter-output>
        </test-method> <!-- verifyDetailsDisplayedOnViewuserPage -->
        <test-method status="PASS" signature="tearDown(org.testng.ITestResult)[pri:0, instance:com.buffalocart.Test.ViewUserTest@e720b71]" name="tearDown" is-config="true" duration-ms="231" started-at="2021-10-14T07:40:50 IST" finished-at="2021-10-14T07:40:50 IST">
          <params>
            <param index="0">
              <value>
                <![CDATA[[TestResult name=verifyDetailsDisplayedOnViewuserPage status=SUCCESS method=ViewUserTest.verifyDetailsDisplayedOnViewuserPage()[pri:19, instance:com.buffalocart.Test.ViewUserTest@e720b71] output={null}]]]>
              </value>
            </param>
          </params>
          <reporter-output>
          </reporter-output>
        </test-method> <!-- tearDown -->
      </class> <!-- com.buffalocart.Test.ViewUserTest -->
      <class name="com.buffalocart.Test.LoginTest">
        <test-method status="PASS" signature="setUp(java.lang.String)[pri:0, instance:com.buffalocart.Test.LoginTest@462d5aee]" name="setUp" is-config="true" duration-ms="19922" started-at="2021-10-14T07:43:16 IST" finished-at="2021-10-14T07:43:36 IST">
          <params>
            <param index="0">
              <value>
                <![CDATA[chrome]]>
              </value>
            </param>
          </params>
          <reporter-output>
          </reporter-output>
        </test-method> <!-- setUp -->
        <test-method status="FAIL" signature="verifyLoginpageTitle()[pri:1, instance:com.buffalocart.Test.LoginTest@462d5aee]" name="verifyLoginpageTitle" duration-ms="1" started-at="2021-10-14T07:43:36 IST" description="TC_001_Verify login page title" finished-at="2021-10-14T07:43:36 IST">
          <exception class="java.lang.NullPointerException">
            <full-stacktrace>
              <![CDATA[java.lang.NullPointerException
at com.buffalocart.Test.LoginTest.verifyLoginpageTitle(LoginTest.java:25)
at sun.reflect.NativeMethodAccessorImpl.invoke0(Native Method)
at sun.reflect.NativeMethodAccessorImpl.invoke(NativeMethodAccessorImpl.java:62)
at sun.reflect.DelegatingMethodAccessorImpl.invoke(DelegatingMethodAccessorImpl.java:43)
at java.lang.reflect.Method.invoke(Method.java:498)
at org.testng.internal.MethodInvocationHelper.invokeMethod(MethodInvocationHelper.java:133)
at org.testng.internal.TestInvoker.invokeMethod(TestInvoker.java:598)
at org.testng.internal.TestInvoker.invokeTestMethod(TestInvoker.java:173)
at org.testng.internal.MethodRunner.runInSequence(MethodRunner.java:46)
at org.testng.internal.TestInvoker$MethodInvocationAgent.invoke(TestInvoker.java:824)
at org.testng.internal.TestInvoker.invokeTestMethods(TestInvoker.java:146)
at org.testng.internal.TestMethodWorker.invokeTestMethods(TestMethodWorker.java:146)
at org.testng.internal.TestMethodWorker.run(TestMethodWorker.java:128)
at java.util.ArrayList.forEach(ArrayList.java:1259)
at org.testng.TestRunner.privateRun(TestRunner.java:794)
at org.testng.TestRunner.run(TestRunner.java:596)
at org.testng.SuiteRunner.runTest(SuiteRunner.java:377)
at org.testng.SuiteRunner.runSequentially(SuiteRunner.java:371)
at org.testng.SuiteRunner.privateRun(SuiteRunner.java:332)
at org.testng.SuiteRunner.run(SuiteRunner.java:276)
at org.testng.SuiteRunnerWorker.runSuite(SuiteRunnerWorker.java:53)
at org.testng.SuiteRunnerWorker.run(SuiteRunnerWorker.java:96)
at org.testng.TestNG.runSuitesSequentially(TestNG.java:1212)
at org.testng.TestNG.runSuitesLocally(TestNG.java:1134)
at org.testng.TestNG.runSuites(TestNG.java:1063)
at org.testng.TestNG.run(TestNG.java:1031)
at org.testng.remote.AbstractRemoteTestNG.run(AbstractRemoteTestNG.java:115)
at org.testng.remote.RemoteTestNG.initAndRun(RemoteTestNG.java:251)
at org.testng.remote.RemoteTestNG.main(RemoteTestNG.java:77)
]]>
            </full-stacktrace>
          </exception> <!-- java.lang.NullPointerException -->
          <reporter-output>
          </reporter-output>
        </test-method> <!-- verifyLoginpageTitle -->
        <test-method status="PASS" signature="tearDown(org.testng.ITestResult)[pri:0, instance:com.buffalocart.Test.LoginTest@462d5aee]" name="tearDown" is-config="true" duration-ms="468" started-at="2021-10-14T07:43:36 IST" finished-at="2021-10-14T07:43:36 IST">
          <params>
            <param index="0">
              <value>
                <![CDATA[[TestResult name=verifyLoginpageTitle status=FAILURE method=LoginTest.verifyLoginpageTitle()[pri:1, instance:com.buffalocart.Test.LoginTest@462d5aee] output={null}]]]>
              </value>
            </param>
          </params>
          <reporter-output>
          </reporter-output>
        </test-method> <!-- tearDown -->
        <test-method status="PASS" signature="setUp(java.lang.String)[pri:0, instance:com.buffalocart.Test.LoginTest@462d5aee]" name="setUp" is-config="true" duration-ms="12585" started-at="2021-10-14T07:43:36 IST" finished-at="2021-10-14T07:43:49 IST">
          <params>
            <param index="0">
              <value>
                <![CDATA[chrome]]>
              </value>
            </param>
          </params>
          <reporter-output>
          </reporter-output>
        </test-method> <!-- setUp -->
        <test-method status="FAIL" signature="verifyUserLoginWithValidUserCredentials()[pri:2, instance:com.buffalocart.Test.LoginTest@462d5aee]" name="verifyUserLoginWithValidUserCredentials" duration-ms="0" started-at="2021-10-14T07:43:49 IST" description="TC_002_Verify user login with valid user credentials" finished-at="2021-10-14T07:43:49 IST">
          <exception class="java.lang.NullPointerException">
            <full-stacktrace>
              <![CDATA[java.lang.NullPointerException
at com.buffalocart.Test.LoginTest.verifyUserLoginWithValidUserCredentials(LoginTest.java:34)
at sun.reflect.NativeMethodAccessorImpl.invoke0(Native Method)
at sun.reflect.NativeMethodAccessorImpl.invoke(NativeMethodAccessorImpl.java:62)
at sun.reflect.DelegatingMethodAccessorImpl.invoke(DelegatingMethodAccessorImpl.java:43)
at java.lang.reflect.Method.invoke(Method.java:498)
at org.testng.internal.MethodInvocationHelper.invokeMethod(MethodInvocationHelper.java:133)
at org.testng.internal.TestInvoker.invokeMethod(TestInvoker.java:598)
at org.testng.internal.TestInvoker.invokeTestMethod(TestInvoker.java:173)
at org.testng.internal.MethodRunner.runInSequence(MethodRunner.java:46)
at org.testng.internal.TestInvoker$MethodInvocationAgent.invoke(TestInvoker.java:824)
at org.testng.internal.TestInvoker.invokeTestMethods(TestInvoker.java:146)
at org.testng.internal.TestMethodWorker.invokeTestMethods(TestMethodWorker.java:146)
at org.testng.internal.TestMethodWorker.run(TestMethodWorker.java:128)
at java.util.ArrayList.forEach(ArrayList.java:1259)
at org.testng.TestRunner.privateRun(TestRunner.java:794)
at org.testng.TestRunner.run(TestRunner.java:596)
at org.testng.SuiteRunner.runTest(SuiteRunner.java:377)
at org.testng.SuiteRunner.runSequentially(SuiteRunner.java:371)
at org.testng.SuiteRunner.privateRun(SuiteRunner.java:332)
at org.testng.SuiteRunner.run(SuiteRunner.java:276)
at org.testng.SuiteRunnerWorker.runSuite(SuiteRunnerWorker.java:53)
at org.testng.SuiteRunnerWorker.run(SuiteRunnerWorker.java:96)
at org.testng.TestNG.runSuitesSequentially(TestNG.java:1212)
at org.testng.TestNG.runSuitesLocally(TestNG.java:1134)
at org.testng.TestNG.runSuites(TestNG.java:1063)
at org.testng.TestNG.run(TestNG.java:1031)
at org.testng.remote.AbstractRemoteTestNG.run(AbstractRemoteTestNG.java:115)
at org.testng.remote.RemoteTestNG.initAndRun(RemoteTestNG.java:251)
at org.testng.remote.RemoteTestNG.main(RemoteTestNG.java:77)
]]>
            </full-stacktrace>
          </exception> <!-- java.lang.NullPointerException -->
          <reporter-output>
          </reporter-output>
        </test-method> <!-- verifyUserLoginWithValidUserCredentials -->
        <test-method status="PASS" signature="tearDown(org.testng.ITestResult)[pri:0, instance:com.buffalocart.Test.LoginTest@462d5aee]" name="tearDown" is-config="true" duration-ms="2044" started-at="2021-10-14T07:43:49 IST" finished-at="2021-10-14T07:43:51 IST">
          <params>
            <param index="0">
              <value>
                <![CDATA[[TestResult name=verifyUserLoginWithValidUserCredentials status=FAILURE method=LoginTest.verifyUserLoginWithValidUserCredentials()[pri:2, instance:com.buffalocart.Test.LoginTest@462d5aee] output={null}]]]>
              </value>
            </param>
          </params>
          <reporter-output>
          </reporter-output>
        </test-method> <!-- tearDown -->
        <test-method status="PASS" signature="setUp(java.lang.String)[pri:0, instance:com.buffalocart.Test.LoginTest@462d5aee]" name="setUp" is-config="true" duration-ms="12640" started-at="2021-10-14T07:43:51 IST" finished-at="2021-10-14T07:44:04 IST">
          <params>
            <param index="0">
              <value>
                <![CDATA[chrome]]>
              </value>
            </param>
          </params>
          <reporter-output>
          </reporter-output>
        </test-method> <!-- setUp -->
        <test-method status="FAIL" signature="verifyUserLoginWithInvalidUserCredentials()[pri:3, instance:com.buffalocart.Test.LoginTest@462d5aee]" name="verifyUserLoginWithInvalidUserCredentials" duration-ms="2" started-at="2021-10-14T07:44:04 IST" description="TC_003_Verify the error message displayed for user login with invalid credentials" finished-at="2021-10-14T07:44:04 IST">
          <exception class="java.lang.NullPointerException">
            <full-stacktrace>
              <![CDATA[java.lang.NullPointerException
at com.buffalocart.Test.LoginTest.verifyUserLoginWithInvalidUserCredentials(LoginTest.java:52)
at sun.reflect.NativeMethodAccessorImpl.invoke0(Native Method)
at sun.reflect.NativeMethodAccessorImpl.invoke(NativeMethodAccessorImpl.java:62)
at sun.reflect.DelegatingMethodAccessorImpl.invoke(DelegatingMethodAccessorImpl.java:43)
at java.lang.reflect.Method.invoke(Method.java:498)
at org.testng.internal.MethodInvocationHelper.invokeMethod(MethodInvocationHelper.java:133)
at org.testng.internal.TestInvoker.invokeMethod(TestInvoker.java:598)
at org.testng.internal.TestInvoker.invokeTestMethod(TestInvoker.java:173)
at org.testng.internal.MethodRunner.runInSequence(MethodRunner.java:46)
at org.testng.internal.TestInvoker$MethodInvocationAgent.invoke(TestInvoker.java:824)
at org.testng.internal.TestInvoker.invokeTestMethods(TestInvoker.java:146)
at org.testng.internal.TestMethodWorker.invokeTestMethods(TestMethodWorker.java:146)
at org.testng.internal.TestMethodWorker.run(TestMethodWorker.java:128)
at java.util.ArrayList.forEach(ArrayList.java:1259)
at org.testng.TestRunner.privateRun(TestRunner.java:794)
at org.testng.TestRunner.run(TestRunner.java:596)
at org.testng.SuiteRunner.runTest(SuiteRunner.java:377)
at org.testng.SuiteRunner.runSequentially(SuiteRunner.java:371)
at org.testng.SuiteRunner.privateRun(SuiteRunner.java:332)
at org.testng.SuiteRunner.run(SuiteRunner.java:276)
at org.testng.SuiteRunnerWorker.runSuite(SuiteRunnerWorker.java:53)
at org.testng.SuiteRunnerWorker.run(SuiteRunnerWorker.java:96)
at org.testng.TestNG.runSuitesSequentially(TestNG.java:1212)
at org.testng.TestNG.runSuitesLocally(TestNG.java:1134)
at org.testng.TestNG.runSuites(TestNG.java:1063)
at org.testng.TestNG.run(TestNG.java:1031)
at org.testng.remote.AbstractRemoteTestNG.run(AbstractRemoteTestNG.java:115)
at org.testng.remote.RemoteTestNG.initAndRun(RemoteTestNG.java:251)
at org.testng.remote.RemoteTestNG.main(RemoteTestNG.java:77)
]]>
            </full-stacktrace>
          </exception> <!-- java.lang.NullPointerException -->
          <reporter-output>
          </reporter-output>
        </test-method> <!-- verifyUserLoginWithInvalidUserCredentials -->
        <test-method status="PASS" signature="tearDown(org.testng.ITestResult)[pri:0, instance:com.buffalocart.Test.LoginTest@462d5aee]" name="tearDown" is-config="true" duration-ms="1858" started-at="2021-10-14T07:44:04 IST" finished-at="2021-10-14T07:44:05 IST">
          <params>
            <param index="0">
              <value>
                <![CDATA[[TestResult name=verifyUserLoginWithInvalidUserCredentials status=FAILURE method=LoginTest.verifyUserLoginWithInvalidUserCredentials()[pri:3, instance:com.buffalocart.Test.LoginTest@462d5aee] output={null}]]]>
              </value>
            </param>
          </params>
          <reporter-output>
          </reporter-output>
        </test-method> <!-- tearDown -->
        <test-method status="PASS" signature="setUp(java.lang.String)[pri:0, instance:com.buffalocart.Test.LoginTest@462d5aee]" name="setUp" is-config="true" duration-ms="12978" started-at="2021-10-14T07:44:05 IST" finished-at="2021-10-14T07:44:18 IST">
          <params>
            <param index="0">
              <value>
                <![CDATA[chrome]]>
              </value>
            </param>
          </params>
          <reporter-output>
          </reporter-output>
        </test-method> <!-- setUp -->
        <test-method status="FAIL" signature="verifyUserAbleToClickOnRememeberMeCheckbox()[pri:4, instance:com.buffalocart.Test.LoginTest@462d5aee]" name="verifyUserAbleToClickOnRememeberMeCheckbox" duration-ms="1" started-at="2021-10-14T07:44:18 IST" description="TC_004_Verify User is able to click on rememeberme Checkbox" finished-at="2021-10-14T07:44:18 IST">
          <exception class="java.lang.NullPointerException">
            <full-stacktrace>
              <![CDATA[java.lang.NullPointerException
at com.buffalocart.Test.LoginTest.verifyUserAbleToClickOnRememeberMeCheckbox(LoginTest.java:65)
at sun.reflect.NativeMethodAccessorImpl.invoke0(Native Method)
at sun.reflect.NativeMethodAccessorImpl.invoke(NativeMethodAccessorImpl.java:62)
at sun.reflect.DelegatingMethodAccessorImpl.invoke(DelegatingMethodAccessorImpl.java:43)
at java.lang.reflect.Method.invoke(Method.java:498)
at org.testng.internal.MethodInvocationHelper.invokeMethod(MethodInvocationHelper.java:133)
at org.testng.internal.TestInvoker.invokeMethod(TestInvoker.java:598)
at org.testng.internal.TestInvoker.invokeTestMethod(TestInvoker.java:173)
at org.testng.internal.MethodRunner.runInSequence(MethodRunner.java:46)
at org.testng.internal.TestInvoker$MethodInvocationAgent.invoke(TestInvoker.java:824)
at org.testng.internal.TestInvoker.invokeTestMethods(TestInvoker.java:146)
at org.testng.internal.TestMethodWorker.invokeTestMethods(TestMethodWorker.java:146)
at org.testng.internal.TestMethodWorker.run(TestMethodWorker.java:128)
at java.util.ArrayList.forEach(ArrayList.java:1259)
at org.testng.TestRunner.privateRun(TestRunner.java:794)
at org.testng.TestRunner.run(TestRunner.java:596)
at org.testng.SuiteRunner.runTest(SuiteRunner.java:377)
at org.testng.SuiteRunner.runSequentially(SuiteRunner.java:371)
at org.testng.SuiteRunner.privateRun(SuiteRunner.java:332)
at org.testng.SuiteRunner.run(SuiteRunner.java:276)
at org.testng.SuiteRunnerWorker.runSuite(SuiteRunnerWorker.java:53)
at org.testng.SuiteRunnerWorker.run(SuiteRunnerWorker.java:96)
at org.testng.TestNG.runSuitesSequentially(TestNG.java:1212)
at org.testng.TestNG.runSuitesLocally(TestNG.java:1134)
at org.testng.TestNG.runSuites(TestNG.java:1063)
at org.testng.TestNG.run(TestNG.java:1031)
at org.testng.remote.AbstractRemoteTestNG.run(AbstractRemoteTestNG.java:115)
at org.testng.remote.RemoteTestNG.initAndRun(RemoteTestNG.java:251)
at org.testng.remote.RemoteTestNG.main(RemoteTestNG.java:77)
]]>
            </full-stacktrace>
          </exception> <!-- java.lang.NullPointerException -->
          <reporter-output>
          </reporter-output>
        </test-method> <!-- verifyUserAbleToClickOnRememeberMeCheckbox -->
        <test-method status="PASS" signature="tearDown(org.testng.ITestResult)[pri:0, instance:com.buffalocart.Test.LoginTest@462d5aee]" name="tearDown" is-config="true" duration-ms="1421" started-at="2021-10-14T07:44:18 IST" finished-at="2021-10-14T07:44:20 IST">
          <params>
            <param index="0">
              <value>
                <![CDATA[[TestResult name=verifyUserAbleToClickOnRememeberMeCheckbox status=FAILURE method=LoginTest.verifyUserAbleToClickOnRememeberMeCheckbox()[pri:4, instance:com.buffalocart.Test.LoginTest@462d5aee] output={null}]]]>
              </value>
            </param>
          </params>
          <reporter-output>
          </reporter-output>
        </test-method> <!-- tearDown -->
      </class> <!-- com.buffalocart.Test.LoginTest -->
      <class name="com.buffalocart.Test.RolesTest">
        <test-method status="PASS" signature="setUp(java.lang.String)[pri:0, instance:com.buffalocart.Test.RolesTest@74ad1f1f]" name="setUp" is-config="true" duration-ms="12176" started-at="2021-10-14T07:42:06 IST" finished-at="2021-10-14T07:42:18 IST">
          <params>
            <param index="0">
              <value>
                <![CDATA[chrome]]>
              </value>
            </param>
          </params>
          <reporter-output>
          </reporter-output>
        </test-method> <!-- setUp -->
        <test-method status="PASS" signature="verifyRolespageTitle()[pri:20, instance:com.buffalocart.Test.RolesTest@74ad1f1f]" name="verifyRolespageTitle" duration-ms="9511" started-at="2021-10-14T07:42:18 IST" description="TC_020_Verify Roles page title" finished-at="2021-10-14T07:42:28 IST">
          <reporter-output>
          </reporter-output>
        </test-method> <!-- verifyRolespageTitle -->
        <test-method status="PASS" signature="tearDown(org.testng.ITestResult)[pri:0, instance:com.buffalocart.Test.RolesTest@74ad1f1f]" name="tearDown" is-config="true" duration-ms="235" started-at="2021-10-14T07:42:28 IST" finished-at="2021-10-14T07:42:28 IST">
          <params>
            <param index="0">
              <value>
                <![CDATA[[TestResult name=verifyRolespageTitle status=SUCCESS method=RolesTest.verifyRolespageTitle()[pri:20, instance:com.buffalocart.Test.RolesTest@74ad1f1f] output={null}]]]>
              </value>
            </param>
          </params>
          <reporter-output>
          </reporter-output>
        </test-method> <!-- tearDown -->
        <test-method status="PASS" signature="setUp(java.lang.String)[pri:0, instance:com.buffalocart.Test.RolesTest@74ad1f1f]" name="setUp" is-config="true" duration-ms="12550" started-at="2021-10-14T07:42:28 IST" finished-at="2021-10-14T07:42:40 IST">
          <params>
            <param index="0">
              <value>
                <![CDATA[chrome]]>
              </value>
            </param>
          </params>
          <reporter-output>
          </reporter-output>
        </test-method> <!-- setUp -->
        <test-method status="FAIL" signature="verifyAddedRoleInUserAddpage()[pri:26, instance:com.buffalocart.Test.RolesTest@74ad1f1f]" name="verifyAddedRoleInUserAddpage" duration-ms="13079" started-at="2021-10-14T07:42:40 IST" description="TC_026_Verify whether the added role in Role page is listed in roles field in user add page" finished-at="2021-10-14T07:42:53 IST">
          <exception class="java.lang.AssertionError">
            <message>
              <![CDATA[The following asserts failed:
Rolename not found in user add page expected [true] but found [false]]]>
            </message>
            <full-stacktrace>
              <![CDATA[java.lang.AssertionError: The following asserts failed:
Rolename not found in user add page expected [true] but found [false]
at org.testng.asserts.SoftAssert.assertAll(SoftAssert.java:47)
at org.testng.asserts.SoftAssert.assertAll(SoftAssert.java:31)
at com.buffalocart.Test.RolesTest.verifyAddedRoleInUserAddpage(RolesTest.java:78)
at sun.reflect.NativeMethodAccessorImpl.invoke0(Native Method)
at sun.reflect.NativeMethodAccessorImpl.invoke(NativeMethodAccessorImpl.java:62)
at sun.reflect.DelegatingMethodAccessorImpl.invoke(DelegatingMethodAccessorImpl.java:43)
at java.lang.reflect.Method.invoke(Method.java:498)
at org.testng.internal.MethodInvocationHelper.invokeMethod(MethodInvocationHelper.java:133)
at org.testng.internal.TestInvoker.invokeMethod(TestInvoker.java:598)
at org.testng.internal.TestInvoker.invokeTestMethod(TestInvoker.java:173)
at org.testng.internal.MethodRunner.runInSequence(MethodRunner.java:46)
at org.testng.internal.TestInvoker$MethodInvocationAgent.invoke(TestInvoker.java:824)
at org.testng.internal.TestInvoker.invokeTestMethods(TestInvoker.java:146)
at org.testng.internal.TestMethodWorker.invokeTestMethods(TestMethodWorker.java:146)
at org.testng.internal.TestMethodWorker.run(TestMethodWorker.java:128)
at java.util.ArrayList.forEach(ArrayList.java:1259)
at org.testng.TestRunner.privateRun(TestRunner.java:794)
at org.testng.TestRunner.run(TestRunner.java:596)
at org.testng.SuiteRunner.runTest(SuiteRunner.java:377)
at org.testng.SuiteRunner.runSequentially(SuiteRunner.java:371)
at org.testng.SuiteRunner.privateRun(SuiteRunner.java:332)
at org.testng.SuiteRunner.run(SuiteRunner.java:276)
at org.testng.SuiteRunnerWorker.runSuite(SuiteRunnerWorker.java:53)
at org.testng.SuiteRunnerWorker.run(SuiteRunnerWorker.java:96)
at org.testng.TestNG.runSuitesSequentially(TestNG.java:1212)
at org.testng.TestNG.runSuitesLocally(TestNG.java:1134)
at org.testng.TestNG.runSuites(TestNG.java:1063)
at org.testng.TestNG.run(TestNG.java:1031)
at org.testng.remote.AbstractRemoteTestNG.run(AbstractRemoteTestNG.java:115)
at org.testng.remote.RemoteTestNG.initAndRun(RemoteTestNG.java:251)
at org.testng.remote.RemoteTestNG.main(RemoteTestNG.java:77)
]]>
            </full-stacktrace>
          </exception> <!-- java.lang.AssertionError -->
          <reporter-output>
          </reporter-output>
        </test-method> <!-- verifyAddedRoleInUserAddpage -->
        <test-method status="PASS" signature="tearDown(org.testng.ITestResult)[pri:0, instance:com.buffalocart.Test.RolesTest@74ad1f1f]" name="tearDown" is-config="true" duration-ms="1343" started-at="2021-10-14T07:42:53 IST" finished-at="2021-10-14T07:42:55 IST">
          <params>
            <param index="0">
              <value>
                <![CDATA[[TestResult name=verifyAddedRoleInUserAddpage status=FAILURE method=RolesTest.verifyAddedRoleInUserAddpage()[pri:26, instance:com.buffalocart.Test.RolesTest@74ad1f1f] output={null}]]]>
              </value>
            </param>
          </params>
          <reporter-output>
          </reporter-output>
        </test-method> <!-- tearDown -->
      </class> <!-- com.buffalocart.Test.RolesTest -->
      <class name="com.buffalocart.Test.ResetTest">
        <test-method status="PASS" signature="setUp(java.lang.String)[pri:0, instance:com.buffalocart.Test.ResetTest@6a1aab78]" name="setUp" is-config="true" duration-ms="16818" started-at="2021-10-14T07:42:55 IST" finished-at="2021-10-14T07:43:12 IST">
          <params>
            <param index="0">
              <value>
                <![CDATA[chrome]]>
              </value>
            </param>
          </params>
          <reporter-output>
          </reporter-output>
        </test-method> <!-- setUp -->
        <test-method status="PASS" signature="VerifyErrorMessageDisplyedOnResetpasswordWithInvalidEmailId()[pri:5, instance:com.buffalocart.Test.ResetTest@6a1aab78]" name="VerifyErrorMessageDisplyedOnResetpasswordWithInvalidEmailId" duration-ms="3973" started-at="2021-10-14T07:43:12 IST" description="TC_005_Verify error message displyed on  Reset Password page with invalid email id" finished-at="2021-10-14T07:43:16 IST">
          <reporter-output>
          </reporter-output>
        </test-method> <!-- VerifyErrorMessageDisplyedOnResetpasswordWithInvalidEmailId -->
        <test-method status="PASS" signature="tearDown(org.testng.ITestResult)[pri:0, instance:com.buffalocart.Test.ResetTest@6a1aab78]" name="tearDown" is-config="true" duration-ms="263" started-at="2021-10-14T07:43:16 IST" finished-at="2021-10-14T07:43:16 IST">
          <params>
            <param index="0">
              <value>
                <![CDATA[[TestResult name=VerifyErrorMessageDisplyedOnResetpasswordWithInvalidEmailId status=SUCCESS method=ResetTest.VerifyErrorMessageDisplyedOnResetpasswordWithInvalidEmailId()[pri:5, instance:com.buffalocart.Test.ResetTest@6a1aab78] output={null}]]]>
              </value>
            </param>
          </params>
          <reporter-output>
          </reporter-output>
        </test-method> <!-- tearDown -->
      </class> <!-- com.buffalocart.Test.ResetTest -->
      <class name="com.buffalocart.Test.SignoutTest">
        <test-method status="PASS" signature="setUp(java.lang.String)[pri:0, instance:com.buffalocart.Test.SignoutTest@6121c9d6]" name="setUp" is-config="true" duration-ms="23138" started-at="2021-10-14T07:35:53 IST" finished-at="2021-10-14T07:36:16 IST">
          <params>
            <param index="0">
              <value>
                <![CDATA[chrome]]>
              </value>
            </param>
          </params>
          <reporter-output>
          </reporter-output>
        </test-method> <!-- setUp -->
        <test-method status="PASS" signature="verifyUserNavigatingToLoginPageByClickingOnSignout()[pri:8, instance:com.buffalocart.Test.SignoutTest@6121c9d6]" name="verifyUserNavigatingToLoginPageByClickingOnSignout" duration-ms="8054" started-at="2021-10-14T07:36:16 IST" description="TC_008_Verify whether user is navigating to login page by clicking on Sign out button" finished-at="2021-10-14T07:36:25 IST">
          <reporter-output>
          </reporter-output>
        </test-method> <!-- verifyUserNavigatingToLoginPageByClickingOnSignout -->
        <test-method status="PASS" signature="tearDown(org.testng.ITestResult)[pri:0, instance:com.buffalocart.Test.SignoutTest@6121c9d6]" name="tearDown" is-config="true" duration-ms="149" started-at="2021-10-14T07:36:25 IST" finished-at="2021-10-14T07:36:25 IST">
          <params>
            <param index="0">
              <value>
                <![CDATA[[TestResult name=verifyUserNavigatingToLoginPageByClickingOnSignout status=SUCCESS method=SignoutTest.verifyUserNavigatingToLoginPageByClickingOnSignout()[pri:8, instance:com.buffalocart.Test.SignoutTest@6121c9d6] output={null}]]]>
              </value>
            </param>
          </params>
          <reporter-output>
          </reporter-output>
        </test-method> <!-- tearDown -->
      </class> <!-- com.buffalocart.Test.SignoutTest -->
      <class name="com.buffalocart.Test.DeleteUserTest">
        <test-method status="PASS" signature="setUp(java.lang.String)[pri:0, instance:com.buffalocart.Test.DeleteUserTest@4eb7f003]" name="setUp" is-config="true" duration-ms="15799" started-at="2021-10-14T07:36:50 IST" finished-at="2021-10-14T07:37:06 IST">
          <params>
            <param index="0">
              <value>
                <![CDATA[chrome]]>
              </value>
            </param>
          </params>
          <reporter-output>
          </reporter-output>
        </test-method> <!-- setUp -->
        <test-method status="FAIL" signature="verifyEditUserpageTitle()[pri:18, instance:com.buffalocart.Test.DeleteUserTest@4eb7f003]" name="verifyEditUserpageTitle" duration-ms="11122" started-at="2021-10-14T07:37:06 IST" description="TC_018_Verify user can delete a user" finished-at="2021-10-14T07:37:17 IST">
          <exception class="java.lang.NullPointerException">
            <full-stacktrace>
              <![CDATA[java.lang.NullPointerException
at com.buffalocart.Test.DeleteUserTest.verifyEditUserpageTitle(DeleteUserTest.java:44)
at sun.reflect.NativeMethodAccessorImpl.invoke0(Native Method)
at sun.reflect.NativeMethodAccessorImpl.invoke(NativeMethodAccessorImpl.java:62)
at sun.reflect.DelegatingMethodAccessorImpl.invoke(DelegatingMethodAccessorImpl.java:43)
at java.lang.reflect.Method.invoke(Method.java:498)
at org.testng.internal.MethodInvocationHelper.invokeMethod(MethodInvocationHelper.java:133)
at org.testng.internal.TestInvoker.invokeMethod(TestInvoker.java:598)
at org.testng.internal.TestInvoker.invokeTestMethod(TestInvoker.java:173)
at org.testng.internal.MethodRunner.runInSequence(MethodRunner.java:46)
at org.testng.internal.TestInvoker$MethodInvocationAgent.invoke(TestInvoker.java:824)
at org.testng.internal.TestInvoker.invokeTestMethods(TestInvoker.java:146)
at org.testng.internal.TestMethodWorker.invokeTestMethods(TestMethodWorker.java:146)
at org.testng.internal.TestMethodWorker.run(TestMethodWorker.java:128)
at java.util.ArrayList.forEach(ArrayList.java:1259)
at org.testng.TestRunner.privateRun(TestRunner.java:794)
at org.testng.TestRunner.run(TestRunner.java:596)
at org.testng.SuiteRunner.runTest(SuiteRunner.java:377)
at org.testng.SuiteRunner.runSequentially(SuiteRunner.java:371)
at org.testng.SuiteRunner.privateRun(SuiteRunner.java:332)
at org.testng.SuiteRunner.run(SuiteRunner.java:276)
at org.testng.SuiteRunnerWorker.runSuite(SuiteRunnerWorker.java:53)
at org.testng.SuiteRunnerWorker.run(SuiteRunnerWorker.java:96)
at org.testng.TestNG.runSuitesSequentially(TestNG.java:1212)
at org.testng.TestNG.runSuitesLocally(TestNG.java:1134)
at org.testng.TestNG.runSuites(TestNG.java:1063)
at org.testng.TestNG.run(TestNG.java:1031)
at org.testng.remote.AbstractRemoteTestNG.run(AbstractRemoteTestNG.java:115)
at org.testng.remote.RemoteTestNG.initAndRun(RemoteTestNG.java:251)
at org.testng.remote.RemoteTestNG.main(RemoteTestNG.java:77)
]]>
            </full-stacktrace>
          </exception> <!-- java.lang.NullPointerException -->
          <reporter-output>
          </reporter-output>
        </test-method> <!-- verifyEditUserpageTitle -->
        <test-method status="PASS" signature="tearDown(org.testng.ITestResult)[pri:0, instance:com.buffalocart.Test.DeleteUserTest@4eb7f003]" name="tearDown" is-config="true" duration-ms="2103" started-at="2021-10-14T07:37:17 IST" finished-at="2021-10-14T07:37:19 IST">
          <params>
            <param index="0">
              <value>
                <![CDATA[[TestResult name=verifyEditUserpageTitle status=FAILURE method=DeleteUserTest.verifyEditUserpageTitle()[pri:18, instance:com.buffalocart.Test.DeleteUserTest@4eb7f003] output={null}]]]>
              </value>
            </param>
          </params>
          <reporter-output>
          </reporter-output>
        </test-method> <!-- tearDown -->
      </class> <!-- com.buffalocart.Test.DeleteUserTest -->
      <class name="com.buffalocart.Test.UpdateUsersTest">
        <test-method status="PASS" signature="setUp(java.lang.String)[pri:0, instance:com.buffalocart.Test.UpdateUsersTest@612679d6]" name="setUp" is-config="true" duration-ms="18928" started-at="2021-10-14T07:38:55 IST" finished-at="2021-10-14T07:39:14 IST">
          <params>
            <param index="0">
              <value>
                <![CDATA[chrome]]>
              </value>
            </param>
          </params>
          <reporter-output>
          </reporter-output>
        </test-method> <!-- setUp -->
        <test-method status="FAIL" signature="verifyEditUserpageTitle()[pri:16, instance:com.buffalocart.Test.UpdateUsersTest@612679d6]" name="verifyEditUserpageTitle" duration-ms="10718" started-at="2021-10-14T07:39:14 IST" description="TC_016_Verify Edit User page title" finished-at="2021-10-14T07:39:25 IST">
          <exception class="java.lang.ArithmeticException">
            <message>
              <![CDATA[/ by zero]]>
            </message>
            <full-stacktrace>
              <![CDATA[java.lang.ArithmeticException: / by zero
at com.buffalocart.utilities.TableUtility.actionData(TableUtility.java:45)
at com.buffalocart.pages.UsersPage.ClickonEditButton(UsersPage.java:76)
at com.buffalocart.Test.UpdateUsersTest.verifyEditUserpageTitle(UpdateUsersTest.java:48)
at sun.reflect.NativeMethodAccessorImpl.invoke0(Native Method)
at sun.reflect.NativeMethodAccessorImpl.invoke(NativeMethodAccessorImpl.java:62)
at sun.reflect.DelegatingMethodAccessorImpl.invoke(DelegatingMethodAccessorImpl.java:43)
at java.lang.reflect.Method.invoke(Method.java:498)
at org.testng.internal.MethodInvocationHelper.invokeMethod(MethodInvocationHelper.java:133)
at org.testng.internal.TestInvoker.invokeMethod(TestInvoker.java:598)
at org.testng.internal.TestInvoker.invokeTestMethod(TestInvoker.java:173)
at org.testng.internal.MethodRunner.runInSequence(MethodRunner.java:46)
at org.testng.internal.TestInvoker$MethodInvocationAgent.invoke(TestInvoker.java:824)
at org.testng.internal.TestInvoker.invokeTestMethods(TestInvoker.java:146)
at org.testng.internal.TestMethodWorker.invokeTestMethods(TestMethodWorker.java:146)
at org.testng.internal.TestMethodWorker.run(TestMethodWorker.java:128)
at java.util.ArrayList.forEach(ArrayList.java:1259)
at org.testng.TestRunner.privateRun(TestRunner.java:794)
at org.testng.TestRunner.run(TestRunner.java:596)
at org.testng.SuiteRunner.runTest(SuiteRunner.java:377)
at org.testng.SuiteRunner.runSequentially(SuiteRunner.java:371)
at org.testng.SuiteRunner.privateRun(SuiteRunner.java:332)
at org.testng.SuiteRunner.run(SuiteRunner.java:276)
at org.testng.SuiteRunnerWorker.runSuite(SuiteRunnerWorker.java:53)
at org.testng.SuiteRunnerWorker.run(SuiteRunnerWorker.java:96)
at org.testng.TestNG.runSuitesSequentially(TestNG.java:1212)
at org.testng.TestNG.runSuitesLocally(TestNG.java:1134)
at org.testng.TestNG.runSuites(TestNG.java:1063)
at org.testng.TestNG.run(TestNG.java:1031)
at org.testng.remote.AbstractRemoteTestNG.run(AbstractRemoteTestNG.java:115)
at org.testng.remote.RemoteTestNG.initAndRun(RemoteTestNG.java:251)
at org.testng.remote.RemoteTestNG.main(RemoteTestNG.java:77)
]]>
            </full-stacktrace>
          </exception> <!-- java.lang.ArithmeticException -->
          <reporter-output>
          </reporter-output>
        </test-method> <!-- verifyEditUserpageTitle -->
        <test-method status="PASS" signature="tearDown(org.testng.ITestResult)[pri:0, instance:com.buffalocart.Test.UpdateUsersTest@612679d6]" name="tearDown" is-config="true" duration-ms="4191" started-at="2021-10-14T07:39:25 IST" finished-at="2021-10-14T07:39:29 IST">
          <params>
            <param index="0">
              <value>
                <![CDATA[[TestResult name=verifyEditUserpageTitle status=FAILURE method=UpdateUsersTest.verifyEditUserpageTitle()[pri:16, instance:com.buffalocart.Test.UpdateUsersTest@612679d6] output={null}]]]>
              </value>
            </param>
          </params>
          <reporter-output>
          </reporter-output>
        </test-method> <!-- tearDown -->
        <test-method status="PASS" signature="setUp(java.lang.String)[pri:0, instance:com.buffalocart.Test.UpdateUsersTest@612679d6]" name="setUp" is-config="true" duration-ms="12906" started-at="2021-10-14T07:39:29 IST" finished-at="2021-10-14T07:39:42 IST">
          <params>
            <param index="0">
              <value>
                <![CDATA[chrome]]>
              </value>
            </param>
          </params>
          <reporter-output>
          </reporter-output>
        </test-method> <!-- setUp -->
        <test-method status="FAIL" signature="verifyUserCanEditUserDetails()[pri:17, instance:com.buffalocart.Test.UpdateUsersTest@612679d6]" name="verifyUserCanEditUserDetails" duration-ms="9772" started-at="2021-10-14T07:39:42 IST" description="TC_017_Verify user can edit the user details " finished-at="2021-10-14T07:39:52 IST">
          <exception class="org.openqa.selenium.NoSuchElementException">
            <message>
              <![CDATA[no such element: Unable to locate element: {"method":"css selector","selector":"#last_name"}
  (Session info: chrome=94.0.4606.81)
For documentation on this error, please visit: https://www.seleniumhq.org/exceptions/no_such_element.html
Build info: version: '3.141.59', revision: 'e82be7d358', time: '2018-11-14T08:17:03'
System info: host: 'ACHUS_MACHINE', ip: '192.168.1.101', os.name: 'Windows 10', os.arch: 'amd64', os.version: '10.0', java.version: '1.8.0_301'
Driver info: org.openqa.selenium.chrome.ChromeDriver
Capabilities {acceptInsecureCerts: false, browserName: chrome, browserVersion: 94.0.4606.81, chrome: {chromedriverVersion: 94.0.4606.61 (418b78f5838ed..., userDataDir: C:\Users\archa\AppData\Loca...}, goog:chromeOptions: {debuggerAddress: localhost:61312}, javascriptEnabled: true, networkConnectionEnabled: false, pageLoadStrategy: normal, platform: WINDOWS, platformName: WINDOWS, proxy: Proxy(), setWindowRect: true, strictFileInteractability: false, timeouts: {implicit: 0, pageLoad: 300000, script: 30000}, unhandledPromptBehavior: dismiss and notify, webauthn:extension:credBlob: true, webauthn:extension:largeBlob: true, webauthn:virtualAuthenticators: true}
Session ID: 150eb4f0c0cf29d9b65e0cb2ce3d514c
*** Element info: {Using=id, value=last_name}]]>
            </message>
            <full-stacktrace>
              <![CDATA[org.openqa.selenium.NoSuchElementException: no such element: Unable to locate element: {"method":"css selector","selector":"#last_name"}
  (Session info: chrome=94.0.4606.81)
For documentation on this error, please visit: https://www.seleniumhq.org/exceptions/no_such_element.html
Build info: version: '3.141.59', revision: 'e82be7d358', time: '2018-11-14T08:17:03'
System info: host: 'ACHUS_MACHINE', ip: '192.168.1.101', os.name: 'Windows 10', os.arch: 'amd64', os.version: '10.0', java.version: '1.8.0_301'
Driver info: org.openqa.selenium.chrome.ChromeDriver
Capabilities {acceptInsecureCerts: false, browserName: chrome, browserVersion: 94.0.4606.81, chrome: {chromedriverVersion: 94.0.4606.61 (418b78f5838ed..., userDataDir: C:\Users\archa\AppData\Loca...}, goog:chromeOptions: {debuggerAddress: localhost:61312}, javascriptEnabled: true, networkConnectionEnabled: false, pageLoadStrategy: normal, platform: WINDOWS, platformName: WINDOWS, proxy: Proxy(), setWindowRect: true, strictFileInteractability: false, timeouts: {implicit: 0, pageLoad: 300000, script: 30000}, unhandledPromptBehavior: dismiss and notify, webauthn:extension:credBlob: true, webauthn:extension:largeBlob: true, webauthn:virtualAuthenticators: true}
Session ID: 150eb4f0c0cf29d9b65e0cb2ce3d514c
*** Element info: {Using=id, value=last_name}
at sun.reflect.NativeConstructorAccessorImpl.newInstance0(Native Method)
at sun.reflect.NativeConstructorAccessorImpl.newInstance(NativeConstructorAccessorImpl.java:62)
at sun.reflect.DelegatingConstructorAccessorImpl.newInstance(DelegatingConstructorAccessorImpl.java:45)
at java.lang.reflect.Constructor.newInstance(Constructor.java:423)
at org.openqa.selenium.remote.http.W3CHttpResponseCodec.createException(W3CHttpResponseCodec.java:187)
at org.openqa.selenium.remote.http.W3CHttpResponseCodec.decode(W3CHttpResponseCodec.java:122)
at org.openqa.selenium.remote.http.W3CHttpResponseCodec.decode(W3CHttpResponseCodec.java:49)
at org.openqa.selenium.remote.HttpCommandExecutor.execute(HttpCommandExecutor.java:158)
at org.openqa.selenium.remote.service.DriverCommandExecutor.execute(DriverCommandExecutor.java:83)
at org.openqa.selenium.remote.RemoteWebDriver.execute(RemoteWebDriver.java:552)
at org.openqa.selenium.remote.RemoteWebDriver.findElement(RemoteWebDriver.java:323)
at org.openqa.selenium.remote.RemoteWebDriver.findElementById(RemoteWebDriver.java:372)
at org.openqa.selenium.By$ById.findElement(By.java:188)
at org.openqa.selenium.remote.RemoteWebDriver.findElement(RemoteWebDriver.java:315)
at org.openqa.selenium.support.pagefactory.DefaultElementLocator.findElement(DefaultElementLocator.java:69)
at org.openqa.selenium.support.pagefactory.internal.LocatingElementHandler.invoke(LocatingElementHandler.java:38)
at com.sun.proxy.$Proxy12.sendKeys(Unknown Source)
at com.buffalocart.utilities.PageUtility.enterText(PageUtility.java:22)
at com.buffalocart.pages.UpdateUsersPage.enterEditUsersLastname(UpdateUsersPage.java:45)
at com.buffalocart.Test.UpdateUsersTest.verifyUserCanEditUserDetails(UpdateUsersTest.java:74)
at sun.reflect.NativeMethodAccessorImpl.invoke0(Native Method)
at sun.reflect.NativeMethodAccessorImpl.invoke(NativeMethodAccessorImpl.java:62)
at sun.reflect.DelegatingMethodAccessorImpl.invoke(DelegatingMethodAccessorImpl.java:43)
at java.lang.reflect.Method.invoke(Method.java:498)
at org.testng.internal.MethodInvocationHelper.invokeMethod(MethodInvocationHelper.java:133)
at org.testng.internal.TestInvoker.invokeMethod(TestInvoker.java:598)
at org.testng.internal.TestInvoker.invokeTestMethod(TestInvoker.java:173)
at org.testng.internal.MethodRunner.runInSequence(MethodRunner.java:46)
at org.testng.internal.TestInvoker$MethodInvocationAgent.invoke(TestInvoker.java:824)
at org.testng.internal.TestInvoker.invokeTestMethods(TestInvoker.java:146)
at org.testng.internal.TestMethodWorker.invokeTestMethods(TestMethodWorker.java:146)
at org.testng.internal.TestMethodWorker.run(TestMethodWorker.java:128)
at java.util.ArrayList.forEach(ArrayList.java:1259)
at org.testng.TestRunner.privateRun(TestRunner.java:794)
at org.testng.TestRunner.run(TestRunner.java:596)
at org.testng.SuiteRunner.runTest(SuiteRunner.java:377)
at org.testng.SuiteRunner.runSequentially(SuiteRunner.java:371)
at org.testng.SuiteRunner.privateRun(SuiteRunner.java:332)
at org.testng.SuiteRunner.run(SuiteRunner.java:276)
at org.testng.SuiteRunnerWorker.runSuite(SuiteRunnerWorker.java:53)
at org.testng.SuiteRunnerWorker.run(SuiteRunnerWorker.java:96)
at org.testng.TestNG.runSuitesSequentially(TestNG.java:1212)
at org.testng.TestNG.runSuitesLocally(TestNG.java:1134)
at org.testng.TestNG.runSuites(TestNG.java:1063)
at org.testng.TestNG.run(TestNG.java:1031)
at org.testng.remote.AbstractRemoteTestNG.run(AbstractRemoteTestNG.java:115)
at org.testng.remote.RemoteTestNG.initAndRun(RemoteTestNG.java:251)
at org.testng.remote.RemoteTestNG.main(RemoteTestNG.java:77)
]]>
            </full-stacktrace>
          </exception> <!-- org.openqa.selenium.NoSuchElementException -->
          <reporter-output>
          </reporter-output>
        </test-method> <!-- verifyUserCanEditUserDetails -->
        <test-method status="PASS" signature="tearDown(org.testng.ITestResult)[pri:0, instance:com.buffalocart.Test.UpdateUsersTest@612679d6]" name="tearDown" is-config="true" duration-ms="3268" started-at="2021-10-14T07:39:52 IST" finished-at="2021-10-14T07:39:55 IST">
          <params>
            <param index="0">
              <value>
                <![CDATA[[TestResult name=verifyUserCanEditUserDetails status=FAILURE method=UpdateUsersTest.verifyUserCanEditUserDetails()[pri:17, instance:com.buffalocart.Test.UpdateUsersTest@612679d6] output={null}]]]>
              </value>
            </param>
          </params>
          <reporter-output>
          </reporter-output>
        </test-method> <!-- tearDown -->
      </class> <!-- com.buffalocart.Test.UpdateUsersTest -->
      <class name="com.buffalocart.Test.HomeTest">
        <test-method status="PASS" signature="setExtentReport()[pri:0, instance:com.buffalocart.Test.HomeTest@a38d7a3]" name="setExtentReport" is-config="true" duration-ms="251" started-at="2021-10-14T07:35:00 IST" finished-at="2021-10-14T07:35:00 IST">
          <reporter-output>
          </reporter-output>
        </test-method> <!-- setExtentReport -->
        <test-method status="PASS" signature="setUp(java.lang.String)[pri:0, instance:com.buffalocart.Test.HomeTest@a38d7a3]" name="setUp" is-config="true" duration-ms="16295" started-at="2021-10-14T07:35:00 IST" finished-at="2021-10-14T07:35:17 IST">
          <params>
            <param index="0">
              <value>
                <![CDATA[chrome]]>
              </value>
            </param>
          </params>
          <reporter-output>
          </reporter-output>
        </test-method> <!-- setUp -->
        <test-method status="PASS" signature="verifyHomepageTitle()[pri:6, instance:com.buffalocart.Test.HomeTest@a38d7a3]" name="verifyHomepageTitle" duration-ms="9203" started-at="2021-10-14T07:35:17 IST" description="TC_006_Verify home page title" finished-at="2021-10-14T07:35:26 IST">
          <reporter-output>
          </reporter-output>
        </test-method> <!-- verifyHomepageTitle -->
        <test-method status="PASS" signature="tearDown(org.testng.ITestResult)[pri:0, instance:com.buffalocart.Test.HomeTest@a38d7a3]" name="tearDown" is-config="true" duration-ms="323" started-at="2021-10-14T07:35:26 IST" finished-at="2021-10-14T07:35:26 IST">
          <params>
            <param index="0">
              <value>
                <![CDATA[[TestResult name=verifyHomepageTitle status=SUCCESS method=HomeTest.verifyHomepageTitle()[pri:6, instance:com.buffalocart.Test.HomeTest@a38d7a3] output={null}]]]>
              </value>
            </param>
          </params>
          <reporter-output>
          </reporter-output>
        </test-method> <!-- tearDown -->
        <test-method status="PASS" signature="setUp(java.lang.String)[pri:0, instance:com.buffalocart.Test.HomeTest@a38d7a3]" name="setUp" is-config="true" duration-ms="15696" started-at="2021-10-14T07:35:26 IST" finished-at="2021-10-14T07:35:42 IST">
          <params>
            <param index="0">
              <value>
                <![CDATA[chrome]]>
              </value>
            </param>
          </params>
          <reporter-output>
          </reporter-output>
        </test-method> <!-- setUp -->
        <test-method status="PASS" signature="VerifyDateDisplayedInHomepage()[pri:7, instance:com.buffalocart.Test.HomeTest@a38d7a3]" name="VerifyDateDisplayedInHomepage" duration-ms="11199" started-at="2021-10-14T07:35:42 IST" description="TC_007_Verify date displayed in home page " finished-at="2021-10-14T07:35:53 IST">
          <reporter-output>
          </reporter-output>
        </test-method> <!-- VerifyDateDisplayedInHomepage -->
        <test-method status="PASS" signature="tearDown(org.testng.ITestResult)[pri:0, instance:com.buffalocart.Test.HomeTest@a38d7a3]" name="tearDown" is-config="true" duration-ms="256" started-at="2021-10-14T07:35:53 IST" finished-at="2021-10-14T07:35:53 IST">
          <params>
            <param index="0">
              <value>
                <![CDATA[[TestResult name=VerifyDateDisplayedInHomepage status=SUCCESS method=HomeTest.VerifyDateDisplayedInHomepage()[pri:7, instance:com.buffalocart.Test.HomeTest@a38d7a3] output={null}]]]>
              </value>
            </param>
          </params>
          <reporter-output>
          </reporter-output>
        </test-method> <!-- tearDown -->
        <test-method status="PASS" signature="endReport()[pri:0, instance:com.buffalocart.Test.HomeTest@a38d7a3]" name="endReport" is-config="true" duration-ms="628" started-at="2021-10-14T07:44:20 IST" finished-at="2021-10-14T07:44:20 IST">
          <reporter-output>
          </reporter-output>
        </test-method> <!-- endReport -->
      </class> <!-- com.buffalocart.Test.HomeTest -->
      <class name="com.buffalocart.Test.UserManagementTest">
        <test-method status="PASS" signature="setUp(java.lang.String)[pri:0, instance:com.buffalocart.Test.UserManagementTest@87f383f]" name="setUp" is-config="true" duration-ms="14072" started-at="2021-10-14T07:36:25 IST" finished-at="2021-10-14T07:36:39 IST">
          <params>
            <param index="0">
              <value>
                <![CDATA[chrome]]>
              </value>
            </param>
          </params>
          <reporter-output>
          </reporter-output>
        </test-method> <!-- setUp -->
        <test-method status="PASS" signature="verifyUserManagementSubTabs()[pri:9, instance:com.buffalocart.Test.UserManagementTest@87f383f]" name="verifyUserManagementSubTabs" duration-ms="11182" started-at="2021-10-14T07:36:39 IST" description="TC_009_Verify the Usermanagement sub tabs" finished-at="2021-10-14T07:36:50 IST">
          <reporter-output>
          </reporter-output>
        </test-method> <!-- verifyUserManagementSubTabs -->
        <test-method status="PASS" signature="tearDown(org.testng.ITestResult)[pri:0, instance:com.buffalocart.Test.UserManagementTest@87f383f]" name="tearDown" is-config="true" duration-ms="183" started-at="2021-10-14T07:36:50 IST" finished-at="2021-10-14T07:36:50 IST">
          <params>
            <param index="0">
              <value>
                <![CDATA[[TestResult name=verifyUserManagementSubTabs status=SUCCESS method=UserManagementTest.verifyUserManagementSubTabs()[pri:9, instance:com.buffalocart.Test.UserManagementTest@87f383f] output={null}]]]>
              </value>
            </param>
          </params>
          <reporter-output>
          </reporter-output>
        </test-method> <!-- tearDown -->
      </class> <!-- com.buffalocart.Test.UserManagementTest -->
    </test> <!-- Test -->
  </suite> <!-- Suite -->
</testng-results>
